0 verbose cli /opt/homebrew/Cellar/node/25.8.0/bin/node /opt/homebrew/bin/npm
1 info using npm@11.11.0
2 info using node@v25.8.0
3 silly config load:file:/opt/homebrew/lib/node_modules/npm/npmrc
4 silly config load:file:/Users/enriquevaleros/.openclaw/workspace/evtradelabs-site/.npmrc
5 silly config load:file:/Users/enriquevaleros/.npmrc
6 silly config load:file:/opt/homebrew/etc/npmrc
7 verbose title npm install wrangler@latest
8 verbose argv "install" "--save-dev" "--force" "wrangler@latest"
9 verbose logfile logs-max:10 dir:/Users/enriquevaleros/.openclaw/workspace/evtradelabs-site/_logs/2026-04-10T16_51_30_539Z-
10 verbose logfile /Users/enriquevaleros/.openclaw/workspace/evtradelabs-site/_logs/2026-04-10T16_51_30_539Z-debug-0.log
11 warn using --force Recommended protections disabled.
12 silly logfile start cleaning logs, removing 1 files
13 silly packumentCache heap:4496293888 maxSize:1124073472 maxEntrySize:562036736
14 silly logfile done cleaning log files
15 silly packumentCache corgi:https://registry.npmjs.org/wrangler cache-miss
16 http cache https://registry.npmjs.org/wrangler 68ms (cache hit)
17 silly packumentCache corgi:https://registry.npmjs.org/wrangler set size:15985402 disposed:false
18 silly idealTree buildDeps
19 silly fetch manifest wrangler@4.81.1
20 silly packumentCache full:https://registry.npmjs.org/wrangler cache-miss
21 http cache https://registry.npmjs.org/wrangler 22ms (cache hit)
22 silly packumentCache full:https://registry.npmjs.org/wrangler set size:29267553 disposed:false
23 silly fetch manifest @cloudflare/workers-types@^4.20260409.1
24 silly packumentCache full:https://registry.npmjs.org/@cloudflare%2fworkers-types cache-miss
25 http cache https://registry.npmjs.org/@cloudflare%2fworkers-types 2ms (cache hit)
26 silly packumentCache full:https://registry.npmjs.org/@cloudflare%2fworkers-types set size:1464690 disposed:false
27 silly placeDep ROOT wrangler@4.81.1 REPLACE for: evtradelabs-site@0.1.0 want: 4.81.1
28 silly reify moves {}
29 silly audit bulk request {
29 silly audit   '@alloc/quick-lru': [ '5.2.0' ],
29 silly audit   '@ast-grep/napi': [ '0.40.5' ],
29 silly audit   '@ast-grep/napi-darwin-arm64': [ '0.40.5' ],
29 silly audit   '@ast-grep/napi-darwin-x64': [ '0.40.5' ],
29 silly audit   '@ast-grep/napi-linux-arm64-gnu': [ '0.40.5' ],
29 silly audit   '@ast-grep/napi-linux-arm64-musl': [ '0.40.5' ],
29 silly audit   '@ast-grep/napi-linux-x64-gnu': [ '0.40.5' ],
29 silly audit   '@ast-grep/napi-linux-x64-musl': [ '0.40.5' ],
29 silly audit   '@ast-grep/napi-win32-arm64-msvc': [ '0.40.5' ],
29 silly audit   '@ast-grep/napi-win32-ia32-msvc': [ '0.40.5' ],
29 silly audit   '@ast-grep/napi-win32-x64-msvc': [ '0.40.5' ],
29 silly audit   '@auth/prisma-adapter': [ '2.11.1' ],
29 silly audit   '@auth/core': [ '0.41.1' ],
29 silly audit   jose: [ '6.2.2', '5.9.6' ],
29 silly audit   '@aws-crypto/crc32': [ '5.2.0' ],
29 silly audit   '@aws-crypto/crc32c': [ '5.2.0' ],
29 silly audit   '@aws-crypto/sha1-browser': [ '5.2.0' ],
29 silly audit   '@smithy/is-array-buffer': [ '2.2.0', '4.2.2' ],
29 silly audit   '@smithy/util-buffer-from': [ '2.2.0', '4.2.2' ],
29 silly audit   '@smithy/util-utf8': [ '2.3.0', '4.2.2' ],
29 silly audit   '@aws-crypto/sha256-browser': [ '5.2.0' ],
29 silly audit   '@aws-crypto/sha256-js': [ '5.2.0' ],
29 silly audit   '@aws-crypto/supports-web-crypto': [ '5.2.0' ],
29 silly audit   '@aws-crypto/util': [ '5.2.0' ],
29 silly audit   '@aws-sdk/client-cloudfront': [ '3.984.0' ],
29 silly audit   '@aws-sdk/client-dynamodb': [ '3.984.0' ],
29 silly audit   '@aws-sdk/client-lambda': [ '3.984.0' ],
29 silly audit   '@aws-sdk/client-s3': [ '3.984.0' ],
29 silly audit   '@aws-sdk/client-sqs': [ '3.984.0' ],
29 silly audit   '@aws-sdk/core': [ '3.973.27' ],
29 silly audit   '@aws-sdk/crc64-nvme': [ '3.972.6' ],
29 silly audit   '@aws-sdk/credential-provider-env': [ '3.972.25' ],
29 silly audit   '@aws-sdk/credential-provider-http': [ '3.972.27' ],
29 silly audit   '@aws-sdk/credential-provider-ini': [ '3.972.29' ],
29 silly audit   '@aws-sdk/credential-provider-login': [ '3.972.29' ],
29 silly audit   '@aws-sdk/credential-provider-node': [ '3.972.30' ],
29 silly audit   '@aws-sdk/credential-provider-process': [ '3.972.25' ],
29 silly audit   '@aws-sdk/credential-provider-sso': [ '3.972.29' ],
29 silly audit   '@aws-sdk/credential-provider-web-identity': [ '3.972.29' ],
29 silly audit   '@aws-sdk/dynamodb-codec': [ '3.972.28' ],
29 silly audit   '@aws-sdk/endpoint-cache': [ '3.972.5' ],
29 silly audit   '@aws-sdk/middleware-bucket-endpoint': [ '3.972.9' ],
29 silly audit   '@aws-sdk/middleware-endpoint-discovery': [ '3.972.10' ],
29 silly audit   '@aws-sdk/middleware-expect-continue': [ '3.972.9' ],
29 silly audit   '@aws-sdk/middleware-flexible-checksums': [ '3.974.7' ],
29 silly audit   '@aws-sdk/middleware-host-header': [ '3.972.9' ],
29 silly audit   '@aws-sdk/middleware-location-constraint': [ '3.972.9' ],
29 silly audit   '@aws-sdk/middleware-logger': [ '3.972.9' ],
29 silly audit   '@aws-sdk/middleware-recursion-detection': [ '3.972.10' ],
29 silly audit   '@aws-sdk/middleware-sdk-s3': [ '3.972.28' ],
29 silly audit   '@aws-sdk/middleware-sdk-sqs': [ '3.972.19' ],
29 silly audit   '@aws-sdk/middleware-ssec': [ '3.972.9' ],
29 silly audit   '@aws-sdk/middleware-user-agent': [ '3.972.29' ],
29 silly audit   '@aws-sdk/util-endpoints': [ '3.996.6', '3.984.0' ],
29 silly audit   '@aws-sdk/nested-clients': [ '3.996.19' ],
29 silly audit   '@aws-sdk/region-config-resolver': [ '3.972.11' ],
29 silly audit   '@aws-sdk/signature-v4-multi-region': [ '3.984.0' ],
29 silly audit   '@aws-sdk/token-providers': [ '3.1026.0' ],
29 silly audit   '@aws-sdk/types': [ '3.973.7' ],
29 silly audit   '@aws-sdk/util-arn-parser': [ '3.972.3' ],
29 silly audit   '@aws-sdk/util-locate-window': [ '3.965.5' ],
29 silly audit   '@aws-sdk/util-user-agent-browser': [ '3.972.9' ],
29 silly audit   '@aws-sdk/util-user-agent-node': [ '3.973.15' ],
29 silly audit   '@aws-sdk/xml-builder': [ '3.972.17' ],
29 silly audit   '@aws/lambda-invoke-store': [ '0.2.4' ],
29 silly audit   '@babel/code-frame': [ '7.29.0' ],
29 silly audit   '@babel/compat-data': [ '7.29.0' ],
29 silly audit   '@babel/core': [ '7.29.0' ],
29 silly audit   '@babel/generator': [ '7.29.1' ],
29 silly audit   '@babel/helper-compilation-targets': [ '7.28.6' ],
29 silly audit   '@babel/helper-globals': [ '7.28.0' ],
29 silly audit   '@babel/helper-module-imports': [ '7.28.6' ],
29 silly audit   '@babel/helper-module-transforms': [ '7.28.6' ],
29 silly audit   '@babel/helper-string-parser': [ '7.27.1' ],
29 silly audit   '@babel/helper-validator-identifier': [ '7.28.5' ],
29 silly audit   '@babel/helper-validator-option': [ '7.27.1' ],
29 silly audit   '@babel/helpers': [ '7.29.2' ],
29 silly audit   '@babel/parser': [ '7.29.2' ],
29 silly audit   '@babel/template': [ '7.28.6' ],
29 silly audit   '@babel/traverse': [ '7.29.0' ],
29 silly audit   '@babel/types': [ '7.29.0' ],
29 silly audit   '@bytecodealliance/preview2-shim': [ '0.17.6' ],
29 silly audit   '@cloudflare/kv-asset-handler': [ '0.4.2' ],
29 silly audit   '@cloudflare/unenv-preset': [ '2.16.0' ],
29 silly audit   '@cloudflare/workerd-darwin-64': [ '1.20260409.1' ],
29 silly audit   '@cloudflare/workerd-darwin-arm64': [ '1.20260409.1' ],
29 silly audit   '@cloudflare/workerd-linux-64': [ '1.20260409.1' ],
29 silly audit   '@cloudflare/workerd-linux-arm64': [ '1.20260409.1' ],
29 silly audit   '@cloudflare/workerd-windows-64': [ '1.20260409.1' ],
29 silly audit   '@cspotcode/source-map-support': [ '0.8.1' ],
29 silly audit   '@jridgewell/trace-mapping': [ '0.3.9', '0.3.31' ],
29 silly audit   '@dotenvx/dotenvx': [ '1.31.0' ],
29 silly audit   execa: [ '5.1.1', '3.2.0' ],
29 silly audit   fdir: [ '6.5.0' ],
29 silly audit   'get-stream': [ '6.0.1', '5.2.0' ],
29 silly audit   'human-signals': [ '2.1.0', '1.1.1' ],
29 silly audit   isexe: [ '3.1.5', '2.0.0' ],
29 silly audit   picomatch: [ '4.0.4', '2.3.2' ],
29 silly audit   'signal-exit': [ '3.0.7', '4.0.2' ],
29 silly audit   which: [ '4.0.0', '2.0.2' ],
29 silly audit   '@ecies/ciphers': [ '0.2.6' ],
29 silly audit   '@edge-runtime/format': [ '2.2.1' ],
29 silly audit   '@edge-runtime/node-utils': [ '2.3.0' ],
29 silly audit   '@edge-runtime/ponyfill': [ '2.4.2' ],
29 silly audit   '@edge-runtime/primitives': [ '4.1.0' ],
29 silly audit   '@edge-runtime/vm': [ '3.2.0' ],
29 silly audit   '@emnapi/core': [ '1.9.1' ],
29 silly audit   '@emnapi/runtime': [ '1.9.1' ],
29 silly audit   '@emnapi/wasi-threads': [ '1.2.0' ],
29 silly audit   '@esbuild/aix-ppc64': [ '0.27.0', '0.25.4', '0.27.3' ],
29 silly audit   '@esbuild/android-arm': [ '0.27.0', '0.25.4', '0.27.3' ],
29 silly audit   '@esbuild/android-arm64': [ '0.27.0', '0.25.4', '0.27.3' ],
29 silly audit   '@esbuild/android-x64': [ '0.27.0', '0.25.4', '0.27.3' ],
29 silly audit   '@esbuild/darwin-arm64': [ '0.27.0', '0.25.4', '0.27.3' ],
29 silly audit   '@esbuild/darwin-x64': [ '0.27.0', '0.25.4', '0.27.3' ],
29 silly audit   '@esbuild/freebsd-arm64': [ '0.27.0', '0.25.4', '0.27.3' ],
29 silly audit   '@esbuild/freebsd-x64': [ '0.27.0', '0.25.4', '0.27.3' ],
29 silly audit   '@esbuild/linux-arm': [ '0.27.0', '0.25.4', '0.27.3' ],
29 silly audit   '@esbuild/linux-arm64': [ '0.27.0', '0.25.4', '0.27.3' ],
29 silly audit   '@esbuild/linux-ia32': [ '0.27.0', '0.25.4', '0.27.3' ],
29 silly audit   '@esbuild/linux-loong64': [ '0.27.0', '0.25.4', '0.27.3' ],
29 silly audit   '@esbuild/linux-mips64el': [ '0.27.0', '0.25.4', '0.27.3' ],
29 silly audit   '@esbuild/linux-ppc64': [ '0.27.0', '0.25.4', '0.27.3' ],
29 silly audit   '@esbuild/linux-riscv64': [ '0.27.0', '0.25.4', '0.27.3' ],
29 silly audit   '@esbuild/linux-s390x': [ '0.27.0', '0.25.4', '0.27.3' ],
29 silly audit   '@esbuild/linux-x64': [ '0.27.0', '0.25.4', '0.27.3' ],
29 silly audit   '@esbuild/netbsd-arm64': [ '0.27.0', '0.25.4', '0.27.3' ],
29 silly audit   '@esbuild/netbsd-x64': [ '0.27.0', '0.25.4', '0.27.3' ],
29 silly audit   '@esbuild/openbsd-arm64': [ '0.27.0', '0.25.4', '0.27.3' ],
29 silly audit   '@esbuild/openbsd-x64': [ '0.27.0', '0.25.4', '0.27.3' ],
29 silly audit   '@esbuild/openharmony-arm64': [ '0.27.0', '0.27.3' ],
29 silly audit   '@esbuild/sunos-x64': [ '0.27.0', '0.25.4', '0.27.3' ],
29 silly audit   '@esbuild/win32-arm64': [ '0.27.0', '0.25.4', '0.27.3' ],
29 silly audit   '@esbuild/win32-ia32': [ '0.27.0', '0.25.4', '0.27.3' ],
29 silly audit   '@esbuild/win32-x64': [ '0.27.0', '0.25.4', '0.27.3' ],
29 silly audit   '@eslint-community/eslint-utils': [ '4.9.1' ],
29 silly audit   'eslint-visitor-keys': [ '3.4.3', '5.0.1', '4.2.1' ],
29 silly audit   '@eslint-community/regexpp': [ '4.12.2' ],
29 silly audit   '@eslint/config-array': [ '0.21.2' ],
29 silly audit   '@eslint/config-helpers': [ '0.4.2' ],
29 silly audit   '@eslint/core': [ '0.17.0' ],
29 silly audit   '@eslint/eslintrc': [ '3.3.5' ],
29 silly audit   '@eslint/js': [ '9.39.4' ],
29 silly audit   '@eslint/object-schema': [ '2.1.7' ],
29 silly audit   '@eslint/plugin-kit': [ '0.4.1' ],
29 silly audit   '@fastify/busboy': [ '2.1.1' ],
29 silly audit   '@humanfs/core': [ '0.19.1' ],
29 silly audit   '@humanfs/node': [ '0.16.7' ],
29 silly audit   '@humanwhocodes/module-importer': [ '1.0.1' ],
29 silly audit   '@humanwhocodes/retry': [ '0.4.3' ],
29 silly audit   '@img/colour': [ '1.1.0' ],
29 silly audit   '@img/sharp-darwin-arm64': [ '0.34.5' ],
29 silly audit   '@img/sharp-darwin-x64': [ '0.34.5' ],
29 silly audit   '@img/sharp-libvips-darwin-arm64': [ '1.2.4' ],
29 silly audit   '@img/sharp-libvips-darwin-x64': [ '1.2.4' ],
29 silly audit   '@img/sharp-libvips-linux-arm': [ '1.2.4' ],
29 silly audit   '@img/sharp-libvips-linux-arm64': [ '1.2.4' ],
29 silly audit   '@img/sharp-libvips-linux-ppc64': [ '1.2.4' ],
29 silly audit   '@img/sharp-libvips-linux-riscv64': [ '1.2.4' ],
29 silly audit   '@img/sharp-libvips-linux-s390x': [ '1.2.4' ],
29 silly audit   '@img/sharp-libvips-linux-x64': [ '1.2.4' ],
29 silly audit   '@img/sharp-libvips-linuxmusl-arm64': [ '1.2.4' ],
29 silly audit   '@img/sharp-libvips-linuxmusl-x64': [ '1.2.4' ],
29 silly audit   '@img/sharp-linux-arm': [ '0.34.5' ],
29 silly audit   '@img/sharp-linux-arm64': [ '0.34.5' ],
29 silly audit   '@img/sharp-linux-ppc64': [ '0.34.5' ],
29 silly audit   '@img/sharp-linux-riscv64': [ '0.34.5' ],
29 silly audit   '@img/sharp-linux-s390x': [ '0.34.5' ],
29 silly audit   '@img/sharp-linux-x64': [ '0.34.5' ],
29 silly audit   '@img/sharp-linuxmusl-arm64': [ '0.34.5' ],
29 silly audit   '@img/sharp-linuxmusl-x64': [ '0.34.5' ],
29 silly audit   '@img/sharp-wasm32': [ '0.34.5' ],
29 silly audit   '@img/sharp-win32-arm64': [ '0.34.5' ],
29 silly audit   '@img/sharp-win32-ia32': [ '0.34.5' ],
29 silly audit   '@img/sharp-win32-x64': [ '0.34.5' ],
29 silly audit   '@isaacs/balanced-match': [ '4.0.1' ],
29 silly audit   '@isaacs/brace-expansion': [ '5.0.1' ],
29 silly audit   '@isaacs/cliui': [ '9.0.0' ],
29 silly audit   '@isaacs/fs-minipass': [ '4.0.1' ],
29 silly audit   '@jridgewell/gen-mapping': [ '0.3.13' ],
29 silly audit   '@jridgewell/remapping': [ '2.3.5' ],
29 silly audit   '@jridgewell/resolve-uri': [ '3.1.2' ],
29 silly audit   '@jridgewell/source-map': [ '0.3.11' ],
29 silly audit   '@jridgewell/sourcemap-codec': [ '1.5.5' ],
29 silly audit   '@mapbox/node-pre-gyp': [ '2.0.3' ],
29 silly audit   semver: [ '7.7.4', '7.5.4', '6.3.1' ],
29 silly audit   '@napi-rs/wasm-runtime': [ '0.2.12', '1.1.3' ],
29 silly audit   '@next/env': [ '16.2.1' ],
29 silly audit   '@next/eslint-plugin-next': [ '16.2.1' ],
29 silly audit   '@next/swc-darwin-arm64': [ '16.2.1' ],
29 silly audit   '@next/swc-darwin-x64': [ '16.2.1' ],
29 silly audit   '@next/swc-linux-arm64-gnu': [ '16.2.1' ],
29 silly audit   '@next/swc-linux-arm64-musl': [ '16.2.1' ],
29 silly audit   '@next/swc-linux-x64-gnu': [ '16.2.1' ],
29 silly audit   '@next/swc-linux-x64-musl': [ '16.2.1' ],
29 silly audit   '@next/swc-win32-arm64-msvc': [ '16.2.1' ],
29 silly audit   '@next/swc-win32-x64-msvc': [ '16.2.1' ],
29 silly audit   '@noble/ciphers': [ '1.3.0' ],
29 silly audit   '@noble/curves': [ '1.9.7' ],
29 silly audit   '@noble/hashes': [ '1.8.0' ],
29 silly audit   '@node-minify/core': [ '8.0.6' ],
29 silly audit   'brace-expansion': [ '2.0.3', '5.0.5', '1.1.12' ],
29 silly audit   glob: [ '9.3.5', '12.0.0', '13.0.6' ],
29 silly audit   'lru-cache': [ '10.4.3', '6.0.0', '5.1.1', '11.3.3', '7.18.3' ],
29 silly audit   minimatch: [ '8.0.7', '10.2.5', '10.2.4', '10.1.1', '3.1.5' ],
29 silly audit   minipass: [ '4.2.8', '7.1.3' ],
29 silly audit   'path-scurry': [ '1.11.1', '2.0.2' ],
29 silly audit   '@node-minify/terser': [ '8.0.6' ],
29 silly audit   '@node-minify/utils': [ '8.0.6' ],
29 silly audit   '@nodelib/fs.scandir': [ '2.1.5' ],
29 silly audit   '@nodelib/fs.stat': [ '2.0.5' ],
29 silly audit   '@nodelib/fs.walk': [ '1.2.8' ],
29 silly audit   '@nolyfill/is-core-module': [ '1.0.39' ],
29 silly audit   '@opennextjs/aws': [ '3.10.1' ],
29 silly audit   chalk: [ '5.6.2', '4.1.2' ],
29 silly audit   esbuild: [ '0.25.4', '0.27.0', '0.27.3' ],
29 silly audit   'path-to-regexp': [ '6.3.0', '8.2.0', '6.1.0', '8.3.0' ],
29 silly audit   '@opennextjs/cloudflare': [ '1.19.0' ],
29 silly audit   'balanced-match': [ '4.0.4', '1.0.2' ],
29 silly audit   '@oxc-project/types': [ '0.110.0' ],
29 silly audit   '@oxc-transform/binding-android-arm-eabi': [ '0.111.0' ],
29 silly audit   '@oxc-transform/binding-android-arm64': [ '0.111.0' ],
29 silly audit   '@oxc-transform/binding-darwin-arm64': [ '0.111.0' ],
29 silly audit   '@oxc-transform/binding-darwin-x64': [ '0.111.0' ],
29 silly audit   '@oxc-transform/binding-freebsd-x64': [ '0.111.0' ],
29 silly audit   '@oxc-transform/binding-linux-arm-gnueabihf': [ '0.111.0' ],
29 silly audit   '@oxc-transform/binding-linux-arm-musleabihf': [ '0.111.0' ],
29 silly audit   '@oxc-transform/binding-linux-arm64-gnu': [ '0.111.0' ],
29 silly audit   '@oxc-transform/binding-linux-arm64-musl': [ '0.111.0' ],
29 silly audit   '@oxc-transform/binding-linux-ppc64-gnu': [ '0.111.0' ],
29 silly audit   '@oxc-transform/binding-linux-riscv64-gnu': [ '0.111.0' ],
29 silly audit   '@oxc-transform/binding-linux-riscv64-musl': [ '0.111.0' ],
29 silly audit   '@oxc-transform/binding-linux-s390x-gnu': [ '0.111.0' ],
29 silly audit   '@oxc-transform/binding-linux-x64-gnu': [ '0.111.0' ],
29 silly audit   '@oxc-transform/binding-linux-x64-musl': [ '0.111.0' ],
29 silly audit   '@oxc-transform/binding-openharmony-arm64': [ '0.111.0' ],
29 silly audit   '@oxc-transform/binding-wasm32-wasi': [ '0.111.0' ],
29 silly audit   '@oxc-transform/binding-win32-arm64-msvc': [ '0.111.0' ],
29 silly audit   '@oxc-transform/binding-win32-ia32-msvc': [ '0.111.0' ],
29 silly audit   '@oxc-transform/binding-win32-x64-msvc': [ '0.111.0' ],
29 silly audit   '@panva/hkdf': [ '1.2.1' ],
29 silly audit   '@poppinss/colors': [ '4.1.6' ],
29 silly audit   '@poppinss/dumper': [ '0.6.5' ],
29 silly audit   'supports-color': [ '10.2.2', '7.2.0' ],
29 silly audit   '@poppinss/exception': [ '1.2.3' ],
29 silly audit   '@prisma/client': [ '5.22.0' ],
29 silly audit   '@prisma/debug': [ '5.22.0' ],
29 silly audit   '@prisma/engines': [ '5.22.0' ],
29 silly audit   '@prisma/engines-version': [ '5.22.0-44.605197351a3c8bdd595af2d2a9bc3025bca48ea2' ],
29 silly audit   '@prisma/fetch-engine': [ '5.22.0' ],
29 silly audit   '@prisma/get-platform': [ '5.22.0' ],
29 silly audit   '@renovatebot/pep440': [ '4.2.1' ],
29 silly audit   '@rolldown/binding-android-arm64': [ '1.0.0-rc.1' ],
29 silly audit   '@rolldown/binding-darwin-arm64': [ '1.0.0-rc.1' ],
29 silly audit   '@rolldown/binding-darwin-x64': [ '1.0.0-rc.1' ],
29 silly audit   '@rolldown/binding-freebsd-x64': [ '1.0.0-rc.1' ],
29 silly audit   '@rolldown/binding-linux-arm-gnueabihf': [ '1.0.0-rc.1' ],
29 silly audit   '@rolldown/binding-linux-arm64-gnu': [ '1.0.0-rc.1' ],
29 silly audit   '@rolldown/binding-linux-arm64-musl': [ '1.0.0-rc.1' ],
29 silly audit   '@rolldown/binding-linux-x64-gnu': [ '1.0.0-rc.1' ],
29 silly audit   '@rolldown/binding-linux-x64-musl': [ '1.0.0-rc.1' ],
29 silly audit   '@rolldown/binding-openharmony-arm64': [ '1.0.0-rc.1' ],
29 silly audit   '@rolldown/binding-wasm32-wasi': [ '1.0.0-rc.1' ],
29 silly audit   '@rolldown/binding-win32-arm64-msvc': [ '1.0.0-rc.1' ],
29 silly audit   '@rolldown/binding-win32-x64-msvc': [ '1.0.0-rc.1' ],
29 silly audit   '@rolldown/pluginutils': [ '1.0.0-rc.1' ],
29 silly audit   '@rollup/pluginutils': [ '5.3.0' ],
29 silly audit   '@rtsao/scc': [ '1.1.0' ],
29 silly audit   '@sinclair/typebox': [ '0.25.24' ],
29 silly audit   '@sindresorhus/is': [ '7.2.0' ],
29 silly audit   '@smithy/chunked-blob-reader': [ '5.2.2' ],
29 silly audit   '@smithy/chunked-blob-reader-native': [ '4.2.3' ],
29 silly audit   '@smithy/config-resolver': [ '4.4.14' ],
29 silly audit   '@smithy/core': [ '3.23.14' ],
29 silly audit   '@smithy/credential-provider-imds': [ '4.2.13' ],
29 silly audit   '@smithy/eventstream-codec': [ '4.2.13' ],
29 silly audit   '@smithy/eventstream-serde-browser': [ '4.2.13' ],
29 silly audit   '@smithy/eventstream-serde-config-resolver': [ '4.3.13' ],
29 silly audit   '@smithy/eventstream-serde-node': [ '4.2.13' ],
29 silly audit   '@smithy/eventstream-serde-universal': [ '4.2.13' ],
29 silly audit   '@smithy/fetch-http-handler': [ '5.3.16' ],
29 silly audit   '@smithy/hash-blob-browser': [ '4.2.14' ],
29 silly audit   '@smithy/hash-node': [ '4.2.13' ],
29 silly audit   '@smithy/hash-stream-node': [ '4.2.13' ],
29 silly audit   '@smithy/invalid-dependency': [ '4.2.13' ],
29 silly audit   '@smithy/md5-js': [ '4.2.13' ],
29 silly audit   '@smithy/middleware-content-length': [ '4.2.13' ],
29 silly audit   '@smithy/middleware-endpoint': [ '4.4.29' ],
29 silly audit   '@smithy/middleware-retry': [ '4.5.1' ],
29 silly audit   '@smithy/middleware-serde': [ '4.2.17' ],
29 silly audit   '@smithy/middleware-stack': [ '4.2.13' ],
29 silly audit   '@smithy/node-config-provider': [ '4.3.13' ],
29 silly audit   '@smithy/node-http-handler': [ '4.5.2' ],
29 silly audit   '@smithy/property-provider': [ '4.2.13' ],
29 silly audit   '@smithy/protocol-http': [ '5.3.13' ],
29 silly audit   '@smithy/querystring-builder': [ '4.2.13' ],
29 silly audit   '@smithy/querystring-parser': [ '4.2.13' ],
29 silly audit   '@smithy/service-error-classification': [ '4.2.13' ],
29 silly audit   '@smithy/shared-ini-file-loader': [ '4.4.8' ],
29 silly audit   '@smithy/signature-v4': [ '5.3.13' ],
29 silly audit   '@smithy/smithy-client': [ '4.12.9' ],
29 silly audit   '@smithy/types': [ '4.14.0' ],
29 silly audit   '@smithy/url-parser': [ '4.2.13' ],
29 silly audit   '@smithy/util-base64': [ '4.3.2' ],
29 silly audit   '@smithy/util-body-length-browser': [ '4.2.2' ],
29 silly audit   '@smithy/util-body-length-node': [ '4.2.3' ],
29 silly audit   '@smithy/util-config-provider': [ '4.2.2' ],
29 silly audit   '@smithy/util-defaults-mode-browser': [ '4.3.45' ],
29 silly audit   '@smithy/util-defaults-mode-node': [ '4.2.49' ],
29 silly audit   '@smithy/util-endpoints': [ '3.3.4' ],
29 silly audit   '@smithy/util-hex-encoding': [ '4.2.2' ],
29 silly audit   '@smithy/util-middleware': [ '4.2.13' ],
29 silly audit   '@smithy/util-retry': [ '4.3.1' ],
29 silly audit   '@smithy/util-stream': [ '4.5.22' ],
29 silly audit   '@smithy/util-uri-escape': [ '4.2.2' ],
29 silly audit   '@smithy/util-waiter': [ '4.2.15' ],
29 silly audit   '@smithy/uuid': [ '1.1.2' ],
29 silly audit   '@speed-highlight/core': [ '1.2.15' ],
29 silly audit   '@stablelib/base64': [ '1.0.1' ],
29 silly audit   '@stripe/react-stripe-js': [ '6.1.0' ],
29 silly audit   '@stripe/stripe-js': [ '9.1.0' ],
29 silly audit   '@swc/helpers': [ '0.5.15' ],
29 silly audit   '@tailwindcss/node': [ '4.2.2' ],
29 silly audit   '@tailwindcss/oxide': [ '4.2.2' ],
29 silly audit   '@tailwindcss/oxide-android-arm64': [ '4.2.2' ],
29 silly audit   '@tailwindcss/oxide-darwin-arm64': [ '4.2.2' ],
29 silly audit   '@tailwindcss/oxide-darwin-x64': [ '4.2.2' ],
29 silly audit   '@tailwindcss/oxide-freebsd-x64': [ '4.2.2' ],
29 silly audit   '@tailwindcss/oxide-linux-arm-gnueabihf': [ '4.2.2' ],
29 silly audit   '@tailwindcss/oxide-linux-arm64-gnu': [ '4.2.2' ],
29 silly audit   '@tailwindcss/oxide-linux-arm64-musl': [ '4.2.2' ],
29 silly audit   '@tailwindcss/oxide-linux-x64-gnu': [ '4.2.2' ],
29 silly audit   '@tailwindcss/oxide-linux-x64-musl': [ '4.2.2' ],
29 silly audit   '@tailwindcss/oxide-wasm32-wasi': [ '4.2.2' ],
29 silly audit   '@tailwindcss/oxide-win32-arm64-msvc': [ '4.2.2' ],
29 silly audit   '@tailwindcss/oxide-win32-x64-msvc': [ '4.2.2' ],
29 silly audit   '@tailwindcss/postcss': [ '4.2.2' ],
29 silly audit   '@tootallnate/once': [ '2.0.0' ],
29 silly audit   '@tootallnate/quickjs-emscripten': [ '0.23.0' ],
29 silly audit   '@ts-morph/common': [ '0.11.1' ],
29 silly audit   '@tsconfig/node18': [ '1.0.3' ],
29 silly audit   '@tybys/wasm-util': [ '0.10.1' ],
29 silly audit   '@types/estree': [ '1.0.8' ],
29 silly audit   '@types/json-schema': [ '7.0.15' ],
29 silly audit   '@types/json5': [ '0.0.29' ],
29 silly audit   '@types/jsonwebtoken': [ '9.0.10' ],
29 silly audit   '@types/ms': [ '2.1.0' ],
29 silly audit   '@types/node': [ '20.19.37', '20.11.0', '18.19.130' ],
29 silly audit   '@types/node-fetch': [ '2.6.13' ],
29 silly audit   '@types/react': [ '19.2.14' ],
29 silly audit   '@types/react-dom': [ '19.2.3' ],
29 silly audit   '@typescript-eslint/eslint-plugin': [ '8.57.2' ],
29 silly audit   ignore: [ '7.0.5', '5.3.2' ],
29 silly audit   '@typescript-eslint/parser': [ '8.57.2' ],
29 silly audit   '@typescript-eslint/project-service': [ '8.57.2' ],
29 silly audit   '@typescript-eslint/scope-manager': [ '8.57.2' ],
29 silly audit   '@typescript-eslint/tsconfig-utils': [ '8.57.2' ],
29 silly audit   '@typescript-eslint/type-utils': [ '8.57.2' ],
29 silly audit   '@typescript-eslint/types': [ '8.57.2' ],
29 silly audit   '@typescript-eslint/typescript-estree': [ '8.57.2' ],
29 silly audit   '@typescript-eslint/utils': [ '8.57.2' ],
29 silly audit   '@typescript-eslint/visitor-keys': [ '8.57.2' ],
29 silly audit   '@unrs/resolver-binding-android-arm-eabi': [ '1.11.1' ],
29 silly audit   '@unrs/resolver-binding-android-arm64': [ '1.11.1' ],
29 silly audit   '@unrs/resolver-binding-darwin-arm64': [ '1.11.1' ],
29 silly audit   '@unrs/resolver-binding-darwin-x64': [ '1.11.1' ],
29 silly audit   '@unrs/resolver-binding-freebsd-x64': [ '1.11.1' ],
29 silly audit   '@unrs/resolver-binding-linux-arm-gnueabihf': [ '1.11.1' ],
29 silly audit   '@unrs/resolver-binding-linux-arm-musleabihf': [ '1.11.1' ],
29 silly audit   '@unrs/resolver-binding-linux-arm64-gnu': [ '1.11.1' ],
29 silly audit   '@unrs/resolver-binding-linux-arm64-musl': [ '1.11.1' ],
29 silly audit   '@unrs/resolver-binding-linux-ppc64-gnu': [ '1.11.1' ],
29 silly audit   '@unrs/resolver-binding-linux-riscv64-gnu': [ '1.11.1' ],
29 silly audit   '@unrs/resolver-binding-linux-riscv64-musl': [ '1.11.1' ],
29 silly audit   '@unrs/resolver-binding-linux-s390x-gnu': [ '1.11.1' ],
29 silly audit   '@unrs/resolver-binding-linux-x64-gnu': [ '1.11.1' ],
29 silly audit   '@unrs/resolver-binding-linux-x64-musl': [ '1.11.1' ],
29 silly audit   '@unrs/resolver-binding-wasm32-wasi': [ '1.11.1' ],
29 silly audit   '@unrs/resolver-binding-win32-arm64-msvc': [ '1.11.1' ],
29 silly audit   '@unrs/resolver-binding-win32-ia32-msvc': [ '1.11.1' ],
29 silly audit   '@unrs/resolver-binding-win32-x64-msvc': [ '1.11.1' ],
29 silly audit   '@vercel/backends': [ '0.0.57' ],
29 silly audit   zod: [ '3.22.4', '3.24.4', '4.3.6' ],
29 silly audit   '@vercel/blob': [ '2.3.0' ],
29 silly audit   '@vercel/build-utils': [ '13.14.0' ],
29 silly audit   '@vercel/cervel': [ '0.0.44' ],
29 silly audit   '@vercel/detect-agent': [ '1.2.1' ],
29 silly audit   '@vercel/elysia': [ '0.1.60' ],
29 silly audit   '@vercel/error-utils': [ '2.0.3' ],
29 silly audit   '@vercel/express': [ '0.1.70' ],
29 silly audit   '@vercel/fastify': [ '0.1.63' ],
29 silly audit   '@vercel/fun': [ '1.3.0' ],
29 silly audit   debug: [ '4.3.4', '4.4.3', '3.2.7' ],
29 silly audit   ms: [ '2.1.2', '2.1.1', '2.1.3' ],
29 silly audit   yallist: [ '4.0.0', '5.0.0', '3.1.1' ],
29 silly audit   '@vercel/gatsby-plugin-vercel-analytics': [ '1.0.11' ],
29 silly audit   '@vercel/gatsby-plugin-vercel-builder': [ '2.1.10' ],
29 silly audit   '@vercel/go': [ '3.4.7' ],
29 silly audit   '@vercel/h3': [ '0.1.69' ],
29 silly audit   '@vercel/hono': [ '0.2.63' ],
29 silly audit   '@vercel/hydrogen': [ '1.3.6' ],
29 silly audit   '@vercel/koa': [ '0.1.43' ],
29 silly audit   '@vercel/nestjs': [ '0.2.64' ],
29 silly audit   '@vercel/next': [ '4.16.5' ],
29 silly audit   '@vercel/nft': [ '1.5.0' ],
29 silly audit   'resolve-from': [ '5.0.0', '4.0.0' ],
29 silly audit   '@vercel/node': [ '5.7.2' ],
29 silly audit   'async-listen': [ '3.0.0', '1.2.0', '3.0.1' ],
29 silly audit   'es-module-lexer': [ '1.4.1', '1.5.0' ],
29 silly audit   'node-fetch': [ '2.6.9', '2.6.7' ],
29 silly audit   undici: [ '5.28.4', '7.24.7', '7.24.4', '6.24.1' ],
29 silly audit   'undici-types': [ '5.26.5', '6.21.0' ],
29 silly audit   '@vercel/oidc': [ '3.2.0' ],
29 silly audit   '@vercel/prepare-flags-definitions': [ '0.2.1' ],
29 silly audit   '@vercel/python': [ '6.29.0' ],
29 silly audit   '@vercel/python-analysis': [ '0.11.0' ],
29 silly audit   'fs-extra': [ '11.1.1', '11.1.0' ],
29 silly audit   '@vercel/redwood': [ '2.4.12' ],
29 silly audit   '@vercel/remix-builder': [ '5.7.2' ],
29 silly audit   '@vercel/ruby': [ '2.3.2' ],
29 silly audit   '@vercel/rust': [ '1.1.0' ],
29 silly audit   '@vercel/sandbox': [ '1.9.0' ],
29 silly audit   '@vercel/static-build': [ '2.9.10' ],
29 silly audit   '@vercel/static-config': [ '3.2.0' ],
29 silly audit   ajv: [ '8.6.3', '6.14.0' ],
29 silly audit   'json-schema-traverse': [ '1.0.0', '0.4.1' ],
29 silly audit   abbrev: [ '3.0.1' ],
29 silly audit   'abort-controller': [ '3.0.0' ],
29 silly audit   accepts: [ '2.0.0' ],
29 silly audit   'mime-db': [ '1.54.0', '1.52.0' ],
29 silly audit   'mime-types': [ '3.0.2', '2.1.35' ],
29 silly audit   acorn: [ '8.16.0' ],
29 silly audit   'acorn-import-attributes': [ '1.9.5' ],
29 silly audit   'acorn-jsx': [ '5.3.2' ],
29 silly audit   'agent-base': [ '7.1.4' ],
29 silly audit   agentkeepalive: [ '4.6.0' ],
29 silly audit   'ansi-colors': [ '4.1.3' ],
29 silly audit   'ansi-regex': [ '5.0.1', '6.2.2' ],
29 silly audit   'ansi-styles': [ '4.3.0', '6.2.3' ],
29 silly audit   'any-promise': [ '1.3.0' ],
29 silly audit   arg: [ '4.1.0' ],
29 silly audit   argparse: [ '2.0.1' ],
29 silly audit   'aria-query': [ '5.3.2' ],
29 silly audit   'array-buffer-byte-length': [ '1.0.2' ],
29 silly audit   'array-includes': [ '3.1.9' ],
29 silly audit   'array-timsort': [ '1.0.3' ],
29 silly audit   'array.prototype.findlast': [ '1.2.5' ],
29 silly audit   'array.prototype.findlastindex': [ '1.2.6' ],
29 silly audit   'array.prototype.flat': [ '1.3.3' ],
29 silly audit   'array.prototype.flatmap': [ '1.3.3' ],
29 silly audit   'array.prototype.tosorted': [ '1.1.4' ],
29 silly audit   'arraybuffer.prototype.slice': [ '1.0.4' ],
29 silly audit   'ast-types': [ '0.13.4' ],
29 silly audit   'ast-types-flow': [ '0.0.8' ],
29 silly audit   'async-function': [ '1.0.0' ],
29 silly audit   'async-retry': [ '1.3.3' ],
29 silly audit   'async-sema': [ '3.1.1' ],
29 silly audit   asynckit: [ '0.4.0' ],
29 silly audit   'available-typed-arrays': [ '1.0.7' ],
29 silly audit   aws4fetch: [ '1.0.20' ],
29 silly audit   'axe-core': [ '4.11.1' ],
29 silly audit   'axobject-query': [ '4.1.0' ],
29 silly audit   b4a: [ '1.8.0' ],
29 silly audit   'bare-events': [ '2.8.2' ],
29 silly audit   'baseline-browser-mapping': [ '2.10.11' ],
29 silly audit   'basic-ftp': [ '5.2.1' ],
29 silly audit   bcryptjs: [ '3.0.3' ],
29 silly audit   bindings: [ '1.5.0' ],
29 silly audit   'blake3-wasm': [ '2.1.5' ],
29 silly audit   'body-parser': [ '2.2.2' ],
29 silly audit   bytes: [ '3.1.2', '3.1.0' ],
29 silly audit   'content-type': [ '1.0.5', '1.0.4' ],
29 silly audit   depd: [ '2.0.0', '1.1.2' ],
29 silly audit   'http-errors': [ '2.0.1', '1.7.3' ],
29 silly audit   'iconv-lite': [ '0.7.2', '0.4.24' ],
29 silly audit   'raw-body': [ '3.0.2', '2.4.1' ],
29 silly audit   setprototypeof: [ '1.2.0', '1.1.1' ],
29 silly audit   statuses: [ '2.0.2', '1.5.0' ],
29 silly audit   toidentifier: [ '1.0.1', '1.0.0' ],
29 silly audit   bowser: [ '2.14.1' ],
29 silly audit   braces: [ '3.0.3' ],
29 silly audit   browserslist: [ '4.28.1' ],
29 silly audit   'buffer-crc32': [ '0.2.13' ],
29 silly audit   'buffer-equal-constant-time': [ '1.0.1' ],
29 silly audit   'buffer-from': [ '1.1.2' ],
29 silly audit   'call-bind': [ '1.0.8' ],
29 silly audit   'call-bind-apply-helpers': [ '1.0.2' ],
29 silly audit   'call-bound': [ '1.0.4' ],
29 silly audit   callsites: [ '3.1.0' ],
29 silly audit   'caniuse-lite': [ '1.0.30001781' ],
29 silly audit   chokidar: [ '4.0.0' ],
29 silly audit   chownr: [ '3.0.0' ],
29 silly audit   'cjs-module-lexer': [ '1.2.3' ],
29 silly audit   'client-only': [ '0.0.1' ],
29 silly audit   cliui: [ '9.0.1' ],
29 silly audit   'strip-ansi': [ '7.2.0', '6.0.1' ],
29 silly audit   cloudflare: [ '4.5.0' ],
29 silly audit   'code-block-writer': [ '10.1.1' ],
29 silly audit   'color-convert': [ '2.0.1' ],
29 silly audit   'color-name': [ '1.1.4' ],
29 silly audit   'combined-stream': [ '1.0.8' ],
29 silly audit   commander: [ '11.1.0', '2.20.3' ],
29 silly audit   'comment-json': [ '4.6.2' ],
29 silly audit   'concat-map': [ '0.0.1' ],
29 silly audit   consola: [ '3.4.2' ],
29 silly audit   'content-disposition': [ '1.1.0' ],
29 silly audit   'convert-hrtime': [ '3.0.0' ],
29 silly audit   'convert-source-map': [ '2.0.0' ],
29 silly audit   cookie: [ '1.1.1', '0.7.2' ],
29 silly audit   'cookie-es': [ '2.0.1' ],
29 silly audit   'cookie-signature': [ '1.2.2' ],
29 silly audit   'cross-spawn': [ '7.0.6' ],
29 silly audit   csstype: [ '3.2.3' ],
29 silly audit   'damerau-levenshtein': [ '1.0.8' ],
29 silly audit   'data-uri-to-buffer': [ '6.0.2' ],
29 silly audit   'data-view-buffer': [ '1.0.2' ],
29 silly audit   'data-view-byte-length': [ '1.0.2' ],
29 silly audit   'data-view-byte-offset': [ '1.0.1' ],
29 silly audit   'deep-is': [ '0.1.4' ],
29 silly audit   'define-data-property': [ '1.1.4' ],
29 silly audit   'define-properties': [ '1.2.1' ],
29 silly audit   degenerator: [ '5.0.1' ],
29 silly audit   'delayed-stream': [ '1.0.0' ],
29 silly audit   'detect-libc': [ '2.1.2' ],
29 silly audit   doctrine: [ '2.1.0' ],
29 silly audit   dotenv: [ '16.6.1' ],
29 silly audit   'dunder-proto': [ '1.0.1' ],
29 silly audit   duplexer: [ '0.1.2' ],
29 silly audit   'ecdsa-sig-formatter': [ '1.0.11' ],
29 silly audit   eciesjs: [ '0.4.18' ],
29 silly audit   'edge-runtime': [ '2.5.9' ],
29 silly audit   picocolors: [ '1.0.0', '1.1.1' ],
29 silly audit   'ee-first': [ '1.1.1' ],
29 silly audit   'electron-to-chromium': [ '1.5.325' ],
29 silly audit   'emoji-regex': [ '9.2.2', '10.6.0' ],
29 silly audit   encodeurl: [ '2.0.0' ],
29 silly audit   'end-of-stream': [ '1.4.5', '1.1.0' ],
29 silly audit   'enhanced-resolve': [ '5.20.1' ],
29 silly audit   enquirer: [ '2.4.1' ],
29 silly audit   'error-stack-parser-es': [ '1.0.5' ],
29 silly audit   'es-abstract': [ '1.24.1' ],
29 silly audit   'es-define-property': [ '1.0.1' ],
29 silly audit   'es-errors': [ '1.3.0' ],
29 silly audit   'es-iterator-helpers': [ '1.3.1' ],
29 silly audit   'es-object-atoms': [ '1.1.1' ],
29 silly audit   'es-set-tostringtag': [ '2.1.0' ],
29 silly audit   'es-shim-unscopables': [ '1.1.0' ],
29 silly audit   'es-to-primitive': [ '1.3.0' ],
29 silly audit   escalade: [ '3.2.0' ],
29 silly audit   'escape-html': [ '1.0.3' ],
29 silly audit   'escape-string-regexp': [ '4.0.0' ],
29 silly audit   escodegen: [ '2.1.0' ],
29 silly audit   eslint: [ '9.39.4' ],
29 silly audit   'eslint-config-next': [ '16.2.1' ],
29 silly audit   globals: [ '16.4.0', '14.0.0' ],
29 silly audit   'eslint-import-resolver-node': [ '0.3.9' ],
29 silly audit   'eslint-import-resolver-typescript': [ '3.10.1' ],
29 silly audit   'eslint-module-utils': [ '2.12.1' ],
29 silly audit   'eslint-plugin-import': [ '2.32.0' ],
29 silly audit   'eslint-plugin-jsx-a11y': [ '6.10.2' ],
29 silly audit   'eslint-plugin-react': [ '7.37.5' ],
29 silly audit   'eslint-plugin-react-hooks': [ '7.0.1' ],
29 silly audit   resolve: [ '2.0.0-next.6', '1.22.11' ],
29 silly audit   'eslint-scope': [ '8.4.0' ],
29 silly audit   espree: [ '10.4.0' ],
29 silly audit   esprima: [ '4.0.1' ],
29 silly audit   esquery: [ '1.7.0' ],
29 silly audit   esrecurse: [ '4.3.0' ],
29 silly audit   estraverse: [ '5.3.0' ],
29 silly audit   'estree-walker': [ '2.0.2' ],
29 silly audit   esutils: [ '2.0.3' ],
29 silly audit   etag: [ '1.8.1' ],
29 silly audit   'event-target-shim': [ '5.0.1' ],
29 silly audit   'events-intercept': [ '2.0.0' ],
29 silly audit   'events-universal': [ '1.0.1' ],
29 silly audit   express: [ '5.2.1' ],
29 silly audit   'fast-deep-equal': [ '3.1.3' ],
29 silly audit   'fast-fifo': [ '1.3.2' ],
29 silly audit   'fast-glob': [ '3.3.1' ],
29 silly audit   'glob-parent': [ '5.1.2', '6.0.2' ],
29 silly audit   'fast-json-stable-stringify': [ '2.1.0' ],
29 silly audit   'fast-levenshtein': [ '2.0.6' ],
29 silly audit   'fast-sha256': [ '1.3.0' ],
29 silly audit   'fast-xml-builder': [ '1.1.4' ],
29 silly audit   'fast-xml-parser': [ '5.5.8' ],
29 silly audit   fastq: [ '1.20.1' ],
29 silly audit   'fd-slicer': [ '1.1.0' ],
29 silly audit   'file-entry-cache': [ '8.0.0' ],
29 silly audit   'file-uri-to-path': [ '1.0.0' ],
29 silly audit   'fill-range': [ '7.1.1' ],
29 silly audit   finalhandler: [ '2.1.1' ],
29 silly audit   'find-up': [ '5.0.0' ],
29 silly audit   'flat-cache': [ '4.0.1' ],
29 silly audit   flatted: [ '3.4.2' ],
29 silly audit   'for-each': [ '0.3.5' ],
29 silly audit   'foreground-child': [ '3.3.1' ],
29 silly audit   'form-data': [ '4.0.5' ],
29 silly audit   'form-data-encoder': [ '1.7.2' ],
29 silly audit   'formdata-node': [ '4.4.1' ],
29 silly audit   forwarded: [ '0.2.0' ],
29 silly audit   fresh: [ '2.0.0' ],
29 silly audit   'fs.realpath': [ '1.0.0' ],
29 silly audit   fsevents: [ '2.3.3' ],
29 silly audit   'function-bind': [ '1.1.2' ],
29 silly audit   'function.prototype.name': [ '1.1.8' ],
29 silly audit   'functions-have-names': [ '1.2.3' ],
29 silly audit   'generator-function': [ '2.0.1' ],
29 silly audit   'generic-pool': [ '3.4.2' ],
29 silly audit   gensync: [ '1.0.0-beta.2' ],
29 silly audit   'get-caller-file': [ '2.0.5' ],
29 silly audit   'get-east-asian-width': [ '1.5.0' ],
29 silly audit   'get-intrinsic': [ '1.3.0' ],
29 silly audit   'get-proto': [ '1.0.1' ],
29 silly audit   'get-symbol-description': [ '1.1.0' ],
29 silly audit   'get-tsconfig': [ '4.13.7' ],
29 silly audit   'get-uri': [ '6.0.5' ],
29 silly audit   globalthis: [ '1.0.4' ],
29 silly audit   gopd: [ '1.2.0' ],
29 silly audit   'graceful-fs': [ '4.2.11' ],
29 silly audit   'gzip-size': [ '6.0.0' ],
29 silly audit   'has-bigints': [ '1.1.0' ],
29 silly audit   'has-flag': [ '4.0.0' ],
29 silly audit   'has-property-descriptors': [ '1.0.2' ],
29 silly audit   'has-proto': [ '1.2.0' ],
29 silly audit   'has-symbols': [ '1.1.0' ],
29 silly audit   'has-tostringtag': [ '1.0.2' ],
29 silly audit   hasown: [ '2.0.2' ],
29 silly audit   'hermes-estree': [ '0.25.1' ],
29 silly audit   'hermes-parser': [ '0.25.1' ],
29 silly audit   'http-proxy-agent': [ '7.0.2' ],
29 silly audit   'https-proxy-agent': [ '7.0.6' ],
29 silly audit   'humanize-ms': [ '1.2.1' ],
29 silly audit   'import-fresh': [ '3.3.1' ],
29 silly audit   imurmurhash: [ '0.1.4' ],
29 silly audit   inherits: [ '2.0.4' ],
29 silly audit   'internal-slot': [ '1.1.0' ],
29 silly audit   'ip-address': [ '10.1.0' ],
29 silly audit   'ipaddr.js': [ '1.9.1' ],
29 silly audit   'is-array-buffer': [ '3.0.5' ],
29 silly audit   'is-async-function': [ '2.1.1' ],
29 silly audit   'is-bigint': [ '1.1.0' ],
29 silly audit   'is-boolean-object': [ '1.2.2' ],
29 silly audit   'is-buffer': [ '2.0.5' ],
29 silly audit   'is-bun-module': [ '2.0.0' ],
29 silly audit   'is-callable': [ '1.2.7' ],
29 silly audit   'is-core-module': [ '2.16.1' ],
29 silly audit   'is-data-view': [ '1.0.2' ],
29 silly audit   'is-date-object': [ '1.1.0' ],
29 silly audit   'is-extglob': [ '2.1.1' ],
29 silly audit   'is-finalizationregistry': [ '1.1.1' ],
29 silly audit   'is-generator-function': [ '1.1.2' ],
29 silly audit   'is-glob': [ '4.0.3' ],
29 silly audit   'is-map': [ '2.0.3' ],
29 silly audit   'is-negative-zero': [ '2.0.3' ],
29 silly audit   'is-node-process': [ '1.2.0' ],
29 silly audit   'is-number': [ '7.0.0' ],
29 silly audit   'is-number-object': [ '1.1.1' ],
29 silly audit   'is-promise': [ '4.0.0' ],
29 silly audit   'is-regex': [ '1.2.1' ],
29 silly audit   'is-set': [ '2.0.3' ],
29 silly audit   'is-shared-array-buffer': [ '1.0.4' ],
29 silly audit   'is-stream': [ '2.0.1' ],
29 silly audit   'is-string': [ '1.1.1' ],
29 silly audit   'is-symbol': [ '1.1.1' ],
29 silly audit   'is-typed-array': [ '1.1.15' ],
29 silly audit   'is-weakmap': [ '2.0.2' ],
29 silly audit   'is-weakref': [ '1.1.1' ],
29 silly audit   'is-weakset': [ '2.0.4' ],
29 silly audit   isarray: [ '2.0.5' ],
29 silly audit   'iterator.prototype': [ '1.1.5' ],
29 silly audit   jackspeak: [ '4.2.3' ],
29 silly audit   jiti: [ '2.6.1' ],
29 silly audit   'js-tokens': [ '4.0.0' ],
29 silly audit   'js-yaml': [ '4.1.1' ],
29 silly audit   jsesc: [ '3.1.0' ],
29 silly audit   'json-buffer': [ '3.0.1' ],
29 silly audit   'json-schema-to-ts': [ '1.6.4' ],
29 silly audit   'json-stable-stringify-without-jsonify': [ '1.0.1' ],
29 silly audit   json5: [ '2.2.3', '1.0.2' ],
29 silly audit   jsonfile: [ '6.2.0' ],
29 silly audit   jsonlines: [ '0.1.1' ],
29 silly audit   jsonwebtoken: [ '9.0.3' ],
29 silly audit   'jsx-ast-utils': [ '3.3.5' ],
29 silly audit   jwa: [ '2.0.1' ],
29 silly audit   jws: [ '4.0.1' ],
29 silly audit   keyv: [ '4.5.4' ],
29 silly audit   kleur: [ '4.1.5' ],
29 silly audit   'language-subtag-registry': [ '0.3.23' ],
29 silly audit   'language-tags': [ '1.0.9' ],
29 silly audit   levn: [ '0.4.1' ],
29 silly audit   lightningcss: [ '1.32.0' ],
29 silly audit   'lightningcss-android-arm64': [ '1.32.0' ],
29 silly audit   'lightningcss-darwin-arm64': [ '1.32.0' ],
29 silly audit   'lightningcss-darwin-x64': [ '1.32.0' ],
29 silly audit   'lightningcss-freebsd-x64': [ '1.32.0' ],
29 silly audit   'lightningcss-linux-arm-gnueabihf': [ '1.32.0' ],
29 silly audit   'lightningcss-linux-arm64-gnu': [ '1.32.0' ],
29 silly audit   'lightningcss-linux-arm64-musl': [ '1.32.0' ],
29 silly audit   'lightningcss-linux-x64-gnu': [ '1.32.0' ],
29 silly audit   'lightningcss-linux-x64-musl': [ '1.32.0' ],
29 silly audit   'lightningcss-win32-arm64-msvc': [ '1.32.0' ],
29 silly audit   'lightningcss-win32-x64-msvc': [ '1.32.0' ],
29 silly audit   'locate-path': [ '6.0.0' ],
29 silly audit   'lodash.includes': [ '4.3.0' ],
29 silly audit   'lodash.isboolean': [ '3.0.3' ],
29 silly audit   'lodash.isinteger': [ '4.0.4' ],
29 silly audit   'lodash.isnumber': [ '3.0.3' ],
29 silly audit   'lodash.isplainobject': [ '4.0.6' ],
29 silly audit   'lodash.isstring': [ '4.0.1' ],
29 silly audit   'lodash.merge': [ '4.6.2' ],
29 silly audit   'lodash.once': [ '4.1.1' ],
29 silly audit   'loose-envify': [ '1.4.0' ],
29 silly audit   'lucide-react': [ '1.7.0' ],
29 silly audit   luxon: [ '3.7.2' ],
29 silly audit   'magic-string': [ '0.30.21' ],
29 silly audit   'math-intrinsics': [ '1.1.0' ],
29 silly audit   'media-typer': [ '1.1.0' ],
29 silly audit   'merge-descriptors': [ '2.0.0' ],
29 silly audit   'merge-stream': [ '2.0.0' ],
29 silly audit   merge2: [ '1.4.1' ],
29 silly audit   micro: [ '9.3.5-canary.3' ],
29 silly audit   micromatch: [ '4.0.8' ],
29 silly audit   'mimic-fn': [ '2.1.0' ],
29 silly audit   miniflare: [ '4.20260409.0' ],
29 silly audit   minimist: [ '1.2.8' ],
29 silly audit   minizlib: [ '3.1.0' ],
29 silly audit   mkdirp: [ '1.0.4' ],
29 silly audit   mnemonist: [ '0.38.3' ],
29 silly audit   mri: [ '1.2.0' ],
29 silly audit   nanoid: [ '3.3.11' ],
29 silly audit   'napi-postinstall': [ '0.3.4' ],
29 silly audit   'natural-compare': [ '1.4.0' ],
29 silly audit   negotiator: [ '1.0.0' ],
29 silly audit   netmask: [ '2.1.1' ],
29 silly audit   next: [ '16.2.1' ],
29 silly audit   postcss: [ '8.4.31', '8.5.8' ],
29 silly audit   'node-domexception': [ '1.0.0' ],
29 silly audit   'node-exports-info': [ '1.6.0' ],
29 silly audit   'node-gyp-build': [ '4.8.4' ],
29 silly audit   'node-releases': [ '2.0.36' ],
29 silly audit   nopt: [ '8.1.0' ],
29 silly audit   'npm-run-path': [ '4.0.1' ],
29 silly audit   oauth4webapi: [ '3.8.5' ],
29 silly audit   'object-assign': [ '4.1.1' ],
29 silly audit   'object-inspect': [ '1.13.4' ],
29 silly audit   'object-keys': [ '1.1.1' ],
29 silly audit   'object-treeify': [ '1.1.33' ],
29 silly audit   'object.assign': [ '4.1.7' ],
29 silly audit   'object.entries': [ '1.1.9' ],
29 silly audit   'object.fromentries': [ '2.0.8' ],
29 silly audit   'object.groupby': [ '1.0.3' ],
29 silly audit   'object.values': [ '1.2.1' ],
29 silly audit   obliterator: [ '1.6.1' ],
29 silly audit   'on-finished': [ '2.4.1' ],
29 silly audit   once: [ '1.4.0', '1.3.3' ],
29 silly audit   onetime: [ '5.1.2' ],
29 silly audit   optionator: [ '0.9.4' ],
29 silly audit   'os-paths': [ '4.4.0' ],
29 silly audit   'own-keys': [ '1.0.1' ],
29 silly audit   'oxc-transform': [ '0.111.0' ],
29 silly audit   'p-finally': [ '2.0.1' ],
29 silly audit   'p-limit': [ '3.1.0' ],
29 silly audit   'p-locate': [ '5.0.0' ],
29 silly audit   'pac-proxy-agent': [ '7.2.0' ],
29 silly audit   'pac-resolver': [ '7.0.1' ],
29 silly audit   'package-json-from-dist': [ '1.0.1' ],
29 silly audit   'parent-module': [ '1.0.1' ],
29 silly audit   'parse-ms': [ '2.1.0' ],
29 silly audit   parseurl: [ '1.3.3' ],
29 silly audit   'path-browserify': [ '1.0.1' ],
29 silly audit   'path-exists': [ '4.0.0' ],
29 silly audit   'path-expression-matcher': [ '1.5.0' ],
29 silly audit   'path-key': [ '3.1.1' ],
29 silly audit   'path-parse': [ '1.0.7' ],
29 silly audit   pathe: [ '2.0.3' ],
29 silly audit   pend: [ '1.2.0' ],
29 silly audit   'possible-typed-array-names': [ '1.1.0' ],
29 silly audit   'postal-mime': [ '2.7.4' ],
29 silly audit   preact: [ '10.24.3' ],
29 silly audit   'preact-render-to-string': [ '6.5.11' ],
29 silly audit   'prelude-ls': [ '1.2.1' ],
29 silly audit   'pretty-ms': [ '7.0.1' ],
29 silly audit   prisma: [ '5.22.0' ],
29 silly audit   promisepipe: [ '3.0.0' ],
29 silly audit   'prop-types': [ '15.8.1' ],
29 silly audit   'proxy-addr': [ '2.0.7' ],
29 silly audit   'proxy-agent': [ '6.4.0' ],
29 silly audit   'proxy-from-env': [ '1.1.0' ],
29 silly audit   pump: [ '3.0.4' ],
29 silly audit   punycode: [ '2.3.1' ],
29 silly audit   qs: [ '6.15.1' ],
29 silly audit   'queue-microtask': [ '1.2.3' ],
29 silly audit   'range-parser': [ '1.2.1' ],
29 silly audit   react: [ '19.2.4' ],
29 silly audit   'react-dom': [ '19.2.4' ],
29 silly audit   'react-is': [ '16.13.1' ],
29 silly audit   readdirp: [ '4.1.2' ],
29 silly audit   'reflect.getprototypeof': [ '1.0.10' ],
29 silly audit   'regexp.prototype.flags': [ '1.5.4' ],
29 silly audit   'require-from-string': [ '2.0.2' ],
29 silly audit   resend: [ '6.10.0' ],
29 silly audit   'resolve-pkg-maps': [ '1.0.0' ],
29 silly audit   'resolve.exports': [ '2.0.3' ],
29 silly audit   retry: [ '0.13.1' ],
29 silly audit   reusify: [ '1.1.0' ],
29 silly audit   rolldown: [ '1.0.0-rc.1' ],
29 silly audit   router: [ '2.2.0' ],
29 silly audit   'run-parallel': [ '1.2.0' ],
29 silly audit   'safe-array-concat': [ '1.1.3' ],
29 silly audit   'safe-buffer': [ '5.2.1' ],
29 silly audit   'safe-push-apply': [ '1.0.0' ],
29 silly audit   'safe-regex-test': [ '1.1.0' ],
29 silly audit   'safer-buffer': [ '2.1.2' ],
29 silly audit   sandbox: [ '2.5.6' ],
29 silly audit   scheduler: [ '0.27.0' ],
29 silly audit   send: [ '1.2.1' ],
29 silly audit   'serve-static': [ '2.2.1' ],
29 silly audit   'set-function-length': [ '1.2.2' ],
29 silly audit   'set-function-name': [ '2.0.2' ],
29 silly audit   'set-proto': [ '1.0.0' ],
29 silly audit   sharp: [ '0.34.5' ],
29 silly audit   'shebang-command': [ '2.0.0' ],
29 silly audit   'shebang-regex': [ '3.0.0' ],
29 silly audit   'side-channel': [ '1.1.0' ],
29 silly audit   'side-channel-list': [ '1.0.0' ],
29 silly audit   'side-channel-map': [ '1.0.1' ],
29 silly audit   'side-channel-weakmap': [ '1.0.2' ],
29 silly audit   'smart-buffer': [ '4.2.0' ],
29 silly audit   'smol-toml': [ '1.5.2' ],
29 silly audit   socks: [ '2.8.7' ],
29 silly audit   'socks-proxy-agent': [ '8.0.5' ],
29 silly audit   'source-map': [ '0.6.1' ],
29 silly audit   'source-map-js': [ '1.2.1' ],
29 silly audit   'source-map-support': [ '0.5.21' ],
29 silly audit   srvx: [ '0.8.9' ],
29 silly audit   'stable-hash': [ '0.0.5' ],
29 silly audit   standardwebhooks: [ '1.0.0' ],
29 silly audit   'stat-mode': [ '0.3.0' ],
29 silly audit   'stop-iteration-iterator': [ '1.1.0' ],
29 silly audit   'stream-to-array': [ '2.3.0' ],
29 silly audit   'stream-to-promise': [ '2.2.0' ],
29 silly audit   streamx: [ '2.25.0' ],
29 silly audit   'string-width': [ '7.2.0' ],
29 silly audit   'string.prototype.includes': [ '2.0.1' ],
29 silly audit   'string.prototype.matchall': [ '4.0.12' ],
29 silly audit   'string.prototype.repeat': [ '1.0.0' ],
29 silly audit   'string.prototype.trim': [ '1.2.10' ],
29 silly audit   'string.prototype.trimend': [ '1.0.9' ],
29 silly audit   'string.prototype.trimstart': [ '1.0.8' ],
29 silly audit   'strip-bom': [ '3.0.0' ],
29 silly audit   'strip-final-newline': [ '2.0.0' ],
29 silly audit   'strip-json-comments': [ '3.1.1' ],
29 silly audit   stripe: [ '22.0.1' ],
29 silly audit   strnum: [ '2.2.3' ],
29 silly audit   'styled-jsx': [ '5.1.6' ],
29 silly audit   'supports-preserve-symlinks-flag': [ '1.0.0' ],
29 silly audit   svix: [ '1.88.0' ],
29 silly audit   tailwindcss: [ '4.2.2' ],
29 silly audit   tapable: [ '2.3.2' ],
29 silly audit   tar: [ '7.5.7' ],
29 silly audit   'tar-stream': [ '3.1.7' ],
29 silly audit   terser: [ '5.16.9' ],
29 silly audit   'text-decoder': [ '1.2.7' ],
29 silly audit   throttleit: [ '2.1.0' ],
29 silly audit   'time-span': [ '4.0.0' ],
29 silly audit   tinyexec: [ '0.3.2' ],
29 silly audit   tinyglobby: [ '0.2.15' ],
29 silly audit   'to-regex-range': [ '5.0.1' ],
29 silly audit   tr46: [ '0.0.3' ],
29 silly audit   'tree-kill': [ '1.2.2' ],
29 silly audit   'ts-api-utils': [ '2.5.0' ],
29 silly audit   'ts-morph': [ '12.0.0' ],
29 silly audit   'ts-toolbelt': [ '6.15.5' ],
29 silly audit   'ts-tqdm': [ '0.8.6' ],
29 silly audit   'tsconfig-paths': [ '3.15.0' ],
29 silly audit   tslib: [ '2.8.1' ],
29 silly audit   tsx: [ '4.21.0' ],
29 silly audit   'type-check': [ '0.4.0' ],
29 silly audit   'type-is': [ '2.0.1' ],
29 silly audit   'typed-array-buffer': [ '1.0.3' ],
29 silly audit   'typed-array-byte-length': [ '1.0.3' ],
29 silly audit   'typed-array-byte-offset': [ '1.0.4' ],
29 silly audit   'typed-array-length': [ '1.0.7' ],
29 silly audit   typescript: [ '5.9.3' ],
29 silly audit   'typescript-eslint': [ '8.57.2' ],
29 silly audit   'uid-promise': [ '1.0.0' ],
29 silly audit   'unbox-primitive': [ '1.1.0' ],
29 silly audit   unenv: [ '2.0.0-rc.24' ],
29 silly audit   universalify: [ '2.0.1' ],
29 silly audit   unpipe: [ '1.0.0' ],
29 silly audit   'unrs-resolver': [ '1.11.1' ],
29 silly audit   'update-browserslist-db': [ '1.2.3' ],
29 silly audit   'uri-js': [ '4.4.1' ],
29 silly audit   'urlpattern-polyfill': [ '10.1.0' ],
29 silly audit   uuid: [ '10.0.0' ],
29 silly audit   vary: [ '1.1.2' ],
29 silly audit   vercel: [ '50.42.0' ],
29 silly audit   'web-streams-polyfill': [ '4.0.0-beta.3' ],
29 silly audit   'web-vitals': [ '0.2.4' ],
29 silly audit   'webidl-conversions': [ '3.0.1' ],
29 silly audit   'whatwg-url': [ '5.0.0' ],
29 silly audit   'which-boxed-primitive': [ '1.1.1' ],
29 silly audit   'which-builtin-type': [ '1.2.1' ],
29 silly audit   'which-collection': [ '1.0.2' ],
29 silly audit   'which-typed-array': [ '1.1.20' ],
29 silly audit   'word-wrap': [ '1.2.5' ],
29 silly audit   workerd: [ '1.20260409.1' ],
29 silly audit   'wrap-ansi': [ '9.0.2' ],
29 silly audit   wrappy: [ '1.0.2' ],
29 silly audit   ws: [ '8.18.0' ],
29 silly audit   'xdg-app-paths': [ '5.1.0' ],
29 silly audit   'xdg-portable': [ '7.3.0' ],
29 silly audit   y18n: [ '5.0.8' ],
29 silly audit   yaml: [ '2.8.3' ],
29 silly audit   yargs: [ '18.0.0' ],
29 silly audit   'yargs-parser': [ '22.0.0' ],
29 silly audit   yauzl: [ '2.10.0' ],
29 silly audit   'yauzl-clone': [ '1.0.4' ],
29 silly audit   'yauzl-promise': [ '2.1.3' ],
29 silly audit   'yocto-queue': [ '0.1.0' ],
29 silly audit   youch: [ '4.1.0-beta.10' ],
29 silly audit   'youch-core': [ '0.3.3' ],
29 silly audit   'zod-validation-error': [ '4.0.2' ],
29 silly audit   wrangler: [ '4.81.1' ]
29 silly audit }
30 http fetch POST 200 https://registry.npmjs.org/-/npm/v1/security/advisories/bulk 424ms
31 silly audit report {
31 silly audit report   'brace-expansion': [
31 silly audit report     {
31 silly audit report       id: 1115540,
31 silly audit report       url: 'https://github.com/advisories/GHSA-f886-m6hf-6m8v',
31 silly audit report       title: 'brace-expansion: Zero-step sequence causes process hang and memory exhaustion',
31 silly audit report       severity: 'moderate',
31 silly audit report       vulnerable_versions: '<1.1.13',
31 silly audit report       cwe: [Array],
31 silly audit report       cvss: [Object]
31 silly audit report     }
31 silly audit report   ],
31 silly audit report   minimatch: [
31 silly audit report     {
31 silly audit report       id: 1113466,
31 silly audit report       url: 'https://github.com/advisories/GHSA-3ppc-4f35-3m26',
31 silly audit report       title: 'minimatch has a ReDoS via repeated wildcards with non-matching literal in pattern',
31 silly audit report       severity: 'high',
31 silly audit report       vulnerable_versions: '>=10.0.0 <10.2.1',
31 silly audit report       cwe: [Array],
31 silly audit report       cvss: [Object]
31 silly audit report     },
31 silly audit report     {
31 silly audit report       id: 1113545,
31 silly audit report       url: 'https://github.com/advisories/GHSA-7r86-cg39-jmmj',
31 silly audit report       title: 'minimatch has ReDoS: matchOne() combinatorial backtracking via multiple non-adjacent GLOBSTAR segments',
31 silly audit report       severity: 'high',
31 silly audit report       vulnerable_versions: '>=10.0.0 <10.2.3',
31 silly audit report       cwe: [Array],
31 silly audit report       cvss: [Object]
31 silly audit report     },
31 silly audit report     {
31 silly audit report       id: 1113553,
31 silly audit report       url: 'https://github.com/advisories/GHSA-23c5-xmqv-rm74',
31 silly audit report       title: 'minimatch ReDoS: nested *() extglobs generate catastrophically backtracking regular expressions',
31 silly audit report       severity: 'high',
31 silly audit report       vulnerable_versions: '>=10.0.0 <10.2.3',
31 silly audit report       cwe: [Array],
31 silly audit report       cvss: [Object]
31 silly audit report     }
31 silly audit report   ],
31 silly audit report   'path-to-regexp': [
31 silly audit report     {
31 silly audit report       id: 1101846,
31 silly audit report       url: 'https://github.com/advisories/GHSA-9wv6-86v2-598j',
31 silly audit report       title: 'path-to-regexp outputs backtracking regular expressions',
31 silly audit report       severity: 'high',
31 silly audit report       vulnerable_versions: '>=4.0.0 <6.3.0',
31 silly audit report       cwe: [Array],
31 silly audit report       cvss: [Object]
31 silly audit report     },
31 silly audit report     {
31 silly audit report       id: 1115573,
31 silly audit report       url: 'https://github.com/advisories/GHSA-j3q9-mxjg-w52f',
31 silly audit report       title: 'path-to-regexp vulnerable to Denial of Service via sequential optional groups',
31 silly audit report       severity: 'high',
31 silly audit report       vulnerable_versions: '>=8.0.0 <8.4.0',
31 silly audit report       cwe: [Array],
31 silly audit report       cvss: [Object]
31 silly audit report     },
31 silly audit report     {
31 silly audit report       id: 1115582,
31 silly audit report       url: 'https://github.com/advisories/GHSA-27v5-c462-wpq7',
31 silly audit report       title: 'path-to-regexp vulnerable to Regular Expression Denial of Service via multiple wildcards',
31 silly audit report       severity: 'moderate',
31 silly audit report       vulnerable_versions: '>=8.0.0 <8.4.0',
31 silly audit report       cwe: [Array],
31 silly audit report       cvss: [Object]
31 silly audit report     }
31 silly audit report   ],
31 silly audit report   '@tootallnate/once': [
31 silly audit report     {
31 silly audit report       id: 1113977,
31 silly audit report       url: 'https://github.com/advisories/GHSA-vpq2-c234-7xj6',
31 silly audit report       title: '@tootallnate/once vulnerable to Incorrect Control Flow Scoping',
31 silly audit report       severity: 'low',
31 silly audit report       vulnerable_versions: '<3.0.1',
31 silly audit report       cwe: [Array],
31 silly audit report       cvss: [Object]
31 silly audit report     }
31 silly audit report   ],
31 silly audit report   undici: [
31 silly audit report     {
31 silly audit report       id: 1101610,
31 silly audit report       url: 'https://github.com/advisories/GHSA-c76h-2ccp-4975',
31 silly audit report       title: 'Use of Insufficiently Random Values in undici',
31 silly audit report       severity: 'moderate',
31 silly audit report       vulnerable_versions: '>=4.5.0 <5.28.5',
31 silly audit report       cwe: [Array],
31 silly audit report       cvss: [Object]
31 silly audit report     },
31 silly audit report     {
31 silly audit report       id: 1112496,
31 silly audit report       url: 'https://github.com/advisories/GHSA-g9mf-h72j-4rw9',
31 silly audit report       title: 'Undici has an unbounded decompression chain in HTTP responses on Node.js Fetch API via Content-Encoding leads to resource exhaustion',
31 silly audit report       severity: 'moderate',
31 silly audit report       vulnerable_versions: '<6.23.0',
31 silly audit report       cwe: [Array],
31 silly audit report       cvss: [Object]
31 silly audit report     },
31 silly audit report     {
31 silly audit report       id: 1113069,
31 silly audit report       url: 'https://github.com/advisories/GHSA-cxrh-j4jr-qwg3',
31 silly audit report       title: 'undici Denial of Service attack via bad certificate data',
31 silly audit report       severity: 'low',
31 silly audit report       vulnerable_versions: '<5.29.0',
31 silly audit report       cwe: [Array],
31 silly audit report       cvss: [Object]
31 silly audit report     },
31 silly audit report     {
31 silly audit report       id: 1114594,
31 silly audit report       url: 'https://github.com/advisories/GHSA-2mjp-6q6p-2qxm',
31 silly audit report       title: 'Undici has an HTTP Request/Response Smuggling issue',
31 silly audit report       severity: 'moderate',
31 silly audit report       vulnerable_versions: '<6.24.0',
31 silly audit report       cwe: [Array],
31 silly audit report       cvss: [Object]
31 silly audit report     },
31 silly audit report     {
31 silly audit report       id: 1114638,
31 silly audit report       url: 'https://github.com/advisories/GHSA-vrm6-8vpv-qv8q',
31 silly audit report       title: 'Undici has Unbounded Memory Consumption in WebSocket permessage-deflate Decompression',
31 silly audit report       severity: 'high',
31 silly audit report       vulnerable_versions: '<6.24.0',
31 silly audit report       cwe: [Array],
31 silly audit report       cvss: [Object]
31 silly audit report     },
31 silly audit report     {
31 silly audit report       id: 1114640,
31 silly audit report       url: 'https://github.com/advisories/GHSA-v9p9-hfj2-hcw8',
31 silly audit report       title: 'Undici has Unhandled Exception in WebSocket Client Due to Invalid server_max_window_bits Validation',
31 silly audit report       severity: 'high',
31 silly audit report       vulnerable_versions: '<6.24.0',
31 silly audit report       cwe: [Array],
31 silly audit report       cvss: [Object]
31 silly audit report     },
31 silly audit report     {
31 silly audit report       id: 1114642,
31 silly audit report       url: 'https://github.com/advisories/GHSA-4992-7rv2-5pvq',
31 silly audit report       title: 'Undici has CRLF Injection in undici via `upgrade` option',
31 silly audit report       severity: 'moderate',
31 silly audit report       vulnerable_versions: '<6.24.0',
31 silly audit report       cwe: [Array],
31 silly audit report       cvss: [Object]
31 silly audit report     }
31 silly audit report   ],
31 silly audit report   ajv: [
31 silly audit report     {
31 silly audit report       id: 1113715,
31 silly audit report       url: 'https://github.com/advisories/GHSA-2g4f-4pwh-qvx6',
31 silly audit report       title: 'ajv has ReDoS when using `$data` option',
31 silly audit report       severity: 'moderate',
31 silly audit report       vulnerable_versions: '>=7.0.0-alpha.0 <8.18.0',
31 silly audit report       cwe: [Array],
31 silly audit report       cvss: [Object]
31 silly audit report     }
31 silly audit report   ],
31 silly audit report   next: [
31 silly audit report     {
31 silly audit report       id: 1116375,
31 silly audit report       url: 'https://github.com/advisories/GHSA-q4gf-8mx6-v5v3',
31 silly audit report       title: 'Next.js has a Denial of Service with Server Components',
31 silly audit report       severity: 'high',
31 silly audit report       vulnerable_versions: '>=16.0.0-beta.0 <16.2.3',
31 silly audit report       cwe: [Array],
31 silly audit report       cvss: [Object]
31 silly audit report     }
31 silly audit report   ],
31 silly audit report   'smol-toml': [
31 silly audit report     {
31 silly audit report       id: 1115393,
31 silly audit report       url: 'https://github.com/advisories/GHSA-v3rj-xjv7-4jmq',
31 silly audit report       title: 'smol-toml: Denial of Service via TOML documents containing thousands of consecutive commented lines',
31 silly audit report       severity: 'moderate',
31 silly audit report       vulnerable_versions: '<1.6.1',
31 silly audit report       cwe: [Array],
31 silly audit report       cvss: [Object]
31 silly audit report     }
31 silly audit report   ],
31 silly audit report   srvx: [
31 silly audit report     {
31 silly audit report       id: 1115537,
31 silly audit report       url: 'https://github.com/advisories/GHSA-p36q-q72m-gchr',
31 silly audit report       title: 'srvx is vulnerable to middleware bypass via absolute URI in request line ',
31 silly audit report       severity: 'moderate',
31 silly audit report       vulnerable_versions: '<0.11.13',
31 silly audit report       cwe: [Array],
31 silly audit report       cvss: [Object]
31 silly audit report     }
31 silly audit report   ],
31 silly audit report   tar: [
31 silly audit report     {
31 silly audit report       id: 1113375,
31 silly audit report       url: 'https://github.com/advisories/GHSA-83g3-92jg-28cx',
31 silly audit report       title: 'Arbitrary File Read/Write via Hardlink Target Escape Through Symlink Chain in node-tar Extraction',
31 silly audit report       severity: 'high',
31 silly audit report       vulnerable_versions: '<7.5.8',
31 silly audit report       cwe: [Array],
31 silly audit report       cvss: [Object]
31 silly audit report     },
31 silly audit report     {
31 silly audit report       id: 1114200,
31 silly audit report       url: 'https://github.com/advisories/GHSA-qffp-2rhf-9h96',
31 silly audit report       title: 'tar has Hardlink Path Traversal via Drive-Relative Linkpath',
31 silly audit report       severity: 'high',
31 silly audit report       vulnerable_versions: '<=7.5.9',
31 silly audit report       cwe: [Array],
31 silly audit report       cvss: [Object]
31 silly audit report     },
31 silly audit report     {
31 silly audit report       id: 1114302,
31 silly audit report       url: 'https://github.com/advisories/GHSA-9ppj-qmqm-q256',
31 silly audit report       title: 'node-tar Symlink Path Traversal via Drive-Relative Linkpath',
31 silly audit report       severity: 'high',
31 silly audit report       vulnerable_versions: '<=7.5.10',
31 silly audit report       cwe: [Array],
31 silly audit report       cvss: [Object]
31 silly audit report     }
31 silly audit report   ]
31 silly audit report }
32 silly packumentCache corgi:https://registry.npmjs.org/brace-expansion cache-miss
33 silly packumentCache corgi:https://registry.npmjs.org/minimatch cache-miss
34 silly packumentCache corgi:https://registry.npmjs.org/path-to-regexp cache-miss
35 silly packumentCache corgi:https://registry.npmjs.org/@tootallnate%2fonce cache-miss
36 silly packumentCache corgi:https://registry.npmjs.org/undici cache-miss
37 silly packumentCache corgi:https://registry.npmjs.org/ajv cache-miss
38 silly packumentCache corgi:https://registry.npmjs.org/next cache-miss
39 silly packumentCache corgi:https://registry.npmjs.org/smol-toml cache-miss
40 silly packumentCache corgi:https://registry.npmjs.org/srvx cache-miss
41 silly packumentCache corgi:https://registry.npmjs.org/tar cache-miss
42 http cache https://registry.npmjs.org/path-to-regexp 20ms (cache hit)
43 silly packumentCache corgi:https://registry.npmjs.org/path-to-regexp set size:66575 disposed:false
44 http cache https://registry.npmjs.org/minimatch 22ms (cache hit)
45 silly packumentCache corgi:https://registry.npmjs.org/minimatch set size:168441 disposed:false
46 http cache https://registry.npmjs.org/tar 19ms (cache hit)
47 silly packumentCache corgi:https://registry.npmjs.org/tar set size:199254 disposed:false
48 http cache https://registry.npmjs.org/brace-expansion 26ms (cache hit)
49 silly packumentCache corgi:https://registry.npmjs.org/brace-expansion set size:21298 disposed:false
50 http cache https://registry.npmjs.org/ajv 24ms (cache hit)
51 silly packumentCache corgi:https://registry.npmjs.org/ajv set size:464537 disposed:false
52 http cache https://registry.npmjs.org/undici 28ms (cache hit)
53 silly packumentCache corgi:https://registry.npmjs.org/undici set size:425958 disposed:false
54 http cache https://registry.npmjs.org/smol-toml 30ms (cache hit)
55 silly packumentCache corgi:https://registry.npmjs.org/smol-toml set size:21871 disposed:false
56 http cache https://registry.npmjs.org/srvx 29ms (cache hit)
57 silly packumentCache corgi:https://registry.npmjs.org/srvx set size:86505 disposed:false
58 http cache https://registry.npmjs.org/next 50ms (cache hit)
59 silly packumentCache corgi:https://registry.npmjs.org/next set size:24641914 disposed:false
60 http cache https://registry.npmjs.org/@tootallnate%2fonce 167ms (cache hit)
61 silly packumentCache corgi:https://registry.npmjs.org/@tootallnate%2fonce set size:10818 disposed:false
62 silly packumentCache corgi:https://registry.npmjs.org/@vercel%2fpython-analysis cache-miss
63 http cache https://registry.npmjs.org/@vercel%2fpython-analysis 1ms (cache hit)
64 silly packumentCache corgi:https://registry.npmjs.org/@vercel%2fpython-analysis set size:20934 disposed:false
65 silly packumentCache corgi:https://registry.npmjs.org/@vercel%2fnode cache-miss
66 silly packumentCache corgi:https://registry.npmjs.org/@vercel%2fremix-builder cache-miss
67 http cache https://registry.npmjs.org/@vercel%2fremix-builder 1ms (cache hit)
68 silly packumentCache corgi:https://registry.npmjs.org/@vercel%2fremix-builder set size:135534 disposed:false
69 http cache https://registry.npmjs.org/@vercel%2fnode 2ms (cache hit)
70 silly packumentCache corgi:https://registry.npmjs.org/@vercel%2fnode set size:809795 disposed:false
71 silly packumentCache corgi:https://registry.npmjs.org/@vercel%2ffun cache-miss
72 silly packumentCache corgi:https://registry.npmjs.org/@vercel%2fbackends cache-miss
73 silly packumentCache corgi:https://registry.npmjs.org/@vercel%2fexpress cache-miss
74 silly packumentCache corgi:https://registry.npmjs.org/@vercel%2fhono cache-miss
75 silly packumentCache corgi:https://registry.npmjs.org/router cache-miss
76 http cache https://registry.npmjs.org/router 2ms (cache hit)
77 silly packumentCache corgi:https://registry.npmjs.org/router set size:49911 disposed:false
78 http cache https://registry.npmjs.org/@vercel%2fexpress 3ms (cache hit)
79 silly packumentCache corgi:https://registry.npmjs.org/@vercel%2fexpress set size:98497 disposed:false
80 http cache https://registry.npmjs.org/@vercel%2ffun 3ms (cache hit)
81 silly packumentCache corgi:https://registry.npmjs.org/@vercel%2ffun set size:23528 disposed:false
82 http cache https://registry.npmjs.org/@vercel%2fbackends 3ms (cache hit)
83 silly packumentCache corgi:https://registry.npmjs.org/@vercel%2fbackends set size:63634 disposed:false
84 http cache https://registry.npmjs.org/@vercel%2fhono 3ms (cache hit)
85 silly packumentCache corgi:https://registry.npmjs.org/@vercel%2fhono set size:94759 disposed:false
86 silly packumentCache corgi:https://registry.npmjs.org/@vercel%2fstatic-config cache-miss
87 http cache https://registry.npmjs.org/@vercel%2fstatic-config 0ms (cache hit)
88 silly packumentCache corgi:https://registry.npmjs.org/@vercel%2fstatic-config set size:45645 disposed:false
89 silly packumentCache corgi:https://registry.npmjs.org/@opennextjs%2faws cache-miss
90 silly packumentCache corgi:https://registry.npmjs.org/@opennextjs%2fcloudflare cache-miss
91 http cache https://registry.npmjs.org/@opennextjs%2faws 9ms (cache hit)
92 silly packumentCache corgi:https://registry.npmjs.org/@opennextjs%2faws set size:75134 disposed:false
93 http cache https://registry.npmjs.org/@opennextjs%2fcloudflare 19ms (cache hit)
94 silly packumentCache corgi:https://registry.npmjs.org/@opennextjs%2fcloudflare set size:184253 disposed:false
95 silly packumentCache corgi:https://registry.npmjs.org/@vercel%2frust cache-miss
96 silly packumentCache corgi:https://registry.npmjs.org/vercel cache-miss
97 http cache https://registry.npmjs.org/@vercel%2frust 1ms (cache hit)
98 silly packumentCache corgi:https://registry.npmjs.org/@vercel%2frust set size:9921 disposed:false
99 http cache https://registry.npmjs.org/vercel 4ms (cache hit)
100 silly packumentCache corgi:https://registry.npmjs.org/vercel set size:4097268 disposed:false
101 silly packumentCache corgi:https://registry.npmjs.org/@mapbox%2fnode-pre-gyp cache-miss
102 http cache https://registry.npmjs.org/@mapbox%2fnode-pre-gyp 2ms (cache hit)
103 silly packumentCache corgi:https://registry.npmjs.org/@mapbox%2fnode-pre-gyp set size:47144 disposed:false
104 silly packumentCache corgi:https://registry.npmjs.org/@vercel%2fbuild-utils cache-miss
105 silly packumentCache corgi:https://registry.npmjs.org/@vercel%2fpython cache-miss
106 http cache https://registry.npmjs.org/@vercel%2fpython 3ms (cache hit)
107 silly packumentCache corgi:https://registry.npmjs.org/@vercel%2fpython set size:326725 disposed:false
108 http cache https://registry.npmjs.org/@vercel%2fbuild-utils 6ms (cache hit)
109 silly packumentCache corgi:https://registry.npmjs.org/@vercel%2fbuild-utils set size:801865 disposed:false
110 silly packumentCache corgi:https://registry.npmjs.org/@vercel%2felysia cache-miss
111 silly packumentCache corgi:https://registry.npmjs.org/@vercel%2ffastify cache-miss
112 silly packumentCache corgi:https://registry.npmjs.org/@vercel%2fh3 cache-miss
113 silly packumentCache corgi:https://registry.npmjs.org/@vercel%2fkoa cache-miss
114 silly packumentCache corgi:https://registry.npmjs.org/@vercel%2fnestjs cache-miss
115 http cache https://registry.npmjs.org/@vercel%2fh3 4ms (cache hit)
116 silly packumentCache corgi:https://registry.npmjs.org/@vercel%2fh3 set size:64206 disposed:false
117 http cache https://registry.npmjs.org/@vercel%2felysia 4ms (cache hit)
118 silly packumentCache corgi:https://registry.npmjs.org/@vercel%2felysia set size:55893 disposed:false
119 http cache https://registry.npmjs.org/@vercel%2fkoa 4ms (cache hit)
120 silly packumentCache corgi:https://registry.npmjs.org/@vercel%2fkoa set size:39358 disposed:false
121 http cache https://registry.npmjs.org/@vercel%2fnestjs 5ms (cache hit)
122 silly packumentCache corgi:https://registry.npmjs.org/@vercel%2fnestjs set size:64354 disposed:false
123 http cache https://registry.npmjs.org/@vercel%2ffastify 5ms (cache hit)
124 silly packumentCache corgi:https://registry.npmjs.org/@vercel%2ffastify set size:59910 disposed:false
125 silly packumentCache corgi:https://registry.npmjs.org/@vercel%2fcervel cache-miss
126 http cache https://registry.npmjs.org/@vercel%2fcervel 3ms (cache hit)
127 silly packumentCache corgi:https://registry.npmjs.org/@vercel%2fcervel set size:39102 disposed:false
128 silly packumentCache corgi:https://registry.npmjs.org/@vercel%2fhydrogen cache-miss
129 silly packumentCache corgi:https://registry.npmjs.org/@vercel%2fredwood cache-miss
130 silly packumentCache corgi:https://registry.npmjs.org/@vercel%2fstatic-build cache-miss
131 http cache https://registry.npmjs.org/@vercel%2fstatic-build 2ms (cache hit)
132 silly packumentCache corgi:https://registry.npmjs.org/@vercel%2fstatic-build set size:606262 disposed:false
133 http cache https://registry.npmjs.org/@vercel%2fhydrogen 5ms (cache hit)
134 silly packumentCache corgi:https://registry.npmjs.org/@vercel%2fhydrogen set size:122825 disposed:false
135 http cache https://registry.npmjs.org/@vercel%2fredwood 4ms (cache hit)
136 silly packumentCache corgi:https://registry.npmjs.org/@vercel%2fredwood set size:263483 disposed:false
137 silly packumentCache corgi:https://registry.npmjs.org/@vercel%2fgatsby-plugin-vercel-builder cache-miss
138 http cache https://registry.npmjs.org/@vercel%2fgatsby-plugin-vercel-builder 3ms (cache hit)
139 silly packumentCache corgi:https://registry.npmjs.org/@vercel%2fgatsby-plugin-vercel-builder set size:254021 disposed:false
140 verbose cwd /Users/enriquevaleros/.openclaw/workspace/evtradelabs-site
141 verbose os Darwin 25.3.0
142 verbose node v25.8.0
143 verbose npm  v11.11.0
144 verbose exit 0
145 info ok
