0 verbose cli /opt/homebrew/Cellar/node/25.8.0/bin/node /opt/homebrew/bin/npm
1 info using npm@11.11.0
2 info using node@v25.8.0
3 silly config load:file:/opt/homebrew/lib/node_modules/npm/npmrc
4 silly config load:file:/Users/enriquevaleros/.openclaw/workspace/evtradelabs-site/.npmrc
5 silly config load:file:/Users/enriquevaleros/.npmrc
6 silly config load:file:/opt/homebrew/etc/npmrc
7 verbose title npm install jsonwebtoken cookie
8 verbose argv "install" "jsonwebtoken" "cookie"
9 verbose logfile logs-max:10 dir:/Users/enriquevaleros/.openclaw/workspace/evtradelabs-site/_logs/2026-04-10T15_57_02_374Z-
10 verbose logfile /Users/enriquevaleros/.openclaw/workspace/evtradelabs-site/_logs/2026-04-10T15_57_02_374Z-debug-0.log
11 silly logfile start cleaning logs, removing 1 files
12 silly packumentCache heap:4496293888 maxSize:1124073472 maxEntrySize:562036736
13 silly logfile done cleaning log files
14 silly idealTree buildDeps
15 silly fetch manifest jsonwebtoken@*
16 silly packumentCache full:https://registry.npmjs.org/jsonwebtoken cache-miss
17 http fetch GET 200 https://registry.npmjs.org/jsonwebtoken 166ms (cache miss)
18 silly packumentCache full:https://registry.npmjs.org/jsonwebtoken set size:undefined disposed:false
19 silly fetch manifest cookie@*
20 silly packumentCache full:https://registry.npmjs.org/cookie cache-miss
21 http fetch GET 200 https://registry.npmjs.org/cookie 46ms (cache miss)
22 silly packumentCache full:https://registry.npmjs.org/cookie set size:undefined disposed:false
23 silly placeDep ROOT cookie@1.1.1 OK for: evtradelabs-site@0.1.0 want: *
24 silly placeDep ROOT jsonwebtoken@9.0.3 OK for: evtradelabs-site@0.1.0 want: *
25 silly fetch manifest jws@^4.0.1
26 silly packumentCache full:https://registry.npmjs.org/jws cache-miss
27 silly fetch manifest semver@^7.5.4
28 silly packumentCache full:https://registry.npmjs.org/semver cache-miss
29 silly fetch manifest lodash.once@^4.0.0
30 silly packumentCache full:https://registry.npmjs.org/lodash.once cache-miss
31 silly fetch manifest lodash.includes@^4.3.0
32 silly packumentCache full:https://registry.npmjs.org/lodash.includes cache-miss
33 silly fetch manifest lodash.isnumber@^3.0.3
34 silly packumentCache full:https://registry.npmjs.org/lodash.isnumber cache-miss
35 silly fetch manifest lodash.isstring@^4.0.1
36 silly packumentCache full:https://registry.npmjs.org/lodash.isstring cache-miss
37 silly fetch manifest lodash.isboolean@^3.0.3
38 silly packumentCache full:https://registry.npmjs.org/lodash.isboolean cache-miss
39 silly fetch manifest lodash.isinteger@^4.0.4
40 silly packumentCache full:https://registry.npmjs.org/lodash.isinteger cache-miss
41 silly fetch manifest lodash.isplainobject@^4.0.6
42 silly packumentCache full:https://registry.npmjs.org/lodash.isplainobject cache-miss
43 http fetch GET 200 https://registry.npmjs.org/jws 46ms (cache miss)
44 silly packumentCache full:https://registry.npmjs.org/jws set size:undefined disposed:false
45 http fetch GET 200 https://registry.npmjs.org/lodash.once 108ms (cache miss)
46 silly packumentCache full:https://registry.npmjs.org/lodash.once set size:undefined disposed:false
47 http fetch GET 200 https://registry.npmjs.org/lodash.isstring 112ms (cache miss)
48 silly packumentCache full:https://registry.npmjs.org/lodash.isstring set size:undefined disposed:false
49 http fetch GET 200 https://registry.npmjs.org/lodash.isinteger 116ms (cache miss)
50 silly packumentCache full:https://registry.npmjs.org/lodash.isinteger set size:undefined disposed:false
51 http fetch GET 200 https://registry.npmjs.org/lodash.isnumber 119ms (cache miss)
52 silly packumentCache full:https://registry.npmjs.org/lodash.isnumber set size:undefined disposed:false
53 http fetch GET 200 https://registry.npmjs.org/lodash.isplainobject 131ms (cache miss)
54 silly packumentCache full:https://registry.npmjs.org/lodash.isplainobject set size:undefined disposed:false
55 http fetch GET 200 https://registry.npmjs.org/lodash.includes 139ms (cache miss)
56 silly packumentCache full:https://registry.npmjs.org/lodash.includes set size:undefined disposed:false
57 http fetch GET 200 https://registry.npmjs.org/lodash.isboolean 147ms (cache miss)
58 silly packumentCache full:https://registry.npmjs.org/lodash.isboolean set size:undefined disposed:false
59 http fetch GET 200 https://registry.npmjs.org/semver 211ms (cache revalidated)
60 silly packumentCache full:https://registry.npmjs.org/semver set size:229620 disposed:false
61 silly placeDep ROOT jws@4.0.1 OK for: jsonwebtoken@9.0.3 want: ^4.0.1
62 silly placeDep ROOT lodash.includes@4.3.0 OK for: jsonwebtoken@9.0.3 want: ^4.3.0
63 silly placeDep ROOT lodash.isboolean@3.0.3 OK for: jsonwebtoken@9.0.3 want: ^3.0.3
64 silly placeDep ROOT lodash.isinteger@4.0.4 OK for: jsonwebtoken@9.0.3 want: ^4.0.4
65 silly placeDep ROOT lodash.isnumber@3.0.3 OK for: jsonwebtoken@9.0.3 want: ^3.0.3
66 silly placeDep ROOT lodash.isplainobject@4.0.6 OK for: jsonwebtoken@9.0.3 want: ^4.0.6
67 silly placeDep ROOT lodash.isstring@4.0.1 OK for: jsonwebtoken@9.0.3 want: ^4.0.1
68 silly placeDep ROOT lodash.once@4.1.1 OK for: jsonwebtoken@9.0.3 want: ^4.0.0
69 silly placeDep node_modules/jsonwebtoken semver@7.7.4 OK for: jsonwebtoken@9.0.3 want: ^7.5.4
70 silly fetch manifest jwa@^2.0.1
71 silly packumentCache full:https://registry.npmjs.org/jwa cache-miss
72 silly fetch manifest safe-buffer@^5.0.1
73 silly packumentCache full:https://registry.npmjs.org/safe-buffer cache-miss
74 http fetch GET 200 https://registry.npmjs.org/safe-buffer 45ms (cache miss)
75 silly packumentCache full:https://registry.npmjs.org/safe-buffer set size:undefined disposed:false
76 http fetch GET 200 https://registry.npmjs.org/jwa 57ms (cache miss)
77 silly packumentCache full:https://registry.npmjs.org/jwa set size:undefined disposed:false
78 silly placeDep ROOT jwa@2.0.1 OK for: jws@4.0.1 want: ^2.0.1
79 silly placeDep ROOT safe-buffer@5.2.1 OK for: jws@4.0.1 want: ^5.0.1
80 silly fetch manifest ecdsa-sig-formatter@1.0.11
81 silly packumentCache full:https://registry.npmjs.org/ecdsa-sig-formatter cache-miss
82 silly fetch manifest buffer-equal-constant-time@^1.0.1
83 silly packumentCache full:https://registry.npmjs.org/buffer-equal-constant-time cache-miss
84 http fetch GET 200 https://registry.npmjs.org/ecdsa-sig-formatter 39ms (cache miss)
85 silly packumentCache full:https://registry.npmjs.org/ecdsa-sig-formatter set size:undefined disposed:false
86 http fetch GET 200 https://registry.npmjs.org/buffer-equal-constant-time 50ms (cache miss)
87 silly packumentCache full:https://registry.npmjs.org/buffer-equal-constant-time set size:undefined disposed:false
88 silly placeDep ROOT buffer-equal-constant-time@1.0.1 OK for: jwa@2.0.1 want: ^1.0.1
89 silly placeDep ROOT ecdsa-sig-formatter@1.0.11 OK for: jwa@2.0.1 want: 1.0.11
90 silly fetch manifest nodemailer@^6.8.0
91 silly packumentCache full:https://registry.npmjs.org/nodemailer cache-miss
92 http fetch GET 200 https://registry.npmjs.org/nodemailer 521ms (cache revalidated)
93 silly packumentCache full:https://registry.npmjs.org/nodemailer set size:572865 disposed:false
94 warn ERESOLVE overriding peer dependency {
94 warn ERESOLVE   code: 'ERESOLVE',
94 warn ERESOLVE   edge: {
94 warn ERESOLVE     type: 'peerOptional',
94 warn ERESOLVE     name: 'nodemailer',
94 warn ERESOLVE     spec: '^6.8.0',
94 warn ERESOLVE     error: 'INVALID',
94 warn ERESOLVE     from: {
94 warn ERESOLVE       name: '@auth/core',
94 warn ERESOLVE       version: '0.41.0',
94 warn ERESOLVE       location: 'node_modules/next-auth/node_modules/@auth/core',
94 warn ERESOLVE       isWorkspace: false,
94 warn ERESOLVE       dependents: [Array]
94 warn ERESOLVE     }
94 warn ERESOLVE   },
94 warn ERESOLVE   dep: {
94 warn ERESOLVE     name: 'nodemailer',
94 warn ERESOLVE     version: '6.10.1',
94 warn ERESOLVE     whileInstalling: {
94 warn ERESOLVE       name: '@auth/core',
94 warn ERESOLVE       version: '0.41.0',
94 warn ERESOLVE       path: '/Users/enriquevaleros/.openclaw/workspace/evtradelabs-site/node_modules/next-auth/node_modules/@auth/core'
94 warn ERESOLVE     },
94 warn ERESOLVE     location: 'node_modules/nodemailer',
94 warn ERESOLVE     isWorkspace: false,
94 warn ERESOLVE     dependents: [ [Object] ]
94 warn ERESOLVE   },
94 warn ERESOLVE   force: false,
94 warn ERESOLVE   isMine: false,
94 warn ERESOLVE   strictPeerDeps: false,
94 warn ERESOLVE   current: {
94 warn ERESOLVE     name: 'nodemailer',
94 warn ERESOLVE     version: '7.0.13',
94 warn ERESOLVE     location: 'node_modules/nodemailer',
94 warn ERESOLVE     isWorkspace: false,
94 warn ERESOLVE     dependents: [ [Object], [Object], [Object] ]
94 warn ERESOLVE   },
94 warn ERESOLVE   peerConflict: {
94 warn ERESOLVE     current: {
94 warn ERESOLVE       name: 'nodemailer',
94 warn ERESOLVE       version: '7.0.13',
94 warn ERESOLVE       location: 'node_modules/nodemailer',
94 warn ERESOLVE       isWorkspace: false,
94 warn ERESOLVE       dependents: [Array]
94 warn ERESOLVE     },
94 warn ERESOLVE     peer: {
94 warn ERESOLVE       name: 'nodemailer',
94 warn ERESOLVE       version: '6.10.1',
94 warn ERESOLVE       whileInstalling: [Object],
94 warn ERESOLVE       location: 'node_modules/nodemailer',
94 warn ERESOLVE       isWorkspace: false,
94 warn ERESOLVE       dependents: [Array]
94 warn ERESOLVE     }
94 warn ERESOLVE   }
94 warn ERESOLVE }
95 warn EBADENGINE Unsupported engine {
95 warn EBADENGINE   package: '@renovatebot/pep440@4.2.1',
95 warn EBADENGINE   required: { node: '^20.9.0 || ^22.11.0 || ^24', pnpm: '^10.0.0' },
95 warn EBADENGINE   current: { node: 'v25.8.0', npm: '11.11.0' }
95 warn EBADENGINE }
96 silly reify moves {}
97 silly audit bulk request {
97 silly audit   '@alloc/quick-lru': [ '5.2.0' ],
97 silly audit   '@auth/core': [ '0.41.1', '0.41.0' ],
97 silly audit   jose: [ '6.2.2', '5.9.6' ],
97 silly audit   '@auth/prisma-adapter': [ '2.11.1' ],
97 silly audit   '@babel/code-frame': [ '7.29.0' ],
97 silly audit   '@babel/compat-data': [ '7.29.0' ],
97 silly audit   '@babel/core': [ '7.29.0' ],
97 silly audit   '@babel/generator': [ '7.29.1' ],
97 silly audit   '@babel/helper-compilation-targets': [ '7.28.6' ],
97 silly audit   '@babel/helper-globals': [ '7.28.0' ],
97 silly audit   '@babel/helper-module-imports': [ '7.28.6' ],
97 silly audit   '@babel/helper-module-transforms': [ '7.28.6' ],
97 silly audit   '@babel/helper-string-parser': [ '7.27.1' ],
97 silly audit   '@babel/helper-validator-identifier': [ '7.28.5' ],
97 silly audit   '@babel/helper-validator-option': [ '7.27.1' ],
97 silly audit   '@babel/helpers': [ '7.29.2' ],
97 silly audit   '@babel/parser': [ '7.29.2' ],
97 silly audit   '@babel/template': [ '7.28.6' ],
97 silly audit   '@babel/traverse': [ '7.29.0' ],
97 silly audit   '@babel/types': [ '7.29.0' ],
97 silly audit   '@bytecodealliance/preview2-shim': [ '0.17.6' ],
97 silly audit   '@edge-runtime/format': [ '2.2.1' ],
97 silly audit   '@edge-runtime/node-utils': [ '2.3.0' ],
97 silly audit   '@edge-runtime/ponyfill': [ '2.4.2' ],
97 silly audit   '@edge-runtime/primitives': [ '4.1.0' ],
97 silly audit   '@edge-runtime/vm': [ '3.2.0' ],
97 silly audit   '@emnapi/core': [ '1.9.1' ],
97 silly audit   '@emnapi/runtime': [ '1.9.1' ],
97 silly audit   '@emnapi/wasi-threads': [ '1.2.0' ],
97 silly audit   '@esbuild/aix-ppc64': [ '0.27.0' ],
97 silly audit   '@esbuild/android-arm': [ '0.27.0' ],
97 silly audit   '@esbuild/android-arm64': [ '0.27.0' ],
97 silly audit   '@esbuild/android-x64': [ '0.27.0' ],
97 silly audit   '@esbuild/darwin-arm64': [ '0.27.0' ],
97 silly audit   '@esbuild/darwin-x64': [ '0.27.0' ],
97 silly audit   '@esbuild/freebsd-arm64': [ '0.27.0' ],
97 silly audit   '@esbuild/freebsd-x64': [ '0.27.0' ],
97 silly audit   '@esbuild/linux-arm': [ '0.27.0' ],
97 silly audit   '@esbuild/linux-arm64': [ '0.27.0' ],
97 silly audit   '@esbuild/linux-ia32': [ '0.27.0' ],
97 silly audit   '@esbuild/linux-loong64': [ '0.27.0' ],
97 silly audit   '@esbuild/linux-mips64el': [ '0.27.0' ],
97 silly audit   '@esbuild/linux-ppc64': [ '0.27.0' ],
97 silly audit   '@esbuild/linux-riscv64': [ '0.27.0' ],
97 silly audit   '@esbuild/linux-s390x': [ '0.27.0' ],
97 silly audit   '@esbuild/linux-x64': [ '0.27.0' ],
97 silly audit   '@esbuild/netbsd-arm64': [ '0.27.0' ],
97 silly audit   '@esbuild/netbsd-x64': [ '0.27.0' ],
97 silly audit   '@esbuild/openbsd-arm64': [ '0.27.0' ],
97 silly audit   '@esbuild/openbsd-x64': [ '0.27.0' ],
97 silly audit   '@esbuild/openharmony-arm64': [ '0.27.0' ],
97 silly audit   '@esbuild/sunos-x64': [ '0.27.0' ],
97 silly audit   '@esbuild/win32-arm64': [ '0.27.0' ],
97 silly audit   '@esbuild/win32-ia32': [ '0.27.0' ],
97 silly audit   '@esbuild/win32-x64': [ '0.27.0' ],
97 silly audit   '@eslint-community/eslint-utils': [ '4.9.1' ],
97 silly audit   'eslint-visitor-keys': [ '3.4.3', '5.0.1', '4.2.1' ],
97 silly audit   '@eslint-community/regexpp': [ '4.12.2' ],
97 silly audit   '@eslint/config-array': [ '0.21.2' ],
97 silly audit   '@eslint/config-helpers': [ '0.4.2' ],
97 silly audit   '@eslint/core': [ '0.17.0' ],
97 silly audit   '@eslint/eslintrc': [ '3.3.5' ],
97 silly audit   '@eslint/js': [ '9.39.4' ],
97 silly audit   '@eslint/object-schema': [ '2.1.7' ],
97 silly audit   '@eslint/plugin-kit': [ '0.4.1' ],
97 silly audit   '@fastify/busboy': [ '2.1.1' ],
97 silly audit   '@humanfs/core': [ '0.19.1' ],
97 silly audit   '@humanfs/node': [ '0.16.7' ],
97 silly audit   '@humanwhocodes/module-importer': [ '1.0.1' ],
97 silly audit   '@humanwhocodes/retry': [ '0.4.3' ],
97 silly audit   '@img/colour': [ '1.1.0' ],
97 silly audit   '@img/sharp-darwin-arm64': [ '0.34.5' ],
97 silly audit   '@img/sharp-darwin-x64': [ '0.34.5' ],
97 silly audit   '@img/sharp-libvips-darwin-arm64': [ '1.2.4' ],
97 silly audit   '@img/sharp-libvips-darwin-x64': [ '1.2.4' ],
97 silly audit   '@img/sharp-libvips-linux-arm': [ '1.2.4' ],
97 silly audit   '@img/sharp-libvips-linux-arm64': [ '1.2.4' ],
97 silly audit   '@img/sharp-libvips-linux-ppc64': [ '1.2.4' ],
97 silly audit   '@img/sharp-libvips-linux-riscv64': [ '1.2.4' ],
97 silly audit   '@img/sharp-libvips-linux-s390x': [ '1.2.4' ],
97 silly audit   '@img/sharp-libvips-linux-x64': [ '1.2.4' ],
97 silly audit   '@img/sharp-libvips-linuxmusl-arm64': [ '1.2.4' ],
97 silly audit   '@img/sharp-libvips-linuxmusl-x64': [ '1.2.4' ],
97 silly audit   '@img/sharp-linux-arm': [ '0.34.5' ],
97 silly audit   '@img/sharp-linux-arm64': [ '0.34.5' ],
97 silly audit   '@img/sharp-linux-ppc64': [ '0.34.5' ],
97 silly audit   '@img/sharp-linux-riscv64': [ '0.34.5' ],
97 silly audit   '@img/sharp-linux-s390x': [ '0.34.5' ],
97 silly audit   '@img/sharp-linux-x64': [ '0.34.5' ],
97 silly audit   '@img/sharp-linuxmusl-arm64': [ '0.34.5' ],
97 silly audit   '@img/sharp-linuxmusl-x64': [ '0.34.5' ],
97 silly audit   '@img/sharp-wasm32': [ '0.34.5' ],
97 silly audit   '@img/sharp-win32-arm64': [ '0.34.5' ],
97 silly audit   '@img/sharp-win32-ia32': [ '0.34.5' ],
97 silly audit   '@img/sharp-win32-x64': [ '0.34.5' ],
97 silly audit   '@isaacs/balanced-match': [ '4.0.1' ],
97 silly audit   '@isaacs/brace-expansion': [ '5.0.1' ],
97 silly audit   '@isaacs/fs-minipass': [ '4.0.1' ],
97 silly audit   '@jridgewell/gen-mapping': [ '0.3.13' ],
97 silly audit   '@jridgewell/remapping': [ '2.3.5' ],
97 silly audit   '@jridgewell/resolve-uri': [ '3.1.2' ],
97 silly audit   '@jridgewell/sourcemap-codec': [ '1.5.5' ],
97 silly audit   '@jridgewell/trace-mapping': [ '0.3.31' ],
97 silly audit   '@mapbox/node-pre-gyp': [ '2.0.3' ],
97 silly audit   semver: [ '7.7.4', '7.5.4', '6.3.1' ],
97 silly audit   '@napi-rs/wasm-runtime': [ '0.2.12', '1.1.3' ],
97 silly audit   '@next/env': [ '16.2.1' ],
97 silly audit   '@next/eslint-plugin-next': [ '16.2.1' ],
97 silly audit   '@next/swc-darwin-arm64': [ '16.2.1' ],
97 silly audit   '@next/swc-darwin-x64': [ '16.2.1' ],
97 silly audit   '@next/swc-linux-arm64-gnu': [ '16.2.1' ],
97 silly audit   '@next/swc-linux-arm64-musl': [ '16.2.1' ],
97 silly audit   '@next/swc-linux-x64-gnu': [ '16.2.1' ],
97 silly audit   '@next/swc-linux-x64-musl': [ '16.2.1' ],
97 silly audit   '@next/swc-win32-arm64-msvc': [ '16.2.1' ],
97 silly audit   '@next/swc-win32-x64-msvc': [ '16.2.1' ],
97 silly audit   '@nodelib/fs.scandir': [ '2.1.5' ],
97 silly audit   '@nodelib/fs.stat': [ '2.0.5' ],
97 silly audit   '@nodelib/fs.walk': [ '1.2.8' ],
97 silly audit   '@nolyfill/is-core-module': [ '1.0.39' ],
97 silly audit   '@oxc-project/types': [ '0.110.0' ],
97 silly audit   '@oxc-transform/binding-android-arm-eabi': [ '0.111.0' ],
97 silly audit   '@oxc-transform/binding-android-arm64': [ '0.111.0' ],
97 silly audit   '@oxc-transform/binding-darwin-arm64': [ '0.111.0' ],
97 silly audit   '@oxc-transform/binding-darwin-x64': [ '0.111.0' ],
97 silly audit   '@oxc-transform/binding-freebsd-x64': [ '0.111.0' ],
97 silly audit   '@oxc-transform/binding-linux-arm-gnueabihf': [ '0.111.0' ],
97 silly audit   '@oxc-transform/binding-linux-arm-musleabihf': [ '0.111.0' ],
97 silly audit   '@oxc-transform/binding-linux-arm64-gnu': [ '0.111.0' ],
97 silly audit   '@oxc-transform/binding-linux-arm64-musl': [ '0.111.0' ],
97 silly audit   '@oxc-transform/binding-linux-ppc64-gnu': [ '0.111.0' ],
97 silly audit   '@oxc-transform/binding-linux-riscv64-gnu': [ '0.111.0' ],
97 silly audit   '@oxc-transform/binding-linux-riscv64-musl': [ '0.111.0' ],
97 silly audit   '@oxc-transform/binding-linux-s390x-gnu': [ '0.111.0' ],
97 silly audit   '@oxc-transform/binding-linux-x64-gnu': [ '0.111.0' ],
97 silly audit   '@oxc-transform/binding-linux-x64-musl': [ '0.111.0' ],
97 silly audit   '@oxc-transform/binding-openharmony-arm64': [ '0.111.0' ],
97 silly audit   '@oxc-transform/binding-wasm32-wasi': [ '0.111.0' ],
97 silly audit   '@oxc-transform/binding-win32-arm64-msvc': [ '0.111.0' ],
97 silly audit   '@oxc-transform/binding-win32-ia32-msvc': [ '0.111.0' ],
97 silly audit   '@oxc-transform/binding-win32-x64-msvc': [ '0.111.0' ],
97 silly audit   '@panva/hkdf': [ '1.2.1' ],
97 silly audit   '@prisma/client': [ '5.22.0' ],
97 silly audit   '@prisma/debug': [ '5.22.0' ],
97 silly audit   '@prisma/engines': [ '5.22.0' ],
97 silly audit   '@prisma/engines-version': [ '5.22.0-44.605197351a3c8bdd595af2d2a9bc3025bca48ea2' ],
97 silly audit   '@prisma/fetch-engine': [ '5.22.0' ],
97 silly audit   '@prisma/get-platform': [ '5.22.0' ],
97 silly audit   '@renovatebot/pep440': [ '4.2.1' ],
97 silly audit   '@rolldown/binding-android-arm64': [ '1.0.0-rc.1' ],
97 silly audit   '@rolldown/binding-darwin-arm64': [ '1.0.0-rc.1' ],
97 silly audit   '@rolldown/binding-darwin-x64': [ '1.0.0-rc.1' ],
97 silly audit   '@rolldown/binding-freebsd-x64': [ '1.0.0-rc.1' ],
97 silly audit   '@rolldown/binding-linux-arm-gnueabihf': [ '1.0.0-rc.1' ],
97 silly audit   '@rolldown/binding-linux-arm64-gnu': [ '1.0.0-rc.1' ],
97 silly audit   '@rolldown/binding-linux-arm64-musl': [ '1.0.0-rc.1' ],
97 silly audit   '@rolldown/binding-linux-x64-gnu': [ '1.0.0-rc.1' ],
97 silly audit   '@rolldown/binding-linux-x64-musl': [ '1.0.0-rc.1' ],
97 silly audit   '@rolldown/binding-openharmony-arm64': [ '1.0.0-rc.1' ],
97 silly audit   '@rolldown/binding-wasm32-wasi': [ '1.0.0-rc.1' ],
97 silly audit   '@rolldown/binding-win32-arm64-msvc': [ '1.0.0-rc.1' ],
97 silly audit   '@rolldown/binding-win32-x64-msvc': [ '1.0.0-rc.1' ],
97 silly audit   '@rolldown/pluginutils': [ '1.0.0-rc.1' ],
97 silly audit   '@rollup/pluginutils': [ '5.3.0' ],
97 silly audit   picomatch: [ '4.0.4', '2.3.2' ],
97 silly audit   '@rtsao/scc': [ '1.1.0' ],
97 silly audit   '@sinclair/typebox': [ '0.25.24' ],
97 silly audit   '@stablelib/base64': [ '1.0.1' ],
97 silly audit   '@stripe/react-stripe-js': [ '6.1.0' ],
97 silly audit   '@stripe/stripe-js': [ '9.1.0' ],
97 silly audit   '@swc/helpers': [ '0.5.15' ],
97 silly audit   '@tailwindcss/node': [ '4.2.2' ],
97 silly audit   '@tailwindcss/oxide': [ '4.2.2' ],
97 silly audit   '@tailwindcss/oxide-android-arm64': [ '4.2.2' ],
97 silly audit   '@tailwindcss/oxide-darwin-arm64': [ '4.2.2' ],
97 silly audit   '@tailwindcss/oxide-darwin-x64': [ '4.2.2' ],
97 silly audit   '@tailwindcss/oxide-freebsd-x64': [ '4.2.2' ],
97 silly audit   '@tailwindcss/oxide-linux-arm-gnueabihf': [ '4.2.2' ],
97 silly audit   '@tailwindcss/oxide-linux-arm64-gnu': [ '4.2.2' ],
97 silly audit   '@tailwindcss/oxide-linux-arm64-musl': [ '4.2.2' ],
97 silly audit   '@tailwindcss/oxide-linux-x64-gnu': [ '4.2.2' ],
97 silly audit   '@tailwindcss/oxide-linux-x64-musl': [ '4.2.2' ],
97 silly audit   '@tailwindcss/oxide-wasm32-wasi': [ '4.2.2' ],
97 silly audit   '@tailwindcss/oxide-win32-arm64-msvc': [ '4.2.2' ],
97 silly audit   '@tailwindcss/oxide-win32-x64-msvc': [ '4.2.2' ],
97 silly audit   '@tailwindcss/postcss': [ '4.2.2' ],
97 silly audit   '@tootallnate/once': [ '2.0.0' ],
97 silly audit   '@tootallnate/quickjs-emscripten': [ '0.23.0' ],
97 silly audit   '@ts-morph/common': [ '0.11.1' ],
97 silly audit   '@tybys/wasm-util': [ '0.10.1' ],
97 silly audit   '@types/estree': [ '1.0.8' ],
97 silly audit   '@types/json-schema': [ '7.0.15' ],
97 silly audit   '@types/json5': [ '0.0.29' ],
97 silly audit   '@types/node': [ '20.19.37', '20.11.0' ],
97 silly audit   '@types/react': [ '19.2.14' ],
97 silly audit   '@types/react-dom': [ '19.2.3' ],
97 silly audit   '@typescript-eslint/eslint-plugin': [ '8.57.2' ],
97 silly audit   ignore: [ '7.0.5', '5.3.2' ],
97 silly audit   '@typescript-eslint/parser': [ '8.57.2' ],
97 silly audit   '@typescript-eslint/project-service': [ '8.57.2' ],
97 silly audit   '@typescript-eslint/scope-manager': [ '8.57.2' ],
97 silly audit   '@typescript-eslint/tsconfig-utils': [ '8.57.2' ],
97 silly audit   '@typescript-eslint/type-utils': [ '8.57.2' ],
97 silly audit   '@typescript-eslint/types': [ '8.57.2' ],
97 silly audit   '@typescript-eslint/typescript-estree': [ '8.57.2' ],
97 silly audit   'balanced-match': [ '4.0.4', '1.0.2' ],
97 silly audit   'brace-expansion': [ '5.0.5', '1.1.12' ],
97 silly audit   minimatch: [ '10.2.4', '10.1.1', '10.2.5', '3.1.5' ],
97 silly audit   '@typescript-eslint/utils': [ '8.57.2' ],
97 silly audit   '@typescript-eslint/visitor-keys': [ '8.57.2' ],
97 silly audit   '@unrs/resolver-binding-android-arm-eabi': [ '1.11.1' ],
97 silly audit   '@unrs/resolver-binding-android-arm64': [ '1.11.1' ],
97 silly audit   '@unrs/resolver-binding-darwin-arm64': [ '1.11.1' ],
97 silly audit   '@unrs/resolver-binding-darwin-x64': [ '1.11.1' ],
97 silly audit   '@unrs/resolver-binding-freebsd-x64': [ '1.11.1' ],
97 silly audit   '@unrs/resolver-binding-linux-arm-gnueabihf': [ '1.11.1' ],
97 silly audit   '@unrs/resolver-binding-linux-arm-musleabihf': [ '1.11.1' ],
97 silly audit   '@unrs/resolver-binding-linux-arm64-gnu': [ '1.11.1' ],
97 silly audit   '@unrs/resolver-binding-linux-arm64-musl': [ '1.11.1' ],
97 silly audit   '@unrs/resolver-binding-linux-ppc64-gnu': [ '1.11.1' ],
97 silly audit   '@unrs/resolver-binding-linux-riscv64-gnu': [ '1.11.1' ],
97 silly audit   '@unrs/resolver-binding-linux-riscv64-musl': [ '1.11.1' ],
97 silly audit   '@unrs/resolver-binding-linux-s390x-gnu': [ '1.11.1' ],
97 silly audit   '@unrs/resolver-binding-linux-x64-gnu': [ '1.11.1' ],
97 silly audit   '@unrs/resolver-binding-linux-x64-musl': [ '1.11.1' ],
97 silly audit   '@unrs/resolver-binding-wasm32-wasi': [ '1.11.1' ],
97 silly audit   '@unrs/resolver-binding-win32-arm64-msvc': [ '1.11.1' ],
97 silly audit   '@unrs/resolver-binding-win32-ia32-msvc': [ '1.11.1' ],
97 silly audit   '@unrs/resolver-binding-win32-x64-msvc': [ '1.11.1' ],
97 silly audit   '@vercel/backends': [ '0.0.57' ],
97 silly audit   zod: [ '3.22.4', '3.24.4', '4.3.6' ],
97 silly audit   '@vercel/blob': [ '2.3.0' ],
97 silly audit   '@vercel/build-utils': [ '13.14.0' ],
97 silly audit   '@vercel/cervel': [ '0.0.44' ],
97 silly audit   '@vercel/detect-agent': [ '1.2.1' ],
97 silly audit   '@vercel/elysia': [ '0.1.60' ],
97 silly audit   '@vercel/error-utils': [ '2.0.3' ],
97 silly audit   '@vercel/express': [ '0.1.70' ],
97 silly audit   '@vercel/fastify': [ '0.1.63' ],
97 silly audit   '@vercel/fun': [ '1.3.0' ],
97 silly audit   debug: [ '4.3.4', '4.4.3', '3.2.7' ],
97 silly audit   ms: [ '2.1.2', '2.1.1', '2.1.3' ],
97 silly audit   'lru-cache': [ '6.0.0', '5.1.1', '11.3.3', '7.18.3' ],
97 silly audit   'path-to-regexp': [ '8.2.0', '6.1.0', '8.3.0', '6.3.0' ],
97 silly audit   yallist: [ '4.0.0', '5.0.0', '3.1.1' ],
97 silly audit   '@vercel/gatsby-plugin-vercel-analytics': [ '1.0.11' ],
97 silly audit   '@vercel/gatsby-plugin-vercel-builder': [ '2.1.10' ],
97 silly audit   '@vercel/go': [ '3.4.7' ],
97 silly audit   '@vercel/h3': [ '0.1.69' ],
97 silly audit   '@vercel/hono': [ '0.2.63' ],
97 silly audit   '@vercel/hydrogen': [ '1.3.6' ],
97 silly audit   '@vercel/koa': [ '0.1.43' ],
97 silly audit   '@vercel/nestjs': [ '0.2.64' ],
97 silly audit   '@vercel/next': [ '4.16.5' ],
97 silly audit   '@vercel/nft': [ '1.5.0' ],
97 silly audit   'resolve-from': [ '5.0.0', '4.0.0' ],
97 silly audit   '@vercel/node': [ '5.7.2' ],
97 silly audit   'async-listen': [ '3.0.0', '1.2.0', '3.0.1' ],
97 silly audit   'es-module-lexer': [ '1.4.1', '1.5.0' ],
97 silly audit   'node-fetch': [ '2.6.9', '2.6.7' ],
97 silly audit   undici: [ '5.28.4', '7.24.7', '6.24.1' ],
97 silly audit   'undici-types': [ '5.26.5', '6.21.0' ],
97 silly audit   '@vercel/oidc': [ '3.2.0' ],
97 silly audit   '@vercel/prepare-flags-definitions': [ '0.2.1' ],
97 silly audit   '@vercel/python': [ '6.29.0' ],
97 silly audit   '@vercel/python-analysis': [ '0.11.0' ],
97 silly audit   'fs-extra': [ '11.1.1', '11.1.0' ],
97 silly audit   '@vercel/redwood': [ '2.4.12' ],
97 silly audit   '@vercel/remix-builder': [ '5.7.2' ],
97 silly audit   '@vercel/ruby': [ '2.3.2' ],
97 silly audit   '@vercel/rust': [ '1.1.0' ],
97 silly audit   execa: [ '5.1.1', '3.2.0' ],
97 silly audit   'get-stream': [ '6.0.1', '5.2.0' ],
97 silly audit   'human-signals': [ '2.1.0', '1.1.1' ],
97 silly audit   'signal-exit': [ '3.0.7', '4.0.2' ],
97 silly audit   '@vercel/sandbox': [ '1.9.0' ],
97 silly audit   '@vercel/static-build': [ '2.9.10' ],
97 silly audit   '@vercel/static-config': [ '3.2.0' ],
97 silly audit   ajv: [ '8.6.3', '6.14.0' ],
97 silly audit   'json-schema-traverse': [ '1.0.0', '0.4.1' ],
97 silly audit   abbrev: [ '3.0.1' ],
97 silly audit   acorn: [ '8.16.0' ],
97 silly audit   'acorn-import-attributes': [ '1.9.5' ],
97 silly audit   'acorn-jsx': [ '5.3.2' ],
97 silly audit   'agent-base': [ '7.1.4' ],
97 silly audit   'ansi-styles': [ '4.3.0' ],
97 silly audit   'any-promise': [ '1.3.0' ],
97 silly audit   arg: [ '4.1.0' ],
97 silly audit   argparse: [ '2.0.1' ],
97 silly audit   'aria-query': [ '5.3.2' ],
97 silly audit   'array-buffer-byte-length': [ '1.0.2' ],
97 silly audit   'array-includes': [ '3.1.9' ],
97 silly audit   'array.prototype.findlast': [ '1.2.5' ],
97 silly audit   'array.prototype.findlastindex': [ '1.2.6' ],
97 silly audit   'array.prototype.flat': [ '1.3.3' ],
97 silly audit   'array.prototype.flatmap': [ '1.3.3' ],
97 silly audit   'array.prototype.tosorted': [ '1.1.4' ],
97 silly audit   'arraybuffer.prototype.slice': [ '1.0.4' ],
97 silly audit   'ast-types': [ '0.13.4' ],
97 silly audit   'ast-types-flow': [ '0.0.8' ],
97 silly audit   'async-function': [ '1.0.0' ],
97 silly audit   'async-retry': [ '1.3.3' ],
97 silly audit   'async-sema': [ '3.1.1' ],
97 silly audit   asynckit: [ '0.4.0' ],
97 silly audit   'available-typed-arrays': [ '1.0.7' ],
97 silly audit   'axe-core': [ '4.11.1' ],
97 silly audit   'axobject-query': [ '4.1.0' ],
97 silly audit   b4a: [ '1.8.0' ],
97 silly audit   'bare-events': [ '2.8.2' ],
97 silly audit   'baseline-browser-mapping': [ '2.10.11' ],
97 silly audit   'basic-ftp': [ '5.2.1' ],
97 silly audit   bcryptjs: [ '3.0.3' ],
97 silly audit   bindings: [ '1.5.0' ],
97 silly audit   braces: [ '3.0.3' ],
97 silly audit   browserslist: [ '4.28.1' ],
97 silly audit   'buffer-crc32': [ '0.2.13' ],
97 silly audit   bytes: [ '3.1.0' ],
97 silly audit   'call-bind': [ '1.0.8' ],
97 silly audit   'call-bind-apply-helpers': [ '1.0.2' ],
97 silly audit   'call-bound': [ '1.0.4' ],
97 silly audit   callsites: [ '3.1.0' ],
97 silly audit   'caniuse-lite': [ '1.0.30001781' ],
97 silly audit   chalk: [ '4.1.2' ],
97 silly audit   chokidar: [ '4.0.0' ],
97 silly audit   chownr: [ '3.0.0' ],
97 silly audit   'cjs-module-lexer': [ '1.2.3' ],
97 silly audit   'client-only': [ '0.0.1' ],
97 silly audit   'code-block-writer': [ '10.1.1' ],
97 silly audit   'color-convert': [ '2.0.1' ],
97 silly audit   'color-name': [ '1.1.4' ],
97 silly audit   'combined-stream': [ '1.0.8' ],
97 silly audit   'concat-map': [ '0.0.1' ],
97 silly audit   consola: [ '3.4.2' ],
97 silly audit   'content-type': [ '1.0.4' ],
97 silly audit   'convert-hrtime': [ '3.0.0' ],
97 silly audit   'convert-source-map': [ '2.0.0' ],
97 silly audit   'cookie-es': [ '2.0.1' ],
97 silly audit   'cross-spawn': [ '7.0.6' ],
97 silly audit   csstype: [ '3.2.3' ],
97 silly audit   'damerau-levenshtein': [ '1.0.8' ],
97 silly audit   'data-uri-to-buffer': [ '6.0.2' ],
97 silly audit   'data-view-buffer': [ '1.0.2' ],
97 silly audit   'data-view-byte-length': [ '1.0.2' ],
97 silly audit   'data-view-byte-offset': [ '1.0.1' ],
97 silly audit   'deep-is': [ '0.1.4' ],
97 silly audit   'define-data-property': [ '1.1.4' ],
97 silly audit   'define-properties': [ '1.2.1' ],
97 silly audit   degenerator: [ '5.0.1' ],
97 silly audit   'delayed-stream': [ '1.0.0' ],
97 silly audit   depd: [ '1.1.2' ],
97 silly audit   'detect-libc': [ '2.1.2' ],
97 silly audit   doctrine: [ '2.1.0' ],
97 silly audit   'dunder-proto': [ '1.0.1' ],
97 silly audit   'edge-runtime': [ '2.5.9' ],
97 silly audit   picocolors: [ '1.0.0', '1.1.1' ],
97 silly audit   'electron-to-chromium': [ '1.5.325' ],
97 silly audit   'emoji-regex': [ '9.2.2' ],
97 silly audit   'end-of-stream': [ '1.4.5', '1.1.0' ],
97 silly audit   'enhanced-resolve': [ '5.20.1' ],
97 silly audit   'es-abstract': [ '1.24.1' ],
97 silly audit   'es-define-property': [ '1.0.1' ],
97 silly audit   'es-errors': [ '1.3.0' ],
97 silly audit   'es-iterator-helpers': [ '1.3.1' ],
97 silly audit   'es-object-atoms': [ '1.1.1' ],
97 silly audit   'es-set-tostringtag': [ '2.1.0' ],
97 silly audit   'es-shim-unscopables': [ '1.1.0' ],
97 silly audit   'es-to-primitive': [ '1.3.0' ],
97 silly audit   esbuild: [ '0.27.0' ],
97 silly audit   escalade: [ '3.2.0' ],
97 silly audit   'escape-string-regexp': [ '4.0.0' ],
97 silly audit   escodegen: [ '2.1.0' ],
97 silly audit   eslint: [ '9.39.4' ],
97 silly audit   'eslint-config-next': [ '16.2.1' ],
97 silly audit   globals: [ '16.4.0', '14.0.0' ],
97 silly audit   'eslint-import-resolver-node': [ '0.3.9' ],
97 silly audit   'eslint-import-resolver-typescript': [ '3.10.1' ],
97 silly audit   'eslint-module-utils': [ '2.12.1' ],
97 silly audit   'eslint-plugin-import': [ '2.32.0' ],
97 silly audit   'eslint-plugin-jsx-a11y': [ '6.10.2' ],
97 silly audit   'eslint-plugin-react': [ '7.37.5' ],
97 silly audit   'eslint-plugin-react-hooks': [ '7.0.1' ],
97 silly audit   resolve: [ '2.0.0-next.6', '1.22.11' ],
97 silly audit   'eslint-scope': [ '8.4.0' ],
97 silly audit   espree: [ '10.4.0' ],
97 silly audit   esprima: [ '4.0.1' ],
97 silly audit   esquery: [ '1.7.0' ],
97 silly audit   esrecurse: [ '4.3.0' ],
97 silly audit   estraverse: [ '5.3.0' ],
97 silly audit   'estree-walker': [ '2.0.2' ],
97 silly audit   esutils: [ '2.0.3' ],
97 silly audit   etag: [ '1.8.1' ],
97 silly audit   'events-intercept': [ '2.0.0' ],
97 silly audit   'events-universal': [ '1.0.1' ],
97 silly audit   'fast-deep-equal': [ '3.1.3' ],
97 silly audit   'fast-fifo': [ '1.3.2' ],
97 silly audit   'fast-glob': [ '3.3.1' ],
97 silly audit   'glob-parent': [ '5.1.2', '6.0.2' ],
97 silly audit   'fast-json-stable-stringify': [ '2.1.0' ],
97 silly audit   'fast-levenshtein': [ '2.0.6' ],
97 silly audit   'fast-sha256': [ '1.3.0' ],
97 silly audit   fastq: [ '1.20.1' ],
97 silly audit   'fd-slicer': [ '1.1.0' ],
97 silly audit   'file-entry-cache': [ '8.0.0' ],
97 silly audit   'file-uri-to-path': [ '1.0.0' ],
97 silly audit   'fill-range': [ '7.1.1' ],
97 silly audit   'find-up': [ '5.0.0' ],
97 silly audit   'flat-cache': [ '4.0.1' ],
97 silly audit   flatted: [ '3.4.2' ],
97 silly audit   'for-each': [ '0.3.5' ],
97 silly audit   'form-data': [ '4.0.5' ],
97 silly audit   fsevents: [ '2.3.3' ],
97 silly audit   'function-bind': [ '1.1.2' ],
97 silly audit   'function.prototype.name': [ '1.1.8' ],
97 silly audit   'functions-have-names': [ '1.2.3' ],
97 silly audit   'generator-function': [ '2.0.1' ],
97 silly audit   'generic-pool': [ '3.4.2' ],
97 silly audit   gensync: [ '1.0.0-beta.2' ],
97 silly audit   'get-intrinsic': [ '1.3.0' ],
97 silly audit   'get-proto': [ '1.0.1' ],
97 silly audit   'get-symbol-description': [ '1.1.0' ],
97 silly audit   'get-tsconfig': [ '4.13.7' ],
97 silly audit   'get-uri': [ '6.0.5' ],
97 silly audit   glob: [ '13.0.6' ],
97 silly audit   globalthis: [ '1.0.4' ],
97 silly audit   gopd: [ '1.2.0' ],
97 silly audit   'graceful-fs': [ '4.2.11' ],
97 silly audit   'has-bigints': [ '1.1.0' ],
97 silly audit   'has-flag': [ '4.0.0' ],
97 silly audit   'has-property-descriptors': [ '1.0.2' ],
97 silly audit   'has-proto': [ '1.2.0' ],
97 silly audit   'has-symbols': [ '1.1.0' ],
97 silly audit   'has-tostringtag': [ '1.0.2' ],
97 silly audit   hasown: [ '2.0.2' ],
97 silly audit   'hermes-estree': [ '0.25.1' ],
97 silly audit   'hermes-parser': [ '0.25.1' ],
97 silly audit   'http-errors': [ '1.7.3' ],
97 silly audit   'http-proxy-agent': [ '7.0.2' ],
97 silly audit   'https-proxy-agent': [ '7.0.6' ],
97 silly audit   'iconv-lite': [ '0.4.24' ],
97 silly audit   'import-fresh': [ '3.3.1' ],
97 silly audit   imurmurhash: [ '0.1.4' ],
97 silly audit   inherits: [ '2.0.4' ],
97 silly audit   'internal-slot': [ '1.1.0' ],
97 silly audit   'ip-address': [ '10.1.0' ],
97 silly audit   'is-array-buffer': [ '3.0.5' ],
97 silly audit   'is-async-function': [ '2.1.1' ],
97 silly audit   'is-bigint': [ '1.1.0' ],
97 silly audit   'is-boolean-object': [ '1.2.2' ],
97 silly audit   'is-buffer': [ '2.0.5' ],
97 silly audit   'is-bun-module': [ '2.0.0' ],
97 silly audit   'is-callable': [ '1.2.7' ],
97 silly audit   'is-core-module': [ '2.16.1' ],
97 silly audit   'is-data-view': [ '1.0.2' ],
97 silly audit   'is-date-object': [ '1.1.0' ],
97 silly audit   'is-extglob': [ '2.1.1' ],
97 silly audit   'is-finalizationregistry': [ '1.1.1' ],
97 silly audit   'is-generator-function': [ '1.1.2' ],
97 silly audit   'is-glob': [ '4.0.3' ],
97 silly audit   'is-map': [ '2.0.3' ],
97 silly audit   'is-negative-zero': [ '2.0.3' ],
97 silly audit   'is-node-process': [ '1.2.0' ],
97 silly audit   'is-number': [ '7.0.0' ],
97 silly audit   'is-number-object': [ '1.1.1' ],
97 silly audit   'is-regex': [ '1.2.1' ],
97 silly audit   'is-set': [ '2.0.3' ],
97 silly audit   'is-shared-array-buffer': [ '1.0.4' ],
97 silly audit   'is-stream': [ '2.0.1' ],
97 silly audit   'is-string': [ '1.1.1' ],
97 silly audit   'is-symbol': [ '1.1.1' ],
97 silly audit   'is-typed-array': [ '1.1.15' ],
97 silly audit   'is-weakmap': [ '2.0.2' ],
97 silly audit   'is-weakref': [ '1.1.1' ],
97 silly audit   'is-weakset': [ '2.0.4' ],
97 silly audit   isarray: [ '2.0.5' ],
97 silly audit   isexe: [ '2.0.0' ],
97 silly audit   'iterator.prototype': [ '1.1.5' ],
97 silly audit   jiti: [ '2.6.1' ],
97 silly audit   'js-tokens': [ '4.0.0' ],
97 silly audit   'js-yaml': [ '4.1.1' ],
97 silly audit   jsesc: [ '3.1.0' ],
97 silly audit   'json-buffer': [ '3.0.1' ],
97 silly audit   'json-schema-to-ts': [ '1.6.4' ],
97 silly audit   'json-stable-stringify-without-jsonify': [ '1.0.1' ],
97 silly audit   json5: [ '2.2.3', '1.0.2' ],
97 silly audit   jsonfile: [ '6.2.0' ],
97 silly audit   jsonlines: [ '0.1.1' ],
97 silly audit   'jsx-ast-utils': [ '3.3.5' ],
97 silly audit   keyv: [ '4.5.4' ],
97 silly audit   'language-subtag-registry': [ '0.3.23' ],
97 silly audit   'language-tags': [ '1.0.9' ],
97 silly audit   levn: [ '0.4.1' ],
97 silly audit   lightningcss: [ '1.32.0' ],
97 silly audit   'lightningcss-android-arm64': [ '1.32.0' ],
97 silly audit   'lightningcss-darwin-arm64': [ '1.32.0' ],
97 silly audit   'lightningcss-darwin-x64': [ '1.32.0' ],
97 silly audit   'lightningcss-freebsd-x64': [ '1.32.0' ],
97 silly audit   'lightningcss-linux-arm-gnueabihf': [ '1.32.0' ],
97 silly audit   'lightningcss-linux-arm64-gnu': [ '1.32.0' ],
97 silly audit   'lightningcss-linux-arm64-musl': [ '1.32.0' ],
97 silly audit   'lightningcss-linux-x64-gnu': [ '1.32.0' ],
97 silly audit   'lightningcss-linux-x64-musl': [ '1.32.0' ],
97 silly audit   'lightningcss-win32-arm64-msvc': [ '1.32.0' ],
97 silly audit   'lightningcss-win32-x64-msvc': [ '1.32.0' ],
97 silly audit   'locate-path': [ '6.0.0' ],
97 silly audit   'lodash.merge': [ '4.6.2' ],
97 silly audit   'loose-envify': [ '1.4.0' ],
97 silly audit   'lucide-react': [ '1.7.0' ],
97 silly audit   luxon: [ '3.7.2' ],
97 silly audit   'magic-string': [ '0.30.21' ],
97 silly audit   'math-intrinsics': [ '1.1.0' ],
97 silly audit   'merge-stream': [ '2.0.0' ],
97 silly audit   merge2: [ '1.4.1' ],
97 silly audit   micro: [ '9.3.5-canary.3' ],
97 silly audit   micromatch: [ '4.0.8' ],
97 silly audit   'mime-db': [ '1.52.0' ],
97 silly audit   'mime-types': [ '2.1.35' ],
97 silly audit   'mimic-fn': [ '2.1.0' ],
97 silly audit   minimist: [ '1.2.8' ],
97 silly audit   minipass: [ '7.1.3' ],
97 silly audit   minizlib: [ '3.1.0' ],
97 silly audit   mkdirp: [ '1.0.4' ],
97 silly audit   mri: [ '1.2.0' ],
97 silly audit   nanoid: [ '3.3.11' ],
97 silly audit   'napi-postinstall': [ '0.3.4' ],
97 silly audit   'natural-compare': [ '1.4.0' ],
97 silly audit   netmask: [ '2.1.1' ],
97 silly audit   next: [ '16.2.1' ],
97 silly audit   'next-auth': [ '5.0.0-beta.30' ],
97 silly audit   postcss: [ '8.4.31', '8.5.8' ],
97 silly audit   'node-exports-info': [ '1.6.0' ],
97 silly audit   'node-gyp-build': [ '4.8.4' ],
97 silly audit   'node-releases': [ '2.0.36' ],
97 silly audit   nodemailer: [ '7.0.13' ],
97 silly audit   nopt: [ '8.1.0' ],
97 silly audit   'npm-run-path': [ '4.0.1' ],
97 silly audit   oauth4webapi: [ '3.8.5' ],
97 silly audit   'object-assign': [ '4.1.1' ],
97 silly audit   'object-inspect': [ '1.13.4' ],
97 silly audit   'object-keys': [ '1.1.1' ],
97 silly audit   'object.assign': [ '4.1.7' ],
97 silly audit   'object.entries': [ '1.1.9' ],
97 silly audit   'object.fromentries': [ '2.0.8' ],
97 silly audit   'object.groupby': [ '1.0.3' ],
97 silly audit   'object.values': [ '1.2.1' ],
97 silly audit   once: [ '1.4.0', '1.3.3' ],
97 silly audit   onetime: [ '5.1.2' ],
97 silly audit   optionator: [ '0.9.4' ],
97 silly audit   'os-paths': [ '4.4.0' ],
97 silly audit   'own-keys': [ '1.0.1' ],
97 silly audit   'oxc-transform': [ '0.111.0' ],
97 silly audit   'p-finally': [ '2.0.1' ],
97 silly audit   'p-limit': [ '3.1.0' ],
97 silly audit   'p-locate': [ '5.0.0' ],
97 silly audit   'pac-proxy-agent': [ '7.2.0' ],
97 silly audit   'pac-resolver': [ '7.0.1' ],
97 silly audit   'parent-module': [ '1.0.1' ],
97 silly audit   'parse-ms': [ '2.1.0' ],
97 silly audit   'path-browserify': [ '1.0.1' ],
97 silly audit   'path-exists': [ '4.0.0' ],
97 silly audit   'path-key': [ '3.1.1' ],
97 silly audit   'path-parse': [ '1.0.7' ],
97 silly audit   'path-scurry': [ '2.0.2' ],
97 silly audit   pend: [ '1.2.0' ],
97 silly audit   'possible-typed-array-names': [ '1.1.0' ],
97 silly audit   'postal-mime': [ '2.7.4' ],
97 silly audit   preact: [ '10.24.3' ],
97 silly audit   'preact-render-to-string': [ '6.5.11' ],
97 silly audit   'prelude-ls': [ '1.2.1' ],
97 silly audit   'pretty-ms': [ '7.0.1' ],
97 silly audit   prisma: [ '5.22.0' ],
97 silly audit   promisepipe: [ '3.0.0' ],
97 silly audit   'prop-types': [ '15.8.1' ],
97 silly audit   'proxy-agent': [ '6.4.0' ],
97 silly audit   'proxy-from-env': [ '1.1.0' ],
97 silly audit   pump: [ '3.0.4' ],
97 silly audit   punycode: [ '2.3.1' ],
97 silly audit   'queue-microtask': [ '1.2.3' ],
97 silly audit   'raw-body': [ '2.4.1' ],
97 silly audit   react: [ '19.2.4' ],
97 silly audit   'react-dom': [ '19.2.4' ],
97 silly audit   'react-is': [ '16.13.1' ],
97 silly audit   readdirp: [ '4.1.2' ],
97 silly audit   'reflect.getprototypeof': [ '1.0.10' ],
97 silly audit   'regexp.prototype.flags': [ '1.5.4' ],
97 silly audit   'require-from-string': [ '2.0.2' ],
97 silly audit   resend: [ '6.10.0' ],
97 silly audit   'resolve-pkg-maps': [ '1.0.0' ],
97 silly audit   'resolve.exports': [ '2.0.3' ],
97 silly audit   retry: [ '0.13.1' ],
97 silly audit   reusify: [ '1.1.0' ],
97 silly audit   rolldown: [ '1.0.0-rc.1' ],
97 silly audit   'run-parallel': [ '1.2.0' ],
97 silly audit   'safe-array-concat': [ '1.1.3' ],
97 silly audit   'safe-push-apply': [ '1.0.0' ],
97 silly audit   'safe-regex-test': [ '1.1.0' ],
97 silly audit   'safer-buffer': [ '2.1.2' ],
97 silly audit   sandbox: [ '2.5.6' ],
97 silly audit   scheduler: [ '0.27.0' ],
97 silly audit   'set-function-length': [ '1.2.2' ],
97 silly audit   'set-function-name': [ '2.0.2' ],
97 silly audit   'set-proto': [ '1.0.0' ],
97 silly audit   setprototypeof: [ '1.1.1' ],
97 silly audit   sharp: [ '0.34.5' ],
97 silly audit   'shebang-command': [ '2.0.0' ],
97 silly audit   'shebang-regex': [ '3.0.0' ],
97 silly audit   'side-channel': [ '1.1.0' ],
97 silly audit   'side-channel-list': [ '1.0.0' ],
97 silly audit   'side-channel-map': [ '1.0.1' ],
97 silly audit   'side-channel-weakmap': [ '1.0.2' ],
97 silly audit   'smart-buffer': [ '4.2.0' ],
97 silly audit   'smol-toml': [ '1.5.2' ],
97 silly audit   socks: [ '2.8.7' ],
97 silly audit   'socks-proxy-agent': [ '8.0.5' ],
97 silly audit   'source-map': [ '0.6.1' ],
97 silly audit   'source-map-js': [ '1.2.1' ],
97 silly audit   srvx: [ '0.8.9' ],
97 silly audit   'stable-hash': [ '0.0.5' ],
97 silly audit   standardwebhooks: [ '1.0.0' ],
97 silly audit   'stat-mode': [ '0.3.0' ],
97 silly audit   statuses: [ '1.5.0' ],
97 silly audit   'stop-iteration-iterator': [ '1.1.0' ],
97 silly audit   'stream-to-array': [ '2.3.0' ],
97 silly audit   'stream-to-promise': [ '2.2.0' ],
97 silly audit   streamx: [ '2.25.0' ],
97 silly audit   'string.prototype.includes': [ '2.0.1' ],
97 silly audit   'string.prototype.matchall': [ '4.0.12' ],
97 silly audit   'string.prototype.repeat': [ '1.0.0' ],
97 silly audit   'string.prototype.trim': [ '1.2.10' ],
97 silly audit   'string.prototype.trimend': [ '1.0.9' ],
97 silly audit   'string.prototype.trimstart': [ '1.0.8' ],
97 silly audit   'strip-bom': [ '3.0.0' ],
97 silly audit   'strip-final-newline': [ '2.0.0' ],
97 silly audit   'strip-json-comments': [ '3.1.1' ],
97 silly audit   stripe: [ '22.0.1' ],
97 silly audit   'styled-jsx': [ '5.1.6' ],
97 silly audit   'supports-color': [ '7.2.0' ],
97 silly audit   'supports-preserve-symlinks-flag': [ '1.0.0' ],
97 silly audit   svix: [ '1.88.0' ],
97 silly audit   tailwindcss: [ '4.2.2' ],
97 silly audit   tapable: [ '2.3.2' ],
97 silly audit   tar: [ '7.5.7' ],
97 silly audit   'tar-stream': [ '3.1.7' ],
97 silly audit   'text-decoder': [ '1.2.7' ],
97 silly audit   throttleit: [ '2.1.0' ],
97 silly audit   'time-span': [ '4.0.0' ],
97 silly audit   tinyexec: [ '0.3.2' ],
97 silly audit   tinyglobby: [ '0.2.15' ],
97 silly audit   fdir: [ '6.5.0' ],
97 silly audit   'to-regex-range': [ '5.0.1' ],
97 silly audit   toidentifier: [ '1.0.0' ],
97 silly audit   tr46: [ '0.0.3' ],
97 silly audit   'tree-kill': [ '1.2.2' ],
97 silly audit   'ts-api-utils': [ '2.5.0' ],
97 silly audit   'ts-morph': [ '12.0.0' ],
97 silly audit   'ts-toolbelt': [ '6.15.5' ],
97 silly audit   'tsconfig-paths': [ '3.15.0' ],
97 silly audit   tslib: [ '2.8.1' ],
97 silly audit   tsx: [ '4.21.0' ],
97 silly audit   'type-check': [ '0.4.0' ],
97 silly audit   'typed-array-buffer': [ '1.0.3' ],
97 silly audit   'typed-array-byte-length': [ '1.0.3' ],
97 silly audit   'typed-array-byte-offset': [ '1.0.4' ],
97 silly audit   'typed-array-length': [ '1.0.7' ],
97 silly audit   typescript: [ '5.9.3' ],
97 silly audit   'typescript-eslint': [ '8.57.2' ],
97 silly audit   'uid-promise': [ '1.0.0' ],
97 silly audit   'unbox-primitive': [ '1.1.0' ],
97 silly audit   universalify: [ '2.0.1' ],
97 silly audit   unpipe: [ '1.0.0' ],
97 silly audit   'unrs-resolver': [ '1.11.1' ],
97 silly audit   'update-browserslist-db': [ '1.2.3' ],
97 silly audit   'uri-js': [ '4.4.1' ],
97 silly audit   uuid: [ '10.0.0' ],
97 silly audit   vercel: [ '50.42.0' ],
97 silly audit   'web-vitals': [ '0.2.4' ],
97 silly audit   'webidl-conversions': [ '3.0.1' ],
97 silly audit   'whatwg-url': [ '5.0.0' ],
97 silly audit   which: [ '2.0.2' ],
97 silly audit   'which-boxed-primitive': [ '1.1.1' ],
97 silly audit   'which-builtin-type': [ '1.2.1' ],
97 silly audit   'which-collection': [ '1.0.2' ],
97 silly audit   'which-typed-array': [ '1.1.20' ],
97 silly audit   'word-wrap': [ '1.2.5' ],
97 silly audit   wrappy: [ '1.0.2' ],
97 silly audit   'xdg-app-paths': [ '5.1.0' ],
97 silly audit   'xdg-portable': [ '7.3.0' ],
97 silly audit   yauzl: [ '2.10.0' ],
97 silly audit   'yauzl-clone': [ '1.0.4' ],
97 silly audit   'yauzl-promise': [ '2.1.3' ],
97 silly audit   'yocto-queue': [ '0.1.0' ],
97 silly audit   'zod-validation-error': [ '4.0.2' ],
97 silly audit   cookie: [ '1.1.1' ],
97 silly audit   jsonwebtoken: [ '9.0.3' ],
97 silly audit   jws: [ '4.0.1' ],
97 silly audit   'lodash.includes': [ '4.3.0' ],
97 silly audit   'lodash.isboolean': [ '3.0.3' ],
97 silly audit   'lodash.isinteger': [ '4.0.4' ],
97 silly audit   'lodash.isnumber': [ '3.0.3' ],
97 silly audit   'lodash.isplainobject': [ '4.0.6' ],
97 silly audit   'lodash.isstring': [ '4.0.1' ],
97 silly audit   'lodash.once': [ '4.1.1' ],
97 silly audit   jwa: [ '2.0.1' ],
97 silly audit   'safe-buffer': [ '5.2.1' ],
97 silly audit   'buffer-equal-constant-time': [ '1.0.1' ],
97 silly audit   'ecdsa-sig-formatter': [ '1.0.11' ]
97 silly audit }
98 http cache safe-buffer@https://registry.npmjs.org/safe-buffer/-/safe-buffer-5.2.1.tgz 0ms (cache hit)
99 http cache ecdsa-sig-formatter@https://registry.npmjs.org/ecdsa-sig-formatter/-/ecdsa-sig-formatter-1.0.11.tgz 0ms (cache hit)
100 http cache jwa@https://registry.npmjs.org/jwa/-/jwa-2.0.1.tgz 0ms (cache hit)
101 http cache lodash.isstring@https://registry.npmjs.org/lodash.isstring/-/lodash.isstring-4.0.1.tgz 0ms (cache hit)
102 http cache buffer-equal-constant-time@https://registry.npmjs.org/buffer-equal-constant-time/-/buffer-equal-constant-time-1.0.1.tgz 0ms (cache hit)
103 http cache lodash.isnumber@https://registry.npmjs.org/lodash.isnumber/-/lodash.isnumber-3.0.3.tgz 0ms (cache hit)
104 http cache lodash.isplainobject@https://registry.npmjs.org/lodash.isplainobject/-/lodash.isplainobject-4.0.6.tgz 0ms (cache hit)
105 http cache lodash.isinteger@https://registry.npmjs.org/lodash.isinteger/-/lodash.isinteger-4.0.4.tgz 0ms (cache hit)
106 http cache lodash.isboolean@https://registry.npmjs.org/lodash.isboolean/-/lodash.isboolean-3.0.3.tgz 0ms (cache hit)
107 http cache lodash.includes@https://registry.npmjs.org/lodash.includes/-/lodash.includes-4.3.0.tgz 0ms (cache hit)
108 http cache lodash.once@https://registry.npmjs.org/lodash.once/-/lodash.once-4.1.1.tgz 0ms (cache hit)
109 http cache jws@https://registry.npmjs.org/jws/-/jws-4.0.1.tgz 0ms (cache hit)
110 http cache cookie@https://registry.npmjs.org/cookie/-/cookie-1.1.1.tgz 0ms (cache hit)
111 http cache jsonwebtoken@https://registry.npmjs.org/jsonwebtoken/-/jsonwebtoken-9.0.3.tgz 0ms (cache hit)
112 http cache semver@https://registry.npmjs.org/semver/-/semver-7.7.4.tgz 0ms (cache hit)
113 silly tarball no local data for safe-buffer@https://registry.npmjs.org/safe-buffer/-/safe-buffer-5.2.1.tgz. Extracting by manifest.
114 silly tarball no local data for ecdsa-sig-formatter@https://registry.npmjs.org/ecdsa-sig-formatter/-/ecdsa-sig-formatter-1.0.11.tgz. Extracting by manifest.
115 silly tarball no local data for jwa@https://registry.npmjs.org/jwa/-/jwa-2.0.1.tgz. Extracting by manifest.
116 silly tarball no local data for lodash.isstring@https://registry.npmjs.org/lodash.isstring/-/lodash.isstring-4.0.1.tgz. Extracting by manifest.
117 silly tarball no local data for buffer-equal-constant-time@https://registry.npmjs.org/buffer-equal-constant-time/-/buffer-equal-constant-time-1.0.1.tgz. Extracting by manifest.
118 silly tarball no local data for lodash.isnumber@https://registry.npmjs.org/lodash.isnumber/-/lodash.isnumber-3.0.3.tgz. Extracting by manifest.
119 silly tarball no local data for lodash.isplainobject@https://registry.npmjs.org/lodash.isplainobject/-/lodash.isplainobject-4.0.6.tgz. Extracting by manifest.
120 silly tarball no local data for lodash.isinteger@https://registry.npmjs.org/lodash.isinteger/-/lodash.isinteger-4.0.4.tgz. Extracting by manifest.
121 silly tarball no local data for lodash.isboolean@https://registry.npmjs.org/lodash.isboolean/-/lodash.isboolean-3.0.3.tgz. Extracting by manifest.
122 silly tarball no local data for lodash.includes@https://registry.npmjs.org/lodash.includes/-/lodash.includes-4.3.0.tgz. Extracting by manifest.
123 silly tarball no local data for lodash.once@https://registry.npmjs.org/lodash.once/-/lodash.once-4.1.1.tgz. Extracting by manifest.
124 silly tarball no local data for jws@https://registry.npmjs.org/jws/-/jws-4.0.1.tgz. Extracting by manifest.
125 silly tarball no local data for cookie@https://registry.npmjs.org/cookie/-/cookie-1.1.1.tgz. Extracting by manifest.
126 silly tarball no local data for jsonwebtoken@https://registry.npmjs.org/jsonwebtoken/-/jsonwebtoken-9.0.3.tgz. Extracting by manifest.
127 http fetch GET 200 https://registry.npmjs.org/buffer-equal-constant-time/-/buffer-equal-constant-time-1.0.1.tgz 54ms (cache miss)
128 http fetch GET 200 https://registry.npmjs.org/lodash.isnumber/-/lodash.isnumber-3.0.3.tgz 53ms (cache miss)
129 http fetch GET 200 https://registry.npmjs.org/lodash.isinteger/-/lodash.isinteger-4.0.4.tgz 53ms (cache miss)
130 http fetch GET 200 https://registry.npmjs.org/lodash.isplainobject/-/lodash.isplainobject-4.0.6.tgz 53ms (cache miss)
131 http fetch GET 200 https://registry.npmjs.org/lodash.isstring/-/lodash.isstring-4.0.1.tgz 55ms (cache miss)
132 http fetch GET 200 https://registry.npmjs.org/jwa/-/jwa-2.0.1.tgz 55ms (cache miss)
133 http fetch GET 200 https://registry.npmjs.org/ecdsa-sig-formatter/-/ecdsa-sig-formatter-1.0.11.tgz 79ms (cache miss)
134 http fetch GET 200 https://registry.npmjs.org/safe-buffer/-/safe-buffer-5.2.1.tgz 80ms (cache miss)
135 http fetch GET 200 https://registry.npmjs.org/jsonwebtoken/-/jsonwebtoken-9.0.3.tgz 100ms (cache miss)
136 http fetch GET 200 https://registry.npmjs.org/lodash.isboolean/-/lodash.isboolean-3.0.3.tgz 104ms (cache miss)
137 http fetch GET 200 https://registry.npmjs.org/lodash.includes/-/lodash.includes-4.3.0.tgz 108ms (cache miss)
138 http fetch GET 200 https://registry.npmjs.org/jws/-/jws-4.0.1.tgz 115ms (cache miss)
139 http fetch GET 200 https://registry.npmjs.org/cookie/-/cookie-1.1.1.tgz 119ms (cache miss)
140 http fetch GET 200 https://registry.npmjs.org/lodash.once/-/lodash.once-4.1.1.tgz 131ms (cache miss)
141 http fetch POST 200 https://registry.npmjs.org/-/npm/v1/security/advisories/bulk 782ms
142 silly audit report {
142 silly audit report   '@tootallnate/once': [
142 silly audit report     {
142 silly audit report       id: 1113977,
142 silly audit report       url: 'https://github.com/advisories/GHSA-vpq2-c234-7xj6',
142 silly audit report       title: '@tootallnate/once vulnerable to Incorrect Control Flow Scoping',
142 silly audit report       severity: 'low',
142 silly audit report       vulnerable_versions: '<3.0.1',
142 silly audit report       cwe: [Array],
142 silly audit report       cvss: [Object]
142 silly audit report     }
142 silly audit report   ],
142 silly audit report   'brace-expansion': [
142 silly audit report     {
142 silly audit report       id: 1115540,
142 silly audit report       url: 'https://github.com/advisories/GHSA-f886-m6hf-6m8v',
142 silly audit report       title: 'brace-expansion: Zero-step sequence causes process hang and memory exhaustion',
142 silly audit report       severity: 'moderate',
142 silly audit report       vulnerable_versions: '<1.1.13',
142 silly audit report       cwe: [Array],
142 silly audit report       cvss: [Object]
142 silly audit report     }
142 silly audit report   ],
142 silly audit report   minimatch: [
142 silly audit report     {
142 silly audit report       id: 1113466,
142 silly audit report       url: 'https://github.com/advisories/GHSA-3ppc-4f35-3m26',
142 silly audit report       title: 'minimatch has a ReDoS via repeated wildcards with non-matching literal in pattern',
142 silly audit report       severity: 'high',
142 silly audit report       vulnerable_versions: '>=10.0.0 <10.2.1',
142 silly audit report       cwe: [Array],
142 silly audit report       cvss: [Object]
142 silly audit report     },
142 silly audit report     {
142 silly audit report       id: 1113545,
142 silly audit report       url: 'https://github.com/advisories/GHSA-7r86-cg39-jmmj',
142 silly audit report       title: 'minimatch has ReDoS: matchOne() combinatorial backtracking via multiple non-adjacent GLOBSTAR segments',
142 silly audit report       severity: 'high',
142 silly audit report       vulnerable_versions: '>=10.0.0 <10.2.3',
142 silly audit report       cwe: [Array],
142 silly audit report       cvss: [Object]
142 silly audit report     },
142 silly audit report     {
142 silly audit report       id: 1113553,
142 silly audit report       url: 'https://github.com/advisories/GHSA-23c5-xmqv-rm74',
142 silly audit report       title: 'minimatch ReDoS: nested *() extglobs generate catastrophically backtracking regular expressions',
142 silly audit report       severity: 'high',
142 silly audit report       vulnerable_versions: '>=10.0.0 <10.2.3',
142 silly audit report       cwe: [Array],
142 silly audit report       cvss: [Object]
142 silly audit report     }
142 silly audit report   ],
142 silly audit report   'path-to-regexp': [
142 silly audit report     {
142 silly audit report       id: 1101846,
142 silly audit report       url: 'https://github.com/advisories/GHSA-9wv6-86v2-598j',
142 silly audit report       title: 'path-to-regexp outputs backtracking regular expressions',
142 silly audit report       severity: 'high',
142 silly audit report       vulnerable_versions: '>=4.0.0 <6.3.0',
142 silly audit report       cwe: [Array],
142 silly audit report       cvss: [Object]
142 silly audit report     },
142 silly audit report     {
142 silly audit report       id: 1115573,
142 silly audit report       url: 'https://github.com/advisories/GHSA-j3q9-mxjg-w52f',
142 silly audit report       title: 'path-to-regexp vulnerable to Denial of Service via sequential optional groups',
142 silly audit report       severity: 'high',
142 silly audit report       vulnerable_versions: '>=8.0.0 <8.4.0',
142 silly audit report       cwe: [Array],
142 silly audit report       cvss: [Object]
142 silly audit report     },
142 silly audit report     {
142 silly audit report       id: 1115582,
142 silly audit report       url: 'https://github.com/advisories/GHSA-27v5-c462-wpq7',
142 silly audit report       title: 'path-to-regexp vulnerable to Regular Expression Denial of Service via multiple wildcards',
142 silly audit report       severity: 'moderate',
142 silly audit report       vulnerable_versions: '>=8.0.0 <8.4.0',
142 silly audit report       cwe: [Array],
142 silly audit report       cvss: [Object]
142 silly audit report     }
142 silly audit report   ],
142 silly audit report   undici: [
142 silly audit report     {
142 silly audit report       id: 1101610,
142 silly audit report       url: 'https://github.com/advisories/GHSA-c76h-2ccp-4975',
142 silly audit report       title: 'Use of Insufficiently Random Values in undici',
142 silly audit report       severity: 'moderate',
142 silly audit report       vulnerable_versions: '>=4.5.0 <5.28.5',
142 silly audit report       cwe: [Array],
142 silly audit report       cvss: [Object]
142 silly audit report     },
142 silly audit report     {
142 silly audit report       id: 1112496,
142 silly audit report       url: 'https://github.com/advisories/GHSA-g9mf-h72j-4rw9',
142 silly audit report       title: 'Undici has an unbounded decompression chain in HTTP responses on Node.js Fetch API via Content-Encoding leads to resource exhaustion',
142 silly audit report       severity: 'moderate',
142 silly audit report       vulnerable_versions: '<6.23.0',
142 silly audit report       cwe: [Array],
142 silly audit report       cvss: [Object]
142 silly audit report     },
142 silly audit report     {
142 silly audit report       id: 1113069,
142 silly audit report       url: 'https://github.com/advisories/GHSA-cxrh-j4jr-qwg3',
142 silly audit report       title: 'undici Denial of Service attack via bad certificate data',
142 silly audit report       severity: 'low',
142 silly audit report       vulnerable_versions: '<5.29.0',
142 silly audit report       cwe: [Array],
142 silly audit report       cvss: [Object]
142 silly audit report     },
142 silly audit report     {
142 silly audit report       id: 1114594,
142 silly audit report       url: 'https://github.com/advisories/GHSA-2mjp-6q6p-2qxm',
142 silly audit report       title: 'Undici has an HTTP Request/Response Smuggling issue',
142 silly audit report       severity: 'moderate',
142 silly audit report       vulnerable_versions: '<6.24.0',
142 silly audit report       cwe: [Array],
142 silly audit report       cvss: [Object]
142 silly audit report     },
142 silly audit report     {
142 silly audit report       id: 1114638,
142 silly audit report       url: 'https://github.com/advisories/GHSA-vrm6-8vpv-qv8q',
142 silly audit report       title: 'Undici has Unbounded Memory Consumption in WebSocket permessage-deflate Decompression',
142 silly audit report       severity: 'high',
142 silly audit report       vulnerable_versions: '<6.24.0',
142 silly audit report       cwe: [Array],
142 silly audit report       cvss: [Object]
142 silly audit report     },
142 silly audit report     {
142 silly audit report       id: 1114640,
142 silly audit report       url: 'https://github.com/advisories/GHSA-v9p9-hfj2-hcw8',
142 silly audit report       title: 'Undici has Unhandled Exception in WebSocket Client Due to Invalid server_max_window_bits Validation',
142 silly audit report       severity: 'high',
142 silly audit report       vulnerable_versions: '<6.24.0',
142 silly audit report       cwe: [Array],
142 silly audit report       cvss: [Object]
142 silly audit report     },
142 silly audit report     {
142 silly audit report       id: 1114642,
142 silly audit report       url: 'https://github.com/advisories/GHSA-4992-7rv2-5pvq',
142 silly audit report       title: 'Undici has CRLF Injection in undici via `upgrade` option',
142 silly audit report       severity: 'moderate',
142 silly audit report       vulnerable_versions: '<6.24.0',
142 silly audit report       cwe: [Array],
142 silly audit report       cvss: [Object]
142 silly audit report     }
142 silly audit report   ],
142 silly audit report   ajv: [
142 silly audit report     {
142 silly audit report       id: 1113715,
142 silly audit report       url: 'https://github.com/advisories/GHSA-2g4f-4pwh-qvx6',
142 silly audit report       title: 'ajv has ReDoS when using `$data` option',
142 silly audit report       severity: 'moderate',
142 silly audit report       vulnerable_versions: '>=7.0.0-alpha.0 <8.18.0',
142 silly audit report       cwe: [Array],
142 silly audit report       cvss: [Object]
142 silly audit report     }
142 silly audit report   ],
142 silly audit report   nodemailer: [
142 silly audit report     {
142 silly audit report       id: 1115470,
142 silly audit report       url: 'https://github.com/advisories/GHSA-c7w3-x93f-qmm8',
142 silly audit report       title: 'Nodemailer has SMTP command injection due to unsanitized `envelope.size` parameter',
142 silly audit report       severity: 'low',
142 silly audit report       vulnerable_versions: '<8.0.4',
142 silly audit report       cwe: [Array],
142 silly audit report       cvss: [Object]
142 silly audit report     },
142 silly audit report     {
142 silly audit report       id: 1116270,
142 silly audit report       url: 'https://github.com/advisories/GHSA-vvjj-xcjg-gr5g',
142 silly audit report       title: 'Nodemailer Vulnerable to SMTP Command Injection via CRLF in Transport name Option (EHLO/HELO) ',
142 silly audit report       severity: 'moderate',
142 silly audit report       vulnerable_versions: '<=8.0.4',
142 silly audit report       cwe: [Array],
142 silly audit report       cvss: [Object]
142 silly audit report     }
142 silly audit report   ],
142 silly audit report   'smol-toml': [
142 silly audit report     {
142 silly audit report       id: 1115393,
142 silly audit report       url: 'https://github.com/advisories/GHSA-v3rj-xjv7-4jmq',
142 silly audit report       title: 'smol-toml: Denial of Service via TOML documents containing thousands of consecutive commented lines',
142 silly audit report       severity: 'moderate',
142 silly audit report       vulnerable_versions: '<1.6.1',
142 silly audit report       cwe: [Array],
142 silly audit report       cvss: [Object]
142 silly audit report     }
142 silly audit report   ],
142 silly audit report   srvx: [
142 silly audit report     {
142 silly audit report       id: 1115537,
142 silly audit report       url: 'https://github.com/advisories/GHSA-p36q-q72m-gchr',
142 silly audit report       title: 'srvx is vulnerable to middleware bypass via absolute URI in request line ',
142 silly audit report       severity: 'moderate',
142 silly audit report       vulnerable_versions: '<0.11.13',
142 silly audit report       cwe: [Array],
142 silly audit report       cvss: [Object]
142 silly audit report     }
142 silly audit report   ],
142 silly audit report   tar: [
142 silly audit report     {
142 silly audit report       id: 1113375,
142 silly audit report       url: 'https://github.com/advisories/GHSA-83g3-92jg-28cx',
142 silly audit report       title: 'Arbitrary File Read/Write via Hardlink Target Escape Through Symlink Chain in node-tar Extraction',
142 silly audit report       severity: 'high',
142 silly audit report       vulnerable_versions: '<7.5.8',
142 silly audit report       cwe: [Array],
142 silly audit report       cvss: [Object]
142 silly audit report     },
142 silly audit report     {
142 silly audit report       id: 1114200,
142 silly audit report       url: 'https://github.com/advisories/GHSA-qffp-2rhf-9h96',
142 silly audit report       title: 'tar has Hardlink Path Traversal via Drive-Relative Linkpath',
142 silly audit report       severity: 'high',
142 silly audit report       vulnerable_versions: '<=7.5.9',
142 silly audit report       cwe: [Array],
142 silly audit report       cvss: [Object]
142 silly audit report     },
142 silly audit report     {
142 silly audit report       id: 1114302,
142 silly audit report       url: 'https://github.com/advisories/GHSA-9ppj-qmqm-q256',
142 silly audit report       title: 'node-tar Symlink Path Traversal via Drive-Relative Linkpath',
142 silly audit report       severity: 'high',
142 silly audit report       vulnerable_versions: '<=7.5.10',
142 silly audit report       cwe: [Array],
142 silly audit report       cvss: [Object]
142 silly audit report     }
142 silly audit report   ]
142 silly audit report }
143 silly packumentCache corgi:https://registry.npmjs.org/@tootallnate%2fonce cache-miss
144 silly packumentCache corgi:https://registry.npmjs.org/brace-expansion cache-miss
145 silly packumentCache corgi:https://registry.npmjs.org/minimatch cache-miss
146 silly packumentCache corgi:https://registry.npmjs.org/path-to-regexp cache-miss
147 silly packumentCache corgi:https://registry.npmjs.org/undici cache-miss
148 silly packumentCache corgi:https://registry.npmjs.org/ajv cache-miss
149 silly packumentCache corgi:https://registry.npmjs.org/nodemailer cache-miss
150 silly packumentCache corgi:https://registry.npmjs.org/smol-toml cache-miss
151 silly packumentCache corgi:https://registry.npmjs.org/srvx cache-miss
152 silly packumentCache corgi:https://registry.npmjs.org/tar cache-miss
153 http fetch GET 200 https://registry.npmjs.org/nodemailer 53ms (cache revalidated)
154 silly packumentCache corgi:https://registry.npmjs.org/nodemailer set size:309772 disposed:false
155 http fetch GET 200 https://registry.npmjs.org/brace-expansion 66ms (cache revalidated)
156 silly packumentCache corgi:https://registry.npmjs.org/brace-expansion set size:21298 disposed:false
157 http fetch GET 200 https://registry.npmjs.org/tar 64ms (cache revalidated)
158 silly packumentCache corgi:https://registry.npmjs.org/tar set size:199254 disposed:false
159 http fetch GET 200 https://registry.npmjs.org/minimatch 69ms (cache revalidated)
160 silly packumentCache corgi:https://registry.npmjs.org/minimatch set size:168441 disposed:false
161 http fetch GET 200 https://registry.npmjs.org/ajv 70ms (cache revalidated)
162 silly packumentCache corgi:https://registry.npmjs.org/ajv set size:464537 disposed:false
163 http fetch GET 200 https://registry.npmjs.org/undici 76ms (cache revalidated)
164 silly packumentCache corgi:https://registry.npmjs.org/undici set size:425958 disposed:false
165 http fetch GET 200 https://registry.npmjs.org/@tootallnate%2fonce 84ms (cache revalidated)
166 silly packumentCache corgi:https://registry.npmjs.org/@tootallnate%2fonce set size:10818 disposed:false
167 http fetch GET 200 https://registry.npmjs.org/path-to-regexp 85ms (cache revalidated)
168 silly packumentCache corgi:https://registry.npmjs.org/path-to-regexp set size:66575 disposed:false
169 http fetch GET 200 https://registry.npmjs.org/smol-toml 230ms (cache revalidated)
170 silly packumentCache corgi:https://registry.npmjs.org/smol-toml set size:21871 disposed:false
171 http fetch GET 200 https://registry.npmjs.org/srvx 526ms (cache revalidated)
172 silly packumentCache corgi:https://registry.npmjs.org/srvx set size:86505 disposed:false
173 silly packumentCache corgi:https://registry.npmjs.org/@vercel%2ffun cache-miss
174 http fetch GET 200 https://registry.npmjs.org/@vercel%2ffun 405ms (cache revalidated)
175 silly packumentCache corgi:https://registry.npmjs.org/@vercel%2ffun set size:23528 disposed:false
176 silly packumentCache corgi:https://registry.npmjs.org/@vercel%2fpython-analysis cache-miss
177 http fetch GET 200 https://registry.npmjs.org/@vercel%2fpython-analysis 277ms (cache revalidated)
178 silly packumentCache corgi:https://registry.npmjs.org/@vercel%2fpython-analysis set size:20934 disposed:false
179 silly packumentCache corgi:https://registry.npmjs.org/@vercel%2fnode cache-miss
180 silly packumentCache corgi:https://registry.npmjs.org/@vercel%2fremix-builder cache-miss
181 http fetch GET 200 https://registry.npmjs.org/@vercel%2fnode 147ms (cache revalidated)
182 silly packumentCache corgi:https://registry.npmjs.org/@vercel%2fnode set size:809795 disposed:false
183 http fetch GET 200 https://registry.npmjs.org/@vercel%2fremix-builder 249ms (cache revalidated)
184 silly packumentCache corgi:https://registry.npmjs.org/@vercel%2fremix-builder set size:135534 disposed:false
185 silly packumentCache corgi:https://registry.npmjs.org/@vercel%2fbackends cache-miss
186 silly packumentCache corgi:https://registry.npmjs.org/@vercel%2fexpress cache-miss
187 silly packumentCache corgi:https://registry.npmjs.org/@vercel%2fhono cache-miss
188 http fetch GET 200 https://registry.npmjs.org/@vercel%2fhono 113ms (cache revalidated)
189 silly packumentCache corgi:https://registry.npmjs.org/@vercel%2fhono set size:94759 disposed:false
190 http fetch GET 200 https://registry.npmjs.org/@vercel%2fbackends 265ms (cache revalidated)
191 silly packumentCache corgi:https://registry.npmjs.org/@vercel%2fbackends set size:63634 disposed:false
192 http fetch GET 200 https://registry.npmjs.org/@vercel%2fexpress 264ms (cache revalidated)
193 silly packumentCache corgi:https://registry.npmjs.org/@vercel%2fexpress set size:98497 disposed:false
194 silly packumentCache corgi:https://registry.npmjs.org/@vercel%2fstatic-config cache-miss
195 http fetch GET 200 https://registry.npmjs.org/@vercel%2fstatic-config 251ms (cache revalidated)
196 silly packumentCache corgi:https://registry.npmjs.org/@vercel%2fstatic-config set size:45645 disposed:false
197 silly packumentCache corgi:https://registry.npmjs.org/@auth%2fcore cache-miss
198 silly packumentCache corgi:https://registry.npmjs.org/next-auth cache-miss
199 http fetch GET 200 https://registry.npmjs.org/next-auth 55ms (cache revalidated)
200 silly packumentCache corgi:https://registry.npmjs.org/next-auth set size:1811103 disposed:false
201 http fetch GET 200 https://registry.npmjs.org/@auth%2fcore 388ms (cache revalidated)
202 silly packumentCache corgi:https://registry.npmjs.org/@auth%2fcore set size:151729 disposed:false
203 silly packumentCache corgi:https://registry.npmjs.org/@vercel%2frust cache-miss
204 silly packumentCache corgi:https://registry.npmjs.org/vercel cache-miss
205 http fetch GET 200 https://registry.npmjs.org/vercel 65ms (cache revalidated)
206 silly packumentCache corgi:https://registry.npmjs.org/vercel set size:4097268 disposed:false
207 http fetch GET 200 https://registry.npmjs.org/@vercel%2frust 433ms (cache revalidated)
208 silly packumentCache corgi:https://registry.npmjs.org/@vercel%2frust set size:9921 disposed:false
209 silly packumentCache corgi:https://registry.npmjs.org/@mapbox%2fnode-pre-gyp cache-miss
210 http fetch GET 200 https://registry.npmjs.org/@mapbox%2fnode-pre-gyp 88ms (cache revalidated)
211 silly packumentCache corgi:https://registry.npmjs.org/@mapbox%2fnode-pre-gyp set size:47144 disposed:false
212 silly packumentCache corgi:https://registry.npmjs.org/@vercel%2fbuild-utils cache-miss
213 silly packumentCache corgi:https://registry.npmjs.org/@vercel%2fpython cache-miss
214 http fetch GET 200 https://registry.npmjs.org/@vercel%2fbuild-utils 105ms (cache revalidated)
215 silly packumentCache corgi:https://registry.npmjs.org/@vercel%2fbuild-utils set size:801865 disposed:false
216 http fetch GET 200 https://registry.npmjs.org/@vercel%2fpython 512ms (cache revalidated)
217 silly packumentCache corgi:https://registry.npmjs.org/@vercel%2fpython set size:326725 disposed:false
218 silly packumentCache corgi:https://registry.npmjs.org/@vercel%2felysia cache-miss
219 silly packumentCache corgi:https://registry.npmjs.org/@vercel%2ffastify cache-miss
220 silly packumentCache corgi:https://registry.npmjs.org/@vercel%2fh3 cache-miss
221 silly packumentCache corgi:https://registry.npmjs.org/@vercel%2fkoa cache-miss
222 silly packumentCache corgi:https://registry.npmjs.org/@vercel%2fnestjs cache-miss
223 http fetch GET 200 https://registry.npmjs.org/@vercel%2ffastify 93ms (cache revalidated)
224 silly packumentCache corgi:https://registry.npmjs.org/@vercel%2ffastify set size:59910 disposed:false
225 http fetch GET 200 https://registry.npmjs.org/@vercel%2fkoa 113ms (cache revalidated)
226 silly packumentCache corgi:https://registry.npmjs.org/@vercel%2fkoa set size:39358 disposed:false
227 http fetch GET 200 https://registry.npmjs.org/@vercel%2felysia 127ms (cache revalidated)
228 silly packumentCache corgi:https://registry.npmjs.org/@vercel%2felysia set size:55893 disposed:false
229 http fetch GET 200 https://registry.npmjs.org/@vercel%2fnestjs 251ms (cache revalidated)
230 silly packumentCache corgi:https://registry.npmjs.org/@vercel%2fnestjs set size:64354 disposed:false
231 http fetch GET 200 https://registry.npmjs.org/@vercel%2fh3 406ms (cache revalidated)
232 silly packumentCache corgi:https://registry.npmjs.org/@vercel%2fh3 set size:64206 disposed:false
233 silly packumentCache corgi:https://registry.npmjs.org/@vercel%2fcervel cache-miss
234 http fetch GET 200 https://registry.npmjs.org/@vercel%2fcervel 414ms (cache revalidated)
235 silly packumentCache corgi:https://registry.npmjs.org/@vercel%2fcervel set size:39102 disposed:false
236 silly packumentCache corgi:https://registry.npmjs.org/@vercel%2fhydrogen cache-miss
237 silly packumentCache corgi:https://registry.npmjs.org/@vercel%2fredwood cache-miss
238 silly packumentCache corgi:https://registry.npmjs.org/@vercel%2fstatic-build cache-miss
239 http fetch GET 200 https://registry.npmjs.org/@vercel%2fhydrogen 98ms (cache revalidated)
240 silly packumentCache corgi:https://registry.npmjs.org/@vercel%2fhydrogen set size:122825 disposed:false
241 http fetch GET 200 https://registry.npmjs.org/@vercel%2fstatic-build 259ms (cache revalidated)
242 silly packumentCache corgi:https://registry.npmjs.org/@vercel%2fstatic-build set size:606262 disposed:false
243 http fetch GET 200 https://registry.npmjs.org/@vercel%2fredwood 267ms (cache revalidated)
244 silly packumentCache corgi:https://registry.npmjs.org/@vercel%2fredwood set size:263483 disposed:false
245 silly packumentCache corgi:https://registry.npmjs.org/@auth%2fprisma-adapter cache-miss
246 http fetch GET 200 https://registry.npmjs.org/@auth%2fprisma-adapter 399ms (cache revalidated)
247 silly packumentCache corgi:https://registry.npmjs.org/@auth%2fprisma-adapter set size:45993 disposed:false
248 silly packumentCache corgi:https://registry.npmjs.org/@vercel%2fgatsby-plugin-vercel-builder cache-miss
249 http fetch GET 200 https://registry.npmjs.org/@vercel%2fgatsby-plugin-vercel-builder 96ms (cache revalidated)
250 silly packumentCache corgi:https://registry.npmjs.org/@vercel%2fgatsby-plugin-vercel-builder set size:254021 disposed:false
251 silly ADD node_modules/ecdsa-sig-formatter
252 silly ADD node_modules/buffer-equal-constant-time
253 silly ADD node_modules/safe-buffer
254 silly ADD node_modules/jwa
255 silly ADD node_modules/lodash.once
256 silly ADD node_modules/lodash.isstring
257 silly ADD node_modules/lodash.isplainobject
258 silly ADD node_modules/lodash.isnumber
259 silly ADD node_modules/lodash.isinteger
260 silly ADD node_modules/lodash.isboolean
261 silly ADD node_modules/lodash.includes
262 silly ADD node_modules/jws
263 silly ADD node_modules/jsonwebtoken
264 silly ADD node_modules/jsonwebtoken/node_modules/semver
265 silly ADD node_modules/cookie
266 verbose cwd /Users/enriquevaleros/.openclaw/workspace/evtradelabs-site
267 verbose os Darwin 25.3.0
268 verbose node v25.8.0
269 verbose npm  v11.11.0
270 verbose exit 0
271 info ok
