0 verbose cli /opt/homebrew/Cellar/node/25.8.0/bin/node /opt/homebrew/bin/npm
1 info using npm@11.11.0
2 info using node@v25.8.0
3 silly config load:file:/opt/homebrew/lib/node_modules/npm/npmrc
4 silly config load:file:/Users/enriquevaleros/.openclaw/workspace/evtradelabs-site/.npmrc
5 silly config load:file:/Users/enriquevaleros/.npmrc
6 silly config load:file:/opt/homebrew/etc/npmrc
7 verbose title npm install next-auth@beta @auth/prisma-adapter resend
8 verbose argv "install" "next-auth@beta" "@auth/prisma-adapter" "resend"
9 verbose logfile logs-max:10 dir:/Users/enriquevaleros/.openclaw/workspace/evtradelabs-site/_logs/2026-04-10T09_58_34_394Z-
10 verbose logfile /Users/enriquevaleros/.openclaw/workspace/evtradelabs-site/_logs/2026-04-10T09_58_34_394Z-debug-0.log
11 silly logfile start cleaning logs, removing 1 files
12 silly packumentCache heap:4496293888 maxSize:1124073472 maxEntrySize:562036736
13 silly logfile done cleaning log files
14 silly packumentCache corgi:https://registry.npmjs.org/next-auth cache-miss
15 http fetch GET 200 https://registry.npmjs.org/next-auth 223ms (cache miss)
16 silly packumentCache corgi:https://registry.npmjs.org/next-auth set size:undefined disposed:false
17 silly idealTree buildDeps
18 silly fetch manifest resend@^6.10.0
19 silly packumentCache full:https://registry.npmjs.org/resend cache-miss
20 http fetch GET 200 https://registry.npmjs.org/resend 209ms (cache miss)
21 silly packumentCache full:https://registry.npmjs.org/resend set size:undefined disposed:false
22 silly fetch manifest @react-email/render@*
23 silly packumentCache full:https://registry.npmjs.org/@react-email%2frender cache-miss
24 http fetch GET 200 https://registry.npmjs.org/@react-email%2frender 412ms (cache miss)
25 silly packumentCache full:https://registry.npmjs.org/@react-email%2frender set size:undefined disposed:false
26 silly fetch manifest react@19.2.4
27 silly packumentCache full:https://registry.npmjs.org/react cache-miss
28 http fetch GET 200 https://registry.npmjs.org/react 163ms (cache updated)
29 silly packumentCache full:https://registry.npmjs.org/react set size:undefined disposed:false
30 silly fetch manifest react-dom@19.2.4
31 silly packumentCache full:https://registry.npmjs.org/react-dom cache-miss
32 http fetch GET 200 https://registry.npmjs.org/react-dom 172ms (cache updated)
33 silly packumentCache full:https://registry.npmjs.org/react-dom set size:undefined disposed:false
34 silly fetch manifest @auth/prisma-adapter@*
35 silly packumentCache full:https://registry.npmjs.org/@auth%2fprisma-adapter cache-miss
36 http fetch GET 200 https://registry.npmjs.org/@auth%2fprisma-adapter 416ms (cache miss)
37 silly packumentCache full:https://registry.npmjs.org/@auth%2fprisma-adapter set size:undefined disposed:false
38 silly fetch manifest @prisma/client@5.22.0
39 silly packumentCache full:https://registry.npmjs.org/@prisma%2fclient cache-miss
40 http fetch GET 200 https://registry.npmjs.org/@prisma%2fclient 899ms (cache miss)
41 silly packumentCache full:https://registry.npmjs.org/@prisma%2fclient set size:undefined disposed:false
42 silly fetch manifest prisma@5.22.0
43 silly packumentCache full:https://registry.npmjs.org/prisma cache-miss
44 http fetch GET 200 https://registry.npmjs.org/prisma 647ms (cache updated)
45 silly packumentCache full:https://registry.npmjs.org/prisma set size:undefined disposed:false
46 silly fetch manifest next-auth@5.0.0-beta.30
47 silly packumentCache full:https://registry.npmjs.org/next-auth cache-miss
48 http fetch GET 200 https://registry.npmjs.org/next-auth 93ms (cache miss)
49 silly packumentCache full:https://registry.npmjs.org/next-auth set size:undefined disposed:false
50 silly fetch manifest @simplewebauthn/browser@^9.0.1
51 silly packumentCache full:https://registry.npmjs.org/@simplewebauthn%2fbrowser cache-miss
52 http fetch GET 200 https://registry.npmjs.org/@simplewebauthn%2fbrowser 777ms (cache miss)
53 silly packumentCache full:https://registry.npmjs.org/@simplewebauthn%2fbrowser set size:undefined disposed:false
54 silly fetch manifest @simplewebauthn/server@^9.0.2
55 silly packumentCache full:https://registry.npmjs.org/@simplewebauthn%2fserver cache-miss
56 http fetch GET 200 https://registry.npmjs.org/@simplewebauthn%2fserver 95ms (cache miss)
57 silly packumentCache full:https://registry.npmjs.org/@simplewebauthn%2fserver set size:undefined disposed:false
58 silly fetch manifest next@16.2.1
59 silly packumentCache full:https://registry.npmjs.org/next cache-miss
60 http fetch GET 200 https://registry.npmjs.org/next 407ms (cache miss)
61 silly packumentCache full:https://registry.npmjs.org/next set size:undefined disposed:false
62 silly fetch manifest @opentelemetry/api@^1.1.0
63 silly packumentCache full:https://registry.npmjs.org/@opentelemetry%2fapi cache-miss
64 http fetch GET 200 https://registry.npmjs.org/@opentelemetry%2fapi 72ms (cache miss)
65 silly packumentCache full:https://registry.npmjs.org/@opentelemetry%2fapi set size:undefined disposed:false
66 silly fetch manifest @playwright/test@^1.51.1
67 silly packumentCache full:https://registry.npmjs.org/@playwright%2ftest cache-miss
68 http fetch GET 200 https://registry.npmjs.org/@playwright%2ftest 220ms (cache miss)
69 silly packumentCache full:https://registry.npmjs.org/@playwright%2ftest set size:undefined disposed:false
70 silly fetch manifest babel-plugin-react-compiler@*
71 silly packumentCache full:https://registry.npmjs.org/babel-plugin-react-compiler cache-miss
72 http fetch GET 200 https://registry.npmjs.org/babel-plugin-react-compiler 56ms (cache miss)
73 silly packumentCache full:https://registry.npmjs.org/babel-plugin-react-compiler set size:undefined disposed:false
74 silly fetch manifest sass@^1.3.0
75 silly packumentCache full:https://registry.npmjs.org/sass cache-miss
76 http fetch GET 200 https://registry.npmjs.org/sass 64ms (cache miss)
77 silly packumentCache full:https://registry.npmjs.org/sass set size:undefined disposed:false
78 silly fetch manifest nodemailer@^7.0.7
79 silly packumentCache full:https://registry.npmjs.org/nodemailer cache-miss
80 http fetch GET 200 https://registry.npmjs.org/nodemailer 58ms (cache miss)
81 silly packumentCache full:https://registry.npmjs.org/nodemailer set size:undefined disposed:false
82 silly placeDep ROOT @auth/prisma-adapter@2.11.1 OK for: evtradelabs-site@0.1.0 want: *
83 silly placeDep ROOT next-auth@5.0.0-beta.30 OK for: evtradelabs-site@0.1.0 want: 5.0.0-beta.30
84 silly placeDep ROOT resend@6.10.0 REPLACE for: evtradelabs-site@0.1.0 want: ^6.10.0
85 silly fetch manifest @auth/core@0.41.1
86 silly packumentCache full:https://registry.npmjs.org/@auth%2fcore cache-miss
87 silly fetch manifest @auth/core@0.41.0
88 silly packumentCache full:https://registry.npmjs.org/@auth%2fcore cache-miss
89 http fetch GET 200 https://registry.npmjs.org/@auth%2fcore 93ms (cache miss)
90 silly packumentCache full:https://registry.npmjs.org/@auth%2fcore set size:undefined disposed:false
91 http fetch GET 200 https://registry.npmjs.org/@auth%2fcore 148ms (cache miss)
92 silly packumentCache full:https://registry.npmjs.org/@auth%2fcore set size:undefined disposed:false
93 silly placeDep ROOT @auth/core@0.41.1 OK for: @auth/prisma-adapter@2.11.1 want: 0.41.1
94 silly fetch manifest jose@^6.0.6
95 silly packumentCache full:https://registry.npmjs.org/jose cache-miss
96 silly fetch manifest preact@10.24.3
97 silly packumentCache full:https://registry.npmjs.org/preact cache-miss
98 silly fetch manifest @panva/hkdf@^1.2.1
99 silly packumentCache full:https://registry.npmjs.org/@panva%2fhkdf cache-miss
100 silly fetch manifest oauth4webapi@^3.3.0
101 silly packumentCache full:https://registry.npmjs.org/oauth4webapi cache-miss
102 silly fetch manifest preact-render-to-string@6.5.11
103 silly packumentCache full:https://registry.npmjs.org/preact-render-to-string cache-miss
104 http fetch GET 200 https://registry.npmjs.org/preact 75ms (cache miss)
105 silly packumentCache full:https://registry.npmjs.org/preact set size:undefined disposed:false
106 http fetch GET 200 https://registry.npmjs.org/jose 124ms (cache revalidated)
107 silly packumentCache full:https://registry.npmjs.org/jose set size:1407632 disposed:false
108 http fetch GET 200 https://registry.npmjs.org/oauth4webapi 172ms (cache miss)
109 silly packumentCache full:https://registry.npmjs.org/oauth4webapi set size:undefined disposed:false
110 http fetch GET 200 https://registry.npmjs.org/@panva%2fhkdf 230ms (cache miss)
111 silly packumentCache full:https://registry.npmjs.org/@panva%2fhkdf set size:undefined disposed:false
112 http fetch GET 200 https://registry.npmjs.org/preact-render-to-string 288ms (cache miss)
113 silly packumentCache full:https://registry.npmjs.org/preact-render-to-string set size:undefined disposed:false
114 silly placeDep ROOT @panva/hkdf@1.2.1 OK for: @auth/core@0.41.1 want: ^1.2.1
115 silly placeDep node_modules/@auth/core jose@6.2.2 OK for: @auth/core@0.41.1 want: ^6.0.6
116 silly placeDep ROOT oauth4webapi@3.8.5 OK for: @auth/core@0.41.1 want: ^3.3.0
117 silly placeDep ROOT preact@10.24.3 OK for: @auth/core@0.41.1 want: 10.24.3
118 silly placeDep ROOT preact-render-to-string@6.5.11 OK for: @auth/core@0.41.1 want: 6.5.11
119 silly fetch manifest nodemailer@^6.8.0
120 silly packumentCache full:https://registry.npmjs.org/nodemailer cache-miss
121 http cache https://registry.npmjs.org/nodemailer 2ms (cache hit)
122 silly packumentCache full:https://registry.npmjs.org/nodemailer set size:572865 disposed:false
123 silly placeDep node_modules/next-auth @auth/core@0.41.0 OK for: next-auth@5.0.0-beta.30 want: 0.41.0
124 silly placeDep node_modules/next-auth jose@6.2.2 OK for: @auth/core@0.41.0 want: ^6.0.6
125 warn EBADENGINE Unsupported engine {
125 warn EBADENGINE   package: '@renovatebot/pep440@4.2.1',
125 warn EBADENGINE   required: { node: '^20.9.0 || ^22.11.0 || ^24', pnpm: '^10.0.0' },
125 warn EBADENGINE   current: { node: 'v25.8.0', npm: '11.11.0' }
125 warn EBADENGINE }
126 silly reify moves {}
127 silly audit bulk request {
127 silly audit   '@alloc/quick-lru': [ '5.2.0' ],
127 silly audit   '@babel/code-frame': [ '7.29.0' ],
127 silly audit   '@babel/compat-data': [ '7.29.0' ],
127 silly audit   '@babel/core': [ '7.29.0' ],
127 silly audit   '@babel/generator': [ '7.29.1' ],
127 silly audit   '@babel/helper-compilation-targets': [ '7.28.6' ],
127 silly audit   '@babel/helper-globals': [ '7.28.0' ],
127 silly audit   '@babel/helper-module-imports': [ '7.28.6' ],
127 silly audit   '@babel/helper-module-transforms': [ '7.28.6' ],
127 silly audit   '@babel/helper-string-parser': [ '7.27.1' ],
127 silly audit   '@babel/helper-validator-identifier': [ '7.28.5' ],
127 silly audit   '@babel/helper-validator-option': [ '7.27.1' ],
127 silly audit   '@babel/helpers': [ '7.29.2' ],
127 silly audit   '@babel/parser': [ '7.29.2' ],
127 silly audit   '@babel/template': [ '7.28.6' ],
127 silly audit   '@babel/traverse': [ '7.29.0' ],
127 silly audit   '@babel/types': [ '7.29.0' ],
127 silly audit   '@bytecodealliance/preview2-shim': [ '0.17.6' ],
127 silly audit   '@edge-runtime/format': [ '2.2.1' ],
127 silly audit   '@edge-runtime/node-utils': [ '2.3.0' ],
127 silly audit   '@edge-runtime/ponyfill': [ '2.4.2' ],
127 silly audit   '@edge-runtime/primitives': [ '4.1.0' ],
127 silly audit   '@edge-runtime/vm': [ '3.2.0' ],
127 silly audit   '@emnapi/core': [ '1.9.1' ],
127 silly audit   '@emnapi/runtime': [ '1.9.1' ],
127 silly audit   '@emnapi/wasi-threads': [ '1.2.0' ],
127 silly audit   '@esbuild/aix-ppc64': [ '0.27.0' ],
127 silly audit   '@esbuild/android-arm': [ '0.27.0' ],
127 silly audit   '@esbuild/android-arm64': [ '0.27.0' ],
127 silly audit   '@esbuild/android-x64': [ '0.27.0' ],
127 silly audit   '@esbuild/darwin-arm64': [ '0.27.0' ],
127 silly audit   '@esbuild/darwin-x64': [ '0.27.0' ],
127 silly audit   '@esbuild/freebsd-arm64': [ '0.27.0' ],
127 silly audit   '@esbuild/freebsd-x64': [ '0.27.0' ],
127 silly audit   '@esbuild/linux-arm': [ '0.27.0' ],
127 silly audit   '@esbuild/linux-arm64': [ '0.27.0' ],
127 silly audit   '@esbuild/linux-ia32': [ '0.27.0' ],
127 silly audit   '@esbuild/linux-loong64': [ '0.27.0' ],
127 silly audit   '@esbuild/linux-mips64el': [ '0.27.0' ],
127 silly audit   '@esbuild/linux-ppc64': [ '0.27.0' ],
127 silly audit   '@esbuild/linux-riscv64': [ '0.27.0' ],
127 silly audit   '@esbuild/linux-s390x': [ '0.27.0' ],
127 silly audit   '@esbuild/linux-x64': [ '0.27.0' ],
127 silly audit   '@esbuild/netbsd-arm64': [ '0.27.0' ],
127 silly audit   '@esbuild/netbsd-x64': [ '0.27.0' ],
127 silly audit   '@esbuild/openbsd-arm64': [ '0.27.0' ],
127 silly audit   '@esbuild/openbsd-x64': [ '0.27.0' ],
127 silly audit   '@esbuild/openharmony-arm64': [ '0.27.0' ],
127 silly audit   '@esbuild/sunos-x64': [ '0.27.0' ],
127 silly audit   '@esbuild/win32-arm64': [ '0.27.0' ],
127 silly audit   '@esbuild/win32-ia32': [ '0.27.0' ],
127 silly audit   '@esbuild/win32-x64': [ '0.27.0' ],
127 silly audit   '@eslint-community/eslint-utils': [ '4.9.1' ],
127 silly audit   'eslint-visitor-keys': [ '3.4.3', '5.0.1', '4.2.1' ],
127 silly audit   '@eslint-community/regexpp': [ '4.12.2' ],
127 silly audit   '@eslint/config-array': [ '0.21.2' ],
127 silly audit   '@eslint/config-helpers': [ '0.4.2' ],
127 silly audit   '@eslint/core': [ '0.17.0' ],
127 silly audit   '@eslint/eslintrc': [ '3.3.5' ],
127 silly audit   '@eslint/js': [ '9.39.4' ],
127 silly audit   '@eslint/object-schema': [ '2.1.7' ],
127 silly audit   '@eslint/plugin-kit': [ '0.4.1' ],
127 silly audit   '@fastify/busboy': [ '2.1.1' ],
127 silly audit   '@humanfs/core': [ '0.19.1' ],
127 silly audit   '@humanfs/node': [ '0.16.7' ],
127 silly audit   '@humanwhocodes/module-importer': [ '1.0.1' ],
127 silly audit   '@humanwhocodes/retry': [ '0.4.3' ],
127 silly audit   '@img/colour': [ '1.1.0' ],
127 silly audit   '@img/sharp-darwin-arm64': [ '0.34.5' ],
127 silly audit   '@img/sharp-darwin-x64': [ '0.34.5' ],
127 silly audit   '@img/sharp-libvips-darwin-arm64': [ '1.2.4' ],
127 silly audit   '@img/sharp-libvips-darwin-x64': [ '1.2.4' ],
127 silly audit   '@img/sharp-libvips-linux-arm': [ '1.2.4' ],
127 silly audit   '@img/sharp-libvips-linux-arm64': [ '1.2.4' ],
127 silly audit   '@img/sharp-libvips-linux-ppc64': [ '1.2.4' ],
127 silly audit   '@img/sharp-libvips-linux-riscv64': [ '1.2.4' ],
127 silly audit   '@img/sharp-libvips-linux-s390x': [ '1.2.4' ],
127 silly audit   '@img/sharp-libvips-linux-x64': [ '1.2.4' ],
127 silly audit   '@img/sharp-libvips-linuxmusl-arm64': [ '1.2.4' ],
127 silly audit   '@img/sharp-libvips-linuxmusl-x64': [ '1.2.4' ],
127 silly audit   '@img/sharp-linux-arm': [ '0.34.5' ],
127 silly audit   '@img/sharp-linux-arm64': [ '0.34.5' ],
127 silly audit   '@img/sharp-linux-ppc64': [ '0.34.5' ],
127 silly audit   '@img/sharp-linux-riscv64': [ '0.34.5' ],
127 silly audit   '@img/sharp-linux-s390x': [ '0.34.5' ],
127 silly audit   '@img/sharp-linux-x64': [ '0.34.5' ],
127 silly audit   '@img/sharp-linuxmusl-arm64': [ '0.34.5' ],
127 silly audit   '@img/sharp-linuxmusl-x64': [ '0.34.5' ],
127 silly audit   '@img/sharp-wasm32': [ '0.34.5' ],
127 silly audit   '@img/sharp-win32-arm64': [ '0.34.5' ],
127 silly audit   '@img/sharp-win32-ia32': [ '0.34.5' ],
127 silly audit   '@img/sharp-win32-x64': [ '0.34.5' ],
127 silly audit   '@isaacs/balanced-match': [ '4.0.1' ],
127 silly audit   '@isaacs/brace-expansion': [ '5.0.1' ],
127 silly audit   '@isaacs/fs-minipass': [ '4.0.1' ],
127 silly audit   '@jridgewell/gen-mapping': [ '0.3.13' ],
127 silly audit   '@jridgewell/remapping': [ '2.3.5' ],
127 silly audit   '@jridgewell/resolve-uri': [ '3.1.2' ],
127 silly audit   '@jridgewell/sourcemap-codec': [ '1.5.5' ],
127 silly audit   '@jridgewell/trace-mapping': [ '0.3.31' ],
127 silly audit   '@mapbox/node-pre-gyp': [ '2.0.3' ],
127 silly audit   semver: [ '7.7.4', '7.5.4', '6.3.1' ],
127 silly audit   '@napi-rs/wasm-runtime': [ '0.2.12', '1.1.3' ],
127 silly audit   '@next/env': [ '16.2.1' ],
127 silly audit   '@next/eslint-plugin-next': [ '16.2.1' ],
127 silly audit   '@next/swc-darwin-arm64': [ '16.2.1' ],
127 silly audit   '@next/swc-darwin-x64': [ '16.2.1' ],
127 silly audit   '@next/swc-linux-arm64-gnu': [ '16.2.1' ],
127 silly audit   '@next/swc-linux-arm64-musl': [ '16.2.1' ],
127 silly audit   '@next/swc-linux-x64-gnu': [ '16.2.1' ],
127 silly audit   '@next/swc-linux-x64-musl': [ '16.2.1' ],
127 silly audit   '@next/swc-win32-arm64-msvc': [ '16.2.1' ],
127 silly audit   '@next/swc-win32-x64-msvc': [ '16.2.1' ],
127 silly audit   '@nodelib/fs.scandir': [ '2.1.5' ],
127 silly audit   '@nodelib/fs.stat': [ '2.0.5' ],
127 silly audit   '@nodelib/fs.walk': [ '1.2.8' ],
127 silly audit   '@nolyfill/is-core-module': [ '1.0.39' ],
127 silly audit   '@oxc-project/types': [ '0.110.0' ],
127 silly audit   '@oxc-transform/binding-android-arm-eabi': [ '0.111.0' ],
127 silly audit   '@oxc-transform/binding-android-arm64': [ '0.111.0' ],
127 silly audit   '@oxc-transform/binding-darwin-arm64': [ '0.111.0' ],
127 silly audit   '@oxc-transform/binding-darwin-x64': [ '0.111.0' ],
127 silly audit   '@oxc-transform/binding-freebsd-x64': [ '0.111.0' ],
127 silly audit   '@oxc-transform/binding-linux-arm-gnueabihf': [ '0.111.0' ],
127 silly audit   '@oxc-transform/binding-linux-arm-musleabihf': [ '0.111.0' ],
127 silly audit   '@oxc-transform/binding-linux-arm64-gnu': [ '0.111.0' ],
127 silly audit   '@oxc-transform/binding-linux-arm64-musl': [ '0.111.0' ],
127 silly audit   '@oxc-transform/binding-linux-ppc64-gnu': [ '0.111.0' ],
127 silly audit   '@oxc-transform/binding-linux-riscv64-gnu': [ '0.111.0' ],
127 silly audit   '@oxc-transform/binding-linux-riscv64-musl': [ '0.111.0' ],
127 silly audit   '@oxc-transform/binding-linux-s390x-gnu': [ '0.111.0' ],
127 silly audit   '@oxc-transform/binding-linux-x64-gnu': [ '0.111.0' ],
127 silly audit   '@oxc-transform/binding-linux-x64-musl': [ '0.111.0' ],
127 silly audit   '@oxc-transform/binding-openharmony-arm64': [ '0.111.0' ],
127 silly audit   '@oxc-transform/binding-wasm32-wasi': [ '0.111.0' ],
127 silly audit   '@oxc-transform/binding-win32-arm64-msvc': [ '0.111.0' ],
127 silly audit   '@oxc-transform/binding-win32-ia32-msvc': [ '0.111.0' ],
127 silly audit   '@oxc-transform/binding-win32-x64-msvc': [ '0.111.0' ],
127 silly audit   '@prisma/client': [ '5.22.0' ],
127 silly audit   '@prisma/debug': [ '5.22.0' ],
127 silly audit   '@prisma/engines': [ '5.22.0' ],
127 silly audit   '@prisma/engines-version': [ '5.22.0-44.605197351a3c8bdd595af2d2a9bc3025bca48ea2' ],
127 silly audit   '@prisma/fetch-engine': [ '5.22.0' ],
127 silly audit   '@prisma/get-platform': [ '5.22.0' ],
127 silly audit   '@renovatebot/pep440': [ '4.2.1' ],
127 silly audit   '@rolldown/binding-android-arm64': [ '1.0.0-rc.1' ],
127 silly audit   '@rolldown/binding-darwin-arm64': [ '1.0.0-rc.1' ],
127 silly audit   '@rolldown/binding-darwin-x64': [ '1.0.0-rc.1' ],
127 silly audit   '@rolldown/binding-freebsd-x64': [ '1.0.0-rc.1' ],
127 silly audit   '@rolldown/binding-linux-arm-gnueabihf': [ '1.0.0-rc.1' ],
127 silly audit   '@rolldown/binding-linux-arm64-gnu': [ '1.0.0-rc.1' ],
127 silly audit   '@rolldown/binding-linux-arm64-musl': [ '1.0.0-rc.1' ],
127 silly audit   '@rolldown/binding-linux-x64-gnu': [ '1.0.0-rc.1' ],
127 silly audit   '@rolldown/binding-linux-x64-musl': [ '1.0.0-rc.1' ],
127 silly audit   '@rolldown/binding-openharmony-arm64': [ '1.0.0-rc.1' ],
127 silly audit   '@rolldown/binding-wasm32-wasi': [ '1.0.0-rc.1' ],
127 silly audit   '@rolldown/binding-win32-arm64-msvc': [ '1.0.0-rc.1' ],
127 silly audit   '@rolldown/binding-win32-x64-msvc': [ '1.0.0-rc.1' ],
127 silly audit   '@rolldown/pluginutils': [ '1.0.0-rc.1' ],
127 silly audit   '@rollup/pluginutils': [ '5.3.0' ],
127 silly audit   picomatch: [ '4.0.4', '2.3.2' ],
127 silly audit   '@rtsao/scc': [ '1.1.0' ],
127 silly audit   '@sinclair/typebox': [ '0.25.24' ],
127 silly audit   '@stablelib/base64': [ '1.0.1' ],
127 silly audit   '@stripe/react-stripe-js': [ '6.1.0' ],
127 silly audit   '@stripe/stripe-js': [ '9.1.0' ],
127 silly audit   '@swc/helpers': [ '0.5.15' ],
127 silly audit   '@tailwindcss/node': [ '4.2.2' ],
127 silly audit   '@tailwindcss/oxide': [ '4.2.2' ],
127 silly audit   '@tailwindcss/oxide-android-arm64': [ '4.2.2' ],
127 silly audit   '@tailwindcss/oxide-darwin-arm64': [ '4.2.2' ],
127 silly audit   '@tailwindcss/oxide-darwin-x64': [ '4.2.2' ],
127 silly audit   '@tailwindcss/oxide-freebsd-x64': [ '4.2.2' ],
127 silly audit   '@tailwindcss/oxide-linux-arm-gnueabihf': [ '4.2.2' ],
127 silly audit   '@tailwindcss/oxide-linux-arm64-gnu': [ '4.2.2' ],
127 silly audit   '@tailwindcss/oxide-linux-arm64-musl': [ '4.2.2' ],
127 silly audit   '@tailwindcss/oxide-linux-x64-gnu': [ '4.2.2' ],
127 silly audit   '@tailwindcss/oxide-linux-x64-musl': [ '4.2.2' ],
127 silly audit   '@tailwindcss/oxide-wasm32-wasi': [ '4.2.2' ],
127 silly audit   '@tailwindcss/oxide-win32-arm64-msvc': [ '4.2.2' ],
127 silly audit   '@tailwindcss/oxide-win32-x64-msvc': [ '4.2.2' ],
127 silly audit   '@tailwindcss/postcss': [ '4.2.2' ],
127 silly audit   '@tootallnate/once': [ '2.0.0' ],
127 silly audit   '@tootallnate/quickjs-emscripten': [ '0.23.0' ],
127 silly audit   '@ts-morph/common': [ '0.11.1' ],
127 silly audit   '@tybys/wasm-util': [ '0.10.1' ],
127 silly audit   '@types/estree': [ '1.0.8' ],
127 silly audit   '@types/json-schema': [ '7.0.15' ],
127 silly audit   '@types/json5': [ '0.0.29' ],
127 silly audit   '@types/node': [ '20.19.37', '20.11.0' ],
127 silly audit   '@types/react': [ '19.2.14' ],
127 silly audit   '@types/react-dom': [ '19.2.3' ],
127 silly audit   '@typescript-eslint/eslint-plugin': [ '8.57.2' ],
127 silly audit   ignore: [ '7.0.5', '5.3.2' ],
127 silly audit   '@typescript-eslint/parser': [ '8.57.2' ],
127 silly audit   '@typescript-eslint/project-service': [ '8.57.2' ],
127 silly audit   '@typescript-eslint/scope-manager': [ '8.57.2' ],
127 silly audit   '@typescript-eslint/tsconfig-utils': [ '8.57.2' ],
127 silly audit   '@typescript-eslint/type-utils': [ '8.57.2' ],
127 silly audit   '@typescript-eslint/types': [ '8.57.2' ],
127 silly audit   '@typescript-eslint/typescript-estree': [ '8.57.2' ],
127 silly audit   'balanced-match': [ '4.0.4', '1.0.2' ],
127 silly audit   'brace-expansion': [ '5.0.5', '1.1.12' ],
127 silly audit   minimatch: [ '10.2.4', '10.1.1', '10.2.5', '3.1.5' ],
127 silly audit   '@typescript-eslint/utils': [ '8.57.2' ],
127 silly audit   '@typescript-eslint/visitor-keys': [ '8.57.2' ],
127 silly audit   '@unrs/resolver-binding-android-arm-eabi': [ '1.11.1' ],
127 silly audit   '@unrs/resolver-binding-android-arm64': [ '1.11.1' ],
127 silly audit   '@unrs/resolver-binding-darwin-arm64': [ '1.11.1' ],
127 silly audit   '@unrs/resolver-binding-darwin-x64': [ '1.11.1' ],
127 silly audit   '@unrs/resolver-binding-freebsd-x64': [ '1.11.1' ],
127 silly audit   '@unrs/resolver-binding-linux-arm-gnueabihf': [ '1.11.1' ],
127 silly audit   '@unrs/resolver-binding-linux-arm-musleabihf': [ '1.11.1' ],
127 silly audit   '@unrs/resolver-binding-linux-arm64-gnu': [ '1.11.1' ],
127 silly audit   '@unrs/resolver-binding-linux-arm64-musl': [ '1.11.1' ],
127 silly audit   '@unrs/resolver-binding-linux-ppc64-gnu': [ '1.11.1' ],
127 silly audit   '@unrs/resolver-binding-linux-riscv64-gnu': [ '1.11.1' ],
127 silly audit   '@unrs/resolver-binding-linux-riscv64-musl': [ '1.11.1' ],
127 silly audit   '@unrs/resolver-binding-linux-s390x-gnu': [ '1.11.1' ],
127 silly audit   '@unrs/resolver-binding-linux-x64-gnu': [ '1.11.1' ],
127 silly audit   '@unrs/resolver-binding-linux-x64-musl': [ '1.11.1' ],
127 silly audit   '@unrs/resolver-binding-wasm32-wasi': [ '1.11.1' ],
127 silly audit   '@unrs/resolver-binding-win32-arm64-msvc': [ '1.11.1' ],
127 silly audit   '@unrs/resolver-binding-win32-ia32-msvc': [ '1.11.1' ],
127 silly audit   '@unrs/resolver-binding-win32-x64-msvc': [ '1.11.1' ],
127 silly audit   '@vercel/backends': [ '0.0.57' ],
127 silly audit   zod: [ '3.22.4', '3.24.4', '4.3.6' ],
127 silly audit   '@vercel/blob': [ '2.3.0' ],
127 silly audit   '@vercel/build-utils': [ '13.14.0' ],
127 silly audit   '@vercel/cervel': [ '0.0.44' ],
127 silly audit   '@vercel/detect-agent': [ '1.2.1' ],
127 silly audit   '@vercel/elysia': [ '0.1.60' ],
127 silly audit   '@vercel/error-utils': [ '2.0.3' ],
127 silly audit   '@vercel/express': [ '0.1.70' ],
127 silly audit   '@vercel/fastify': [ '0.1.63' ],
127 silly audit   '@vercel/fun': [ '1.3.0' ],
127 silly audit   debug: [ '4.3.4', '4.4.3', '3.2.7' ],
127 silly audit   ms: [ '2.1.2', '2.1.1', '2.1.3' ],
127 silly audit   'lru-cache': [ '6.0.0', '5.1.1', '11.3.3', '7.18.3' ],
127 silly audit   'path-to-regexp': [ '8.2.0', '6.1.0', '8.3.0', '6.3.0' ],
127 silly audit   yallist: [ '4.0.0', '5.0.0', '3.1.1' ],
127 silly audit   '@vercel/gatsby-plugin-vercel-analytics': [ '1.0.11' ],
127 silly audit   '@vercel/gatsby-plugin-vercel-builder': [ '2.1.10' ],
127 silly audit   '@vercel/go': [ '3.4.7' ],
127 silly audit   '@vercel/h3': [ '0.1.69' ],
127 silly audit   '@vercel/hono': [ '0.2.63' ],
127 silly audit   '@vercel/hydrogen': [ '1.3.6' ],
127 silly audit   '@vercel/koa': [ '0.1.43' ],
127 silly audit   '@vercel/nestjs': [ '0.2.64' ],
127 silly audit   '@vercel/next': [ '4.16.5' ],
127 silly audit   '@vercel/nft': [ '1.5.0' ],
127 silly audit   'resolve-from': [ '5.0.0', '4.0.0' ],
127 silly audit   '@vercel/node': [ '5.7.2' ],
127 silly audit   'async-listen': [ '3.0.0', '1.2.0', '3.0.1' ],
127 silly audit   'es-module-lexer': [ '1.4.1', '1.5.0' ],
127 silly audit   'node-fetch': [ '2.6.9', '2.6.7' ],
127 silly audit   undici: [ '5.28.4', '7.24.7', '6.24.1' ],
127 silly audit   'undici-types': [ '5.26.5', '6.21.0' ],
127 silly audit   '@vercel/oidc': [ '3.2.0' ],
127 silly audit   '@vercel/prepare-flags-definitions': [ '0.2.1' ],
127 silly audit   '@vercel/python': [ '6.29.0' ],
127 silly audit   '@vercel/python-analysis': [ '0.11.0' ],
127 silly audit   'fs-extra': [ '11.1.1', '11.1.0' ],
127 silly audit   '@vercel/redwood': [ '2.4.12' ],
127 silly audit   '@vercel/remix-builder': [ '5.7.2' ],
127 silly audit   '@vercel/ruby': [ '2.3.2' ],
127 silly audit   '@vercel/rust': [ '1.1.0' ],
127 silly audit   execa: [ '5.1.1', '3.2.0' ],
127 silly audit   'get-stream': [ '6.0.1', '5.2.0' ],
127 silly audit   'human-signals': [ '2.1.0', '1.1.1' ],
127 silly audit   'signal-exit': [ '3.0.7', '4.0.2' ],
127 silly audit   '@vercel/sandbox': [ '1.9.0' ],
127 silly audit   '@vercel/static-build': [ '2.9.10' ],
127 silly audit   '@vercel/static-config': [ '3.2.0' ],
127 silly audit   ajv: [ '8.6.3', '6.14.0' ],
127 silly audit   'json-schema-traverse': [ '1.0.0', '0.4.1' ],
127 silly audit   abbrev: [ '3.0.1' ],
127 silly audit   acorn: [ '8.16.0' ],
127 silly audit   'acorn-import-attributes': [ '1.9.5' ],
127 silly audit   'acorn-jsx': [ '5.3.2' ],
127 silly audit   'agent-base': [ '7.1.4' ],
127 silly audit   'ansi-styles': [ '4.3.0' ],
127 silly audit   'any-promise': [ '1.3.0' ],
127 silly audit   arg: [ '4.1.0' ],
127 silly audit   argparse: [ '2.0.1' ],
127 silly audit   'aria-query': [ '5.3.2' ],
127 silly audit   'array-buffer-byte-length': [ '1.0.2' ],
127 silly audit   'array-includes': [ '3.1.9' ],
127 silly audit   'array.prototype.findlast': [ '1.2.5' ],
127 silly audit   'array.prototype.findlastindex': [ '1.2.6' ],
127 silly audit   'array.prototype.flat': [ '1.3.3' ],
127 silly audit   'array.prototype.flatmap': [ '1.3.3' ],
127 silly audit   'array.prototype.tosorted': [ '1.1.4' ],
127 silly audit   'arraybuffer.prototype.slice': [ '1.0.4' ],
127 silly audit   'ast-types': [ '0.13.4' ],
127 silly audit   'ast-types-flow': [ '0.0.8' ],
127 silly audit   'async-function': [ '1.0.0' ],
127 silly audit   'async-retry': [ '1.3.3' ],
127 silly audit   'async-sema': [ '3.1.1' ],
127 silly audit   asynckit: [ '0.4.0' ],
127 silly audit   'available-typed-arrays': [ '1.0.7' ],
127 silly audit   'axe-core': [ '4.11.1' ],
127 silly audit   'axobject-query': [ '4.1.0' ],
127 silly audit   b4a: [ '1.8.0' ],
127 silly audit   'bare-events': [ '2.8.2' ],
127 silly audit   'baseline-browser-mapping': [ '2.10.11' ],
127 silly audit   'basic-ftp': [ '5.2.1' ],
127 silly audit   bindings: [ '1.5.0' ],
127 silly audit   braces: [ '3.0.3' ],
127 silly audit   browserslist: [ '4.28.1' ],
127 silly audit   'buffer-crc32': [ '0.2.13' ],
127 silly audit   bytes: [ '3.1.0' ],
127 silly audit   'call-bind': [ '1.0.8' ],
127 silly audit   'call-bind-apply-helpers': [ '1.0.2' ],
127 silly audit   'call-bound': [ '1.0.4' ],
127 silly audit   callsites: [ '3.1.0' ],
127 silly audit   'caniuse-lite': [ '1.0.30001781' ],
127 silly audit   chalk: [ '4.1.2' ],
127 silly audit   chokidar: [ '4.0.0' ],
127 silly audit   chownr: [ '3.0.0' ],
127 silly audit   'cjs-module-lexer': [ '1.2.3' ],
127 silly audit   'client-only': [ '0.0.1' ],
127 silly audit   'code-block-writer': [ '10.1.1' ],
127 silly audit   'color-convert': [ '2.0.1' ],
127 silly audit   'color-name': [ '1.1.4' ],
127 silly audit   'combined-stream': [ '1.0.8' ],
127 silly audit   'concat-map': [ '0.0.1' ],
127 silly audit   consola: [ '3.4.2' ],
127 silly audit   'content-type': [ '1.0.4' ],
127 silly audit   'convert-hrtime': [ '3.0.0' ],
127 silly audit   'convert-source-map': [ '2.0.0' ],
127 silly audit   'cookie-es': [ '2.0.1' ],
127 silly audit   'cross-spawn': [ '7.0.6' ],
127 silly audit   csstype: [ '3.2.3' ],
127 silly audit   'damerau-levenshtein': [ '1.0.8' ],
127 silly audit   'data-uri-to-buffer': [ '6.0.2' ],
127 silly audit   'data-view-buffer': [ '1.0.2' ],
127 silly audit   'data-view-byte-length': [ '1.0.2' ],
127 silly audit   'data-view-byte-offset': [ '1.0.1' ],
127 silly audit   'deep-is': [ '0.1.4' ],
127 silly audit   'define-data-property': [ '1.1.4' ],
127 silly audit   'define-properties': [ '1.2.1' ],
127 silly audit   degenerator: [ '5.0.1' ],
127 silly audit   'delayed-stream': [ '1.0.0' ],
127 silly audit   depd: [ '1.1.2' ],
127 silly audit   'detect-libc': [ '2.1.2' ],
127 silly audit   doctrine: [ '2.1.0' ],
127 silly audit   'dunder-proto': [ '1.0.1' ],
127 silly audit   'edge-runtime': [ '2.5.9' ],
127 silly audit   picocolors: [ '1.0.0', '1.1.1' ],
127 silly audit   'electron-to-chromium': [ '1.5.325' ],
127 silly audit   'emoji-regex': [ '9.2.2' ],
127 silly audit   'end-of-stream': [ '1.4.5', '1.1.0' ],
127 silly audit   'enhanced-resolve': [ '5.20.1' ],
127 silly audit   'es-abstract': [ '1.24.1' ],
127 silly audit   'es-define-property': [ '1.0.1' ],
127 silly audit   'es-errors': [ '1.3.0' ],
127 silly audit   'es-iterator-helpers': [ '1.3.1' ],
127 silly audit   'es-object-atoms': [ '1.1.1' ],
127 silly audit   'es-set-tostringtag': [ '2.1.0' ],
127 silly audit   'es-shim-unscopables': [ '1.1.0' ],
127 silly audit   'es-to-primitive': [ '1.3.0' ],
127 silly audit   esbuild: [ '0.27.0' ],
127 silly audit   escalade: [ '3.2.0' ],
127 silly audit   'escape-string-regexp': [ '4.0.0' ],
127 silly audit   escodegen: [ '2.1.0' ],
127 silly audit   eslint: [ '9.39.4' ],
127 silly audit   'eslint-config-next': [ '16.2.1' ],
127 silly audit   globals: [ '16.4.0', '14.0.0' ],
127 silly audit   'eslint-import-resolver-node': [ '0.3.9' ],
127 silly audit   'eslint-import-resolver-typescript': [ '3.10.1' ],
127 silly audit   'eslint-module-utils': [ '2.12.1' ],
127 silly audit   'eslint-plugin-import': [ '2.32.0' ],
127 silly audit   'eslint-plugin-jsx-a11y': [ '6.10.2' ],
127 silly audit   'eslint-plugin-react': [ '7.37.5' ],
127 silly audit   'eslint-plugin-react-hooks': [ '7.0.1' ],
127 silly audit   resolve: [ '2.0.0-next.6', '1.22.11' ],
127 silly audit   'eslint-scope': [ '8.4.0' ],
127 silly audit   espree: [ '10.4.0' ],
127 silly audit   esprima: [ '4.0.1' ],
127 silly audit   esquery: [ '1.7.0' ],
127 silly audit   esrecurse: [ '4.3.0' ],
127 silly audit   estraverse: [ '5.3.0' ],
127 silly audit   'estree-walker': [ '2.0.2' ],
127 silly audit   esutils: [ '2.0.3' ],
127 silly audit   etag: [ '1.8.1' ],
127 silly audit   'events-intercept': [ '2.0.0' ],
127 silly audit   'events-universal': [ '1.0.1' ],
127 silly audit   'fast-deep-equal': [ '3.1.3' ],
127 silly audit   'fast-fifo': [ '1.3.2' ],
127 silly audit   'fast-glob': [ '3.3.1' ],
127 silly audit   'glob-parent': [ '5.1.2', '6.0.2' ],
127 silly audit   'fast-json-stable-stringify': [ '2.1.0' ],
127 silly audit   'fast-levenshtein': [ '2.0.6' ],
127 silly audit   'fast-sha256': [ '1.3.0' ],
127 silly audit   fastq: [ '1.20.1' ],
127 silly audit   'fd-slicer': [ '1.1.0' ],
127 silly audit   'file-entry-cache': [ '8.0.0' ],
127 silly audit   'file-uri-to-path': [ '1.0.0' ],
127 silly audit   'fill-range': [ '7.1.1' ],
127 silly audit   'find-up': [ '5.0.0' ],
127 silly audit   'flat-cache': [ '4.0.1' ],
127 silly audit   flatted: [ '3.4.2' ],
127 silly audit   'for-each': [ '0.3.5' ],
127 silly audit   'form-data': [ '4.0.5' ],
127 silly audit   fsevents: [ '2.3.3' ],
127 silly audit   'function-bind': [ '1.1.2' ],
127 silly audit   'function.prototype.name': [ '1.1.8' ],
127 silly audit   'functions-have-names': [ '1.2.3' ],
127 silly audit   'generator-function': [ '2.0.1' ],
127 silly audit   'generic-pool': [ '3.4.2' ],
127 silly audit   gensync: [ '1.0.0-beta.2' ],
127 silly audit   'get-intrinsic': [ '1.3.0' ],
127 silly audit   'get-proto': [ '1.0.1' ],
127 silly audit   'get-symbol-description': [ '1.1.0' ],
127 silly audit   'get-tsconfig': [ '4.13.7' ],
127 silly audit   'get-uri': [ '6.0.5' ],
127 silly audit   glob: [ '13.0.6' ],
127 silly audit   globalthis: [ '1.0.4' ],
127 silly audit   gopd: [ '1.2.0' ],
127 silly audit   'graceful-fs': [ '4.2.11' ],
127 silly audit   'has-bigints': [ '1.1.0' ],
127 silly audit   'has-flag': [ '4.0.0' ],
127 silly audit   'has-property-descriptors': [ '1.0.2' ],
127 silly audit   'has-proto': [ '1.2.0' ],
127 silly audit   'has-symbols': [ '1.1.0' ],
127 silly audit   'has-tostringtag': [ '1.0.2' ],
127 silly audit   hasown: [ '2.0.2' ],
127 silly audit   'hermes-estree': [ '0.25.1' ],
127 silly audit   'hermes-parser': [ '0.25.1' ],
127 silly audit   'http-errors': [ '1.7.3' ],
127 silly audit   'http-proxy-agent': [ '7.0.2' ],
127 silly audit   'https-proxy-agent': [ '7.0.6' ],
127 silly audit   'iconv-lite': [ '0.4.24' ],
127 silly audit   'import-fresh': [ '3.3.1' ],
127 silly audit   imurmurhash: [ '0.1.4' ],
127 silly audit   inherits: [ '2.0.4' ],
127 silly audit   'internal-slot': [ '1.1.0' ],
127 silly audit   'ip-address': [ '10.1.0' ],
127 silly audit   'is-array-buffer': [ '3.0.5' ],
127 silly audit   'is-async-function': [ '2.1.1' ],
127 silly audit   'is-bigint': [ '1.1.0' ],
127 silly audit   'is-boolean-object': [ '1.2.2' ],
127 silly audit   'is-buffer': [ '2.0.5' ],
127 silly audit   'is-bun-module': [ '2.0.0' ],
127 silly audit   'is-callable': [ '1.2.7' ],
127 silly audit   'is-core-module': [ '2.16.1' ],
127 silly audit   'is-data-view': [ '1.0.2' ],
127 silly audit   'is-date-object': [ '1.1.0' ],
127 silly audit   'is-extglob': [ '2.1.1' ],
127 silly audit   'is-finalizationregistry': [ '1.1.1' ],
127 silly audit   'is-generator-function': [ '1.1.2' ],
127 silly audit   'is-glob': [ '4.0.3' ],
127 silly audit   'is-map': [ '2.0.3' ],
127 silly audit   'is-negative-zero': [ '2.0.3' ],
127 silly audit   'is-node-process': [ '1.2.0' ],
127 silly audit   'is-number': [ '7.0.0' ],
127 silly audit   'is-number-object': [ '1.1.1' ],
127 silly audit   'is-regex': [ '1.2.1' ],
127 silly audit   'is-set': [ '2.0.3' ],
127 silly audit   'is-shared-array-buffer': [ '1.0.4' ],
127 silly audit   'is-stream': [ '2.0.1' ],
127 silly audit   'is-string': [ '1.1.1' ],
127 silly audit   'is-symbol': [ '1.1.1' ],
127 silly audit   'is-typed-array': [ '1.1.15' ],
127 silly audit   'is-weakmap': [ '2.0.2' ],
127 silly audit   'is-weakref': [ '1.1.1' ],
127 silly audit   'is-weakset': [ '2.0.4' ],
127 silly audit   isarray: [ '2.0.5' ],
127 silly audit   isexe: [ '2.0.0' ],
127 silly audit   'iterator.prototype': [ '1.1.5' ],
127 silly audit   jiti: [ '2.6.1' ],
127 silly audit   jose: [ '5.9.6', '6.2.2' ],
127 silly audit   'js-tokens': [ '4.0.0' ],
127 silly audit   'js-yaml': [ '4.1.1' ],
127 silly audit   jsesc: [ '3.1.0' ],
127 silly audit   'json-buffer': [ '3.0.1' ],
127 silly audit   'json-schema-to-ts': [ '1.6.4' ],
127 silly audit   'json-stable-stringify-without-jsonify': [ '1.0.1' ],
127 silly audit   json5: [ '2.2.3', '1.0.2' ],
127 silly audit   jsonfile: [ '6.2.0' ],
127 silly audit   jsonlines: [ '0.1.1' ],
127 silly audit   'jsx-ast-utils': [ '3.3.5' ],
127 silly audit   keyv: [ '4.5.4' ],
127 silly audit   'language-subtag-registry': [ '0.3.23' ],
127 silly audit   'language-tags': [ '1.0.9' ],
127 silly audit   levn: [ '0.4.1' ],
127 silly audit   lightningcss: [ '1.32.0' ],
127 silly audit   'lightningcss-android-arm64': [ '1.32.0' ],
127 silly audit   'lightningcss-darwin-arm64': [ '1.32.0' ],
127 silly audit   'lightningcss-darwin-x64': [ '1.32.0' ],
127 silly audit   'lightningcss-freebsd-x64': [ '1.32.0' ],
127 silly audit   'lightningcss-linux-arm-gnueabihf': [ '1.32.0' ],
127 silly audit   'lightningcss-linux-arm64-gnu': [ '1.32.0' ],
127 silly audit   'lightningcss-linux-arm64-musl': [ '1.32.0' ],
127 silly audit   'lightningcss-linux-x64-gnu': [ '1.32.0' ],
127 silly audit   'lightningcss-linux-x64-musl': [ '1.32.0' ],
127 silly audit   'lightningcss-win32-arm64-msvc': [ '1.32.0' ],
127 silly audit   'lightningcss-win32-x64-msvc': [ '1.32.0' ],
127 silly audit   'locate-path': [ '6.0.0' ],
127 silly audit   'lodash.merge': [ '4.6.2' ],
127 silly audit   'loose-envify': [ '1.4.0' ],
127 silly audit   'lucide-react': [ '1.7.0' ],
127 silly audit   luxon: [ '3.7.2' ],
127 silly audit   'magic-string': [ '0.30.21' ],
127 silly audit   'math-intrinsics': [ '1.1.0' ],
127 silly audit   'merge-stream': [ '2.0.0' ],
127 silly audit   merge2: [ '1.4.1' ],
127 silly audit   micro: [ '9.3.5-canary.3' ],
127 silly audit   micromatch: [ '4.0.8' ],
127 silly audit   'mime-db': [ '1.52.0' ],
127 silly audit   'mime-types': [ '2.1.35' ],
127 silly audit   'mimic-fn': [ '2.1.0' ],
127 silly audit   minimist: [ '1.2.8' ],
127 silly audit   minipass: [ '7.1.3' ],
127 silly audit   minizlib: [ '3.1.0' ],
127 silly audit   mkdirp: [ '1.0.4' ],
127 silly audit   mri: [ '1.2.0' ],
127 silly audit   nanoid: [ '3.3.11' ],
127 silly audit   'napi-postinstall': [ '0.3.4' ],
127 silly audit   'natural-compare': [ '1.4.0' ],
127 silly audit   netmask: [ '2.1.1' ],
127 silly audit   next: [ '16.2.1' ],
127 silly audit   postcss: [ '8.4.31', '8.5.8' ],
127 silly audit   'node-exports-info': [ '1.6.0' ],
127 silly audit   'node-gyp-build': [ '4.8.4' ],
127 silly audit   'node-releases': [ '2.0.36' ],
127 silly audit   nopt: [ '8.1.0' ],
127 silly audit   'npm-run-path': [ '4.0.1' ],
127 silly audit   'object-assign': [ '4.1.1' ],
127 silly audit   'object-inspect': [ '1.13.4' ],
127 silly audit   'object-keys': [ '1.1.1' ],
127 silly audit   'object.assign': [ '4.1.7' ],
127 silly audit   'object.entries': [ '1.1.9' ],
127 silly audit   'object.fromentries': [ '2.0.8' ],
127 silly audit   'object.groupby': [ '1.0.3' ],
127 silly audit   'object.values': [ '1.2.1' ],
127 silly audit   once: [ '1.4.0', '1.3.3' ],
127 silly audit   onetime: [ '5.1.2' ],
127 silly audit   optionator: [ '0.9.4' ],
127 silly audit   'os-paths': [ '4.4.0' ],
127 silly audit   'own-keys': [ '1.0.1' ],
127 silly audit   'oxc-transform': [ '0.111.0' ],
127 silly audit   'p-finally': [ '2.0.1' ],
127 silly audit   'p-limit': [ '3.1.0' ],
127 silly audit   'p-locate': [ '5.0.0' ],
127 silly audit   'pac-proxy-agent': [ '7.2.0' ],
127 silly audit   'pac-resolver': [ '7.0.1' ],
127 silly audit   'parent-module': [ '1.0.1' ],
127 silly audit   'parse-ms': [ '2.1.0' ],
127 silly audit   'path-browserify': [ '1.0.1' ],
127 silly audit   'path-exists': [ '4.0.0' ],
127 silly audit   'path-key': [ '3.1.1' ],
127 silly audit   'path-parse': [ '1.0.7' ],
127 silly audit   'path-scurry': [ '2.0.2' ],
127 silly audit   pend: [ '1.2.0' ],
127 silly audit   'possible-typed-array-names': [ '1.1.0' ],
127 silly audit   'postal-mime': [ '2.7.4' ],
127 silly audit   'prelude-ls': [ '1.2.1' ],
127 silly audit   'pretty-ms': [ '7.0.1' ],
127 silly audit   prisma: [ '5.22.0' ],
127 silly audit   promisepipe: [ '3.0.0' ],
127 silly audit   'prop-types': [ '15.8.1' ],
127 silly audit   'proxy-agent': [ '6.4.0' ],
127 silly audit   'proxy-from-env': [ '1.1.0' ],
127 silly audit   pump: [ '3.0.4' ],
127 silly audit   punycode: [ '2.3.1' ],
127 silly audit   'queue-microtask': [ '1.2.3' ],
127 silly audit   'raw-body': [ '2.4.1' ],
127 silly audit   react: [ '19.2.4' ],
127 silly audit   'react-dom': [ '19.2.4' ],
127 silly audit   'react-is': [ '16.13.1' ],
127 silly audit   readdirp: [ '4.1.2' ],
127 silly audit   'reflect.getprototypeof': [ '1.0.10' ],
127 silly audit   'regexp.prototype.flags': [ '1.5.4' ],
127 silly audit   'require-from-string': [ '2.0.2' ],
127 silly audit   'resolve-pkg-maps': [ '1.0.0' ],
127 silly audit   'resolve.exports': [ '2.0.3' ],
127 silly audit   retry: [ '0.13.1' ],
127 silly audit   reusify: [ '1.1.0' ],
127 silly audit   rolldown: [ '1.0.0-rc.1' ],
127 silly audit   'run-parallel': [ '1.2.0' ],
127 silly audit   'safe-array-concat': [ '1.1.3' ],
127 silly audit   'safe-push-apply': [ '1.0.0' ],
127 silly audit   'safe-regex-test': [ '1.1.0' ],
127 silly audit   'safer-buffer': [ '2.1.2' ],
127 silly audit   sandbox: [ '2.5.6' ],
127 silly audit   scheduler: [ '0.27.0' ],
127 silly audit   'set-function-length': [ '1.2.2' ],
127 silly audit   'set-function-name': [ '2.0.2' ],
127 silly audit   'set-proto': [ '1.0.0' ],
127 silly audit   setprototypeof: [ '1.1.1' ],
127 silly audit   sharp: [ '0.34.5' ],
127 silly audit   'shebang-command': [ '2.0.0' ],
127 silly audit   'shebang-regex': [ '3.0.0' ],
127 silly audit   'side-channel': [ '1.1.0' ],
127 silly audit   'side-channel-list': [ '1.0.0' ],
127 silly audit   'side-channel-map': [ '1.0.1' ],
127 silly audit   'side-channel-weakmap': [ '1.0.2' ],
127 silly audit   'smart-buffer': [ '4.2.0' ],
127 silly audit   'smol-toml': [ '1.5.2' ],
127 silly audit   socks: [ '2.8.7' ],
127 silly audit   'socks-proxy-agent': [ '8.0.5' ],
127 silly audit   'source-map': [ '0.6.1' ],
127 silly audit   'source-map-js': [ '1.2.1' ],
127 silly audit   srvx: [ '0.8.9' ],
127 silly audit   'stable-hash': [ '0.0.5' ],
127 silly audit   standardwebhooks: [ '1.0.0' ],
127 silly audit   'stat-mode': [ '0.3.0' ],
127 silly audit   statuses: [ '1.5.0' ],
127 silly audit   'stop-iteration-iterator': [ '1.1.0' ],
127 silly audit   'stream-to-array': [ '2.3.0' ],
127 silly audit   'stream-to-promise': [ '2.2.0' ],
127 silly audit   streamx: [ '2.25.0' ],
127 silly audit   'string.prototype.includes': [ '2.0.1' ],
127 silly audit   'string.prototype.matchall': [ '4.0.12' ],
127 silly audit   'string.prototype.repeat': [ '1.0.0' ],
127 silly audit   'string.prototype.trim': [ '1.2.10' ],
127 silly audit   'string.prototype.trimend': [ '1.0.9' ],
127 silly audit   'string.prototype.trimstart': [ '1.0.8' ],
127 silly audit   'strip-bom': [ '3.0.0' ],
127 silly audit   'strip-final-newline': [ '2.0.0' ],
127 silly audit   'strip-json-comments': [ '3.1.1' ],
127 silly audit   stripe: [ '22.0.1' ],
127 silly audit   'styled-jsx': [ '5.1.6' ],
127 silly audit   'supports-color': [ '7.2.0' ],
127 silly audit   'supports-preserve-symlinks-flag': [ '1.0.0' ],
127 silly audit   svix: [ '1.88.0' ],
127 silly audit   tailwindcss: [ '4.2.2' ],
127 silly audit   tapable: [ '2.3.2' ],
127 silly audit   tar: [ '7.5.7' ],
127 silly audit   'tar-stream': [ '3.1.7' ],
127 silly audit   'text-decoder': [ '1.2.7' ],
127 silly audit   throttleit: [ '2.1.0' ],
127 silly audit   'time-span': [ '4.0.0' ],
127 silly audit   tinyexec: [ '0.3.2' ],
127 silly audit   tinyglobby: [ '0.2.15' ],
127 silly audit   fdir: [ '6.5.0' ],
127 silly audit   'to-regex-range': [ '5.0.1' ],
127 silly audit   toidentifier: [ '1.0.0' ],
127 silly audit   tr46: [ '0.0.3' ],
127 silly audit   'tree-kill': [ '1.2.2' ],
127 silly audit   'ts-api-utils': [ '2.5.0' ],
127 silly audit   'ts-morph': [ '12.0.0' ],
127 silly audit   'ts-toolbelt': [ '6.15.5' ],
127 silly audit   'tsconfig-paths': [ '3.15.0' ],
127 silly audit   tslib: [ '2.8.1' ],
127 silly audit   tsx: [ '4.21.0' ],
127 silly audit   'type-check': [ '0.4.0' ],
127 silly audit   'typed-array-buffer': [ '1.0.3' ],
127 silly audit   'typed-array-byte-length': [ '1.0.3' ],
127 silly audit   'typed-array-byte-offset': [ '1.0.4' ],
127 silly audit   'typed-array-length': [ '1.0.7' ],
127 silly audit   typescript: [ '5.9.3' ],
127 silly audit   'typescript-eslint': [ '8.57.2' ],
127 silly audit   'uid-promise': [ '1.0.0' ],
127 silly audit   'unbox-primitive': [ '1.1.0' ],
127 silly audit   universalify: [ '2.0.1' ],
127 silly audit   unpipe: [ '1.0.0' ],
127 silly audit   'unrs-resolver': [ '1.11.1' ],
127 silly audit   'update-browserslist-db': [ '1.2.3' ],
127 silly audit   'uri-js': [ '4.4.1' ],
127 silly audit   uuid: [ '10.0.0' ],
127 silly audit   vercel: [ '50.42.0' ],
127 silly audit   'web-vitals': [ '0.2.4' ],
127 silly audit   'webidl-conversions': [ '3.0.1' ],
127 silly audit   'whatwg-url': [ '5.0.0' ],
127 silly audit   which: [ '2.0.2' ],
127 silly audit   'which-boxed-primitive': [ '1.1.1' ],
127 silly audit   'which-builtin-type': [ '1.2.1' ],
127 silly audit   'which-collection': [ '1.0.2' ],
127 silly audit   'which-typed-array': [ '1.1.20' ],
127 silly audit   'word-wrap': [ '1.2.5' ],
127 silly audit   wrappy: [ '1.0.2' ],
127 silly audit   'xdg-app-paths': [ '5.1.0' ],
127 silly audit   'xdg-portable': [ '7.3.0' ],
127 silly audit   yauzl: [ '2.10.0' ],
127 silly audit   'yauzl-clone': [ '1.0.4' ],
127 silly audit   'yauzl-promise': [ '2.1.3' ],
127 silly audit   'yocto-queue': [ '0.1.0' ],
127 silly audit   'zod-validation-error': [ '4.0.2' ],
127 silly audit   '@auth/prisma-adapter': [ '2.11.1' ],
127 silly audit   'next-auth': [ '5.0.0-beta.30' ],
127 silly audit   resend: [ '6.10.0' ],
127 silly audit   '@auth/core': [ '0.41.1', '0.41.0' ],
127 silly audit   '@panva/hkdf': [ '1.2.1' ],
127 silly audit   oauth4webapi: [ '3.8.5' ],
127 silly audit   preact: [ '10.24.3' ],
127 silly audit   'preact-render-to-string': [ '6.5.11' ]
127 silly audit }
128 http cache oauth4webapi@https://registry.npmjs.org/oauth4webapi/-/oauth4webapi-3.8.5.tgz 0ms (cache hit)
129 http cache @panva/hkdf@https://registry.npmjs.org/@panva/hkdf/-/hkdf-1.2.1.tgz 0ms (cache hit)
130 http cache preact-render-to-string@https://registry.npmjs.org/preact-render-to-string/-/preact-render-to-string-6.5.11.tgz 0ms (cache hit)
131 http cache @auth/core@https://registry.npmjs.org/@auth/core/-/core-0.41.1.tgz 0ms (cache hit)
132 http cache jose@https://registry.npmjs.org/jose/-/jose-6.2.2.tgz 0ms (cache hit)
133 http cache next-auth@https://registry.npmjs.org/next-auth/-/next-auth-5.0.0-beta.30.tgz 0ms (cache hit)
134 http cache @auth/core@https://registry.npmjs.org/@auth/core/-/core-0.41.0.tgz 0ms (cache hit)
135 http cache @auth/prisma-adapter@https://registry.npmjs.org/@auth/prisma-adapter/-/prisma-adapter-2.11.1.tgz 0ms (cache hit)
136 http cache preact@https://registry.npmjs.org/preact/-/preact-10.24.3.tgz 0ms (cache hit)
137 silly tarball no local data for oauth4webapi@https://registry.npmjs.org/oauth4webapi/-/oauth4webapi-3.8.5.tgz. Extracting by manifest.
138 silly tarball no local data for @panva/hkdf@https://registry.npmjs.org/@panva/hkdf/-/hkdf-1.2.1.tgz. Extracting by manifest.
139 silly tarball no local data for preact-render-to-string@https://registry.npmjs.org/preact-render-to-string/-/preact-render-to-string-6.5.11.tgz. Extracting by manifest.
140 http cache jose@https://registry.npmjs.org/jose/-/jose-6.2.2.tgz 0ms (cache hit)
141 silly tarball no local data for @auth/core@https://registry.npmjs.org/@auth/core/-/core-0.41.1.tgz. Extracting by manifest.
142 silly tarball no local data for jose@https://registry.npmjs.org/jose/-/jose-6.2.2.tgz. Extracting by manifest.
143 silly tarball no local data for next-auth@https://registry.npmjs.org/next-auth/-/next-auth-5.0.0-beta.30.tgz. Extracting by manifest.
144 silly tarball no local data for @auth/core@https://registry.npmjs.org/@auth/core/-/core-0.41.0.tgz. Extracting by manifest.
145 silly tarball no local data for @auth/prisma-adapter@https://registry.npmjs.org/@auth/prisma-adapter/-/prisma-adapter-2.11.1.tgz. Extracting by manifest.
146 silly tarball no local data for preact@https://registry.npmjs.org/preact/-/preact-10.24.3.tgz. Extracting by manifest.
147 silly tarball no local data for jose@https://registry.npmjs.org/jose/-/jose-6.2.2.tgz. Extracting by manifest.
148 http fetch GET 200 https://registry.npmjs.org/oauth4webapi/-/oauth4webapi-3.8.5.tgz 57ms (cache miss)
149 http fetch GET 200 https://registry.npmjs.org/@panva/hkdf/-/hkdf-1.2.1.tgz 77ms (cache miss)
150 http fetch GET 200 https://registry.npmjs.org/preact-render-to-string/-/preact-render-to-string-6.5.11.tgz 77ms (cache miss)
151 http fetch GET 200 https://registry.npmjs.org/jose/-/jose-6.2.2.tgz 163ms (cache miss)
152 http fetch GET 200 https://registry.npmjs.org/jose/-/jose-6.2.2.tgz 166ms (cache miss)
153 http fetch GET 200 https://registry.npmjs.org/preact/-/preact-10.24.3.tgz 166ms (cache miss)
154 http fetch POST 200 https://registry.npmjs.org/-/npm/v1/security/advisories/bulk 207ms
155 silly audit report {
155 silly audit report   '@tootallnate/once': [
155 silly audit report     {
155 silly audit report       id: 1113977,
155 silly audit report       url: 'https://github.com/advisories/GHSA-vpq2-c234-7xj6',
155 silly audit report       title: '@tootallnate/once vulnerable to Incorrect Control Flow Scoping',
155 silly audit report       severity: 'low',
155 silly audit report       vulnerable_versions: '<3.0.1',
155 silly audit report       cwe: [Array],
155 silly audit report       cvss: [Object]
155 silly audit report     }
155 silly audit report   ],
155 silly audit report   'brace-expansion': [
155 silly audit report     {
155 silly audit report       id: 1115540,
155 silly audit report       url: 'https://github.com/advisories/GHSA-f886-m6hf-6m8v',
155 silly audit report       title: 'brace-expansion: Zero-step sequence causes process hang and memory exhaustion',
155 silly audit report       severity: 'moderate',
155 silly audit report       vulnerable_versions: '<1.1.13',
155 silly audit report       cwe: [Array],
155 silly audit report       cvss: [Object]
155 silly audit report     }
155 silly audit report   ],
155 silly audit report   minimatch: [
155 silly audit report     {
155 silly audit report       id: 1113466,
155 silly audit report       url: 'https://github.com/advisories/GHSA-3ppc-4f35-3m26',
155 silly audit report       title: 'minimatch has a ReDoS via repeated wildcards with non-matching literal in pattern',
155 silly audit report       severity: 'high',
155 silly audit report       vulnerable_versions: '>=10.0.0 <10.2.1',
155 silly audit report       cwe: [Array],
155 silly audit report       cvss: [Object]
155 silly audit report     },
155 silly audit report     {
155 silly audit report       id: 1113545,
155 silly audit report       url: 'https://github.com/advisories/GHSA-7r86-cg39-jmmj',
155 silly audit report       title: 'minimatch has ReDoS: matchOne() combinatorial backtracking via multiple non-adjacent GLOBSTAR segments',
155 silly audit report       severity: 'high',
155 silly audit report       vulnerable_versions: '>=10.0.0 <10.2.3',
155 silly audit report       cwe: [Array],
155 silly audit report       cvss: [Object]
155 silly audit report     },
155 silly audit report     {
155 silly audit report       id: 1113553,
155 silly audit report       url: 'https://github.com/advisories/GHSA-23c5-xmqv-rm74',
155 silly audit report       title: 'minimatch ReDoS: nested *() extglobs generate catastrophically backtracking regular expressions',
155 silly audit report       severity: 'high',
155 silly audit report       vulnerable_versions: '>=10.0.0 <10.2.3',
155 silly audit report       cwe: [Array],
155 silly audit report       cvss: [Object]
155 silly audit report     }
155 silly audit report   ],
155 silly audit report   'path-to-regexp': [
155 silly audit report     {
155 silly audit report       id: 1101846,
155 silly audit report       url: 'https://github.com/advisories/GHSA-9wv6-86v2-598j',
155 silly audit report       title: 'path-to-regexp outputs backtracking regular expressions',
155 silly audit report       severity: 'high',
155 silly audit report       vulnerable_versions: '>=4.0.0 <6.3.0',
155 silly audit report       cwe: [Array],
155 silly audit report       cvss: [Object]
155 silly audit report     },
155 silly audit report     {
155 silly audit report       id: 1115573,
155 silly audit report       url: 'https://github.com/advisories/GHSA-j3q9-mxjg-w52f',
155 silly audit report       title: 'path-to-regexp vulnerable to Denial of Service via sequential optional groups',
155 silly audit report       severity: 'high',
155 silly audit report       vulnerable_versions: '>=8.0.0 <8.4.0',
155 silly audit report       cwe: [Array],
155 silly audit report       cvss: [Object]
155 silly audit report     },
155 silly audit report     {
155 silly audit report       id: 1115582,
155 silly audit report       url: 'https://github.com/advisories/GHSA-27v5-c462-wpq7',
155 silly audit report       title: 'path-to-regexp vulnerable to Regular Expression Denial of Service via multiple wildcards',
155 silly audit report       severity: 'moderate',
155 silly audit report       vulnerable_versions: '>=8.0.0 <8.4.0',
155 silly audit report       cwe: [Array],
155 silly audit report       cvss: [Object]
155 silly audit report     }
155 silly audit report   ],
155 silly audit report   undici: [
155 silly audit report     {
155 silly audit report       id: 1101610,
155 silly audit report       url: 'https://github.com/advisories/GHSA-c76h-2ccp-4975',
155 silly audit report       title: 'Use of Insufficiently Random Values in undici',
155 silly audit report       severity: 'moderate',
155 silly audit report       vulnerable_versions: '>=4.5.0 <5.28.5',
155 silly audit report       cwe: [Array],
155 silly audit report       cvss: [Object]
155 silly audit report     },
155 silly audit report     {
155 silly audit report       id: 1112496,
155 silly audit report       url: 'https://github.com/advisories/GHSA-g9mf-h72j-4rw9',
155 silly audit report       title: 'Undici has an unbounded decompression chain in HTTP responses on Node.js Fetch API via Content-Encoding leads to resource exhaustion',
155 silly audit report       severity: 'moderate',
155 silly audit report       vulnerable_versions: '<6.23.0',
155 silly audit report       cwe: [Array],
155 silly audit report       cvss: [Object]
155 silly audit report     },
155 silly audit report     {
155 silly audit report       id: 1113069,
155 silly audit report       url: 'https://github.com/advisories/GHSA-cxrh-j4jr-qwg3',
155 silly audit report       title: 'undici Denial of Service attack via bad certificate data',
155 silly audit report       severity: 'low',
155 silly audit report       vulnerable_versions: '<5.29.0',
155 silly audit report       cwe: [Array],
155 silly audit report       cvss: [Object]
155 silly audit report     },
155 silly audit report     {
155 silly audit report       id: 1114594,
155 silly audit report       url: 'https://github.com/advisories/GHSA-2mjp-6q6p-2qxm',
155 silly audit report       title: 'Undici has an HTTP Request/Response Smuggling issue',
155 silly audit report       severity: 'moderate',
155 silly audit report       vulnerable_versions: '<6.24.0',
155 silly audit report       cwe: [Array],
155 silly audit report       cvss: [Object]
155 silly audit report     },
155 silly audit report     {
155 silly audit report       id: 1114638,
155 silly audit report       url: 'https://github.com/advisories/GHSA-vrm6-8vpv-qv8q',
155 silly audit report       title: 'Undici has Unbounded Memory Consumption in WebSocket permessage-deflate Decompression',
155 silly audit report       severity: 'high',
155 silly audit report       vulnerable_versions: '<6.24.0',
155 silly audit report       cwe: [Array],
155 silly audit report       cvss: [Object]
155 silly audit report     },
155 silly audit report     {
155 silly audit report       id: 1114640,
155 silly audit report       url: 'https://github.com/advisories/GHSA-v9p9-hfj2-hcw8',
155 silly audit report       title: 'Undici has Unhandled Exception in WebSocket Client Due to Invalid server_max_window_bits Validation',
155 silly audit report       severity: 'high',
155 silly audit report       vulnerable_versions: '<6.24.0',
155 silly audit report       cwe: [Array],
155 silly audit report       cvss: [Object]
155 silly audit report     },
155 silly audit report     {
155 silly audit report       id: 1114642,
155 silly audit report       url: 'https://github.com/advisories/GHSA-4992-7rv2-5pvq',
155 silly audit report       title: 'Undici has CRLF Injection in undici via `upgrade` option',
155 silly audit report       severity: 'moderate',
155 silly audit report       vulnerable_versions: '<6.24.0',
155 silly audit report       cwe: [Array],
155 silly audit report       cvss: [Object]
155 silly audit report     }
155 silly audit report   ],
155 silly audit report   ajv: [
155 silly audit report     {
155 silly audit report       id: 1113715,
155 silly audit report       url: 'https://github.com/advisories/GHSA-2g4f-4pwh-qvx6',
155 silly audit report       title: 'ajv has ReDoS when using `$data` option',
155 silly audit report       severity: 'moderate',
155 silly audit report       vulnerable_versions: '>=7.0.0-alpha.0 <8.18.0',
155 silly audit report       cwe: [Array],
155 silly audit report       cvss: [Object]
155 silly audit report     }
155 silly audit report   ],
155 silly audit report   'smol-toml': [
155 silly audit report     {
155 silly audit report       id: 1115393,
155 silly audit report       url: 'https://github.com/advisories/GHSA-v3rj-xjv7-4jmq',
155 silly audit report       title: 'smol-toml: Denial of Service via TOML documents containing thousands of consecutive commented lines',
155 silly audit report       severity: 'moderate',
155 silly audit report       vulnerable_versions: '<1.6.1',
155 silly audit report       cwe: [Array],
155 silly audit report       cvss: [Object]
155 silly audit report     }
155 silly audit report   ],
155 silly audit report   srvx: [
155 silly audit report     {
155 silly audit report       id: 1115537,
155 silly audit report       url: 'https://github.com/advisories/GHSA-p36q-q72m-gchr',
155 silly audit report       title: 'srvx is vulnerable to middleware bypass via absolute URI in request line ',
155 silly audit report       severity: 'moderate',
155 silly audit report       vulnerable_versions: '<0.11.13',
155 silly audit report       cwe: [Array],
155 silly audit report       cvss: [Object]
155 silly audit report     }
155 silly audit report   ],
155 silly audit report   tar: [
155 silly audit report     {
155 silly audit report       id: 1113375,
155 silly audit report       url: 'https://github.com/advisories/GHSA-83g3-92jg-28cx',
155 silly audit report       title: 'Arbitrary File Read/Write via Hardlink Target Escape Through Symlink Chain in node-tar Extraction',
155 silly audit report       severity: 'high',
155 silly audit report       vulnerable_versions: '<7.5.8',
155 silly audit report       cwe: [Array],
155 silly audit report       cvss: [Object]
155 silly audit report     },
155 silly audit report     {
155 silly audit report       id: 1114200,
155 silly audit report       url: 'https://github.com/advisories/GHSA-qffp-2rhf-9h96',
155 silly audit report       title: 'tar has Hardlink Path Traversal via Drive-Relative Linkpath',
155 silly audit report       severity: 'high',
155 silly audit report       vulnerable_versions: '<=7.5.9',
155 silly audit report       cwe: [Array],
155 silly audit report       cvss: [Object]
155 silly audit report     },
155 silly audit report     {
155 silly audit report       id: 1114302,
155 silly audit report       url: 'https://github.com/advisories/GHSA-9ppj-qmqm-q256',
155 silly audit report       title: 'node-tar Symlink Path Traversal via Drive-Relative Linkpath',
155 silly audit report       severity: 'high',
155 silly audit report       vulnerable_versions: '<=7.5.10',
155 silly audit report       cwe: [Array],
155 silly audit report       cvss: [Object]
155 silly audit report     }
155 silly audit report   ]
155 silly audit report }
156 silly packumentCache corgi:https://registry.npmjs.org/@tootallnate%2fonce cache-miss
157 silly packumentCache corgi:https://registry.npmjs.org/brace-expansion cache-miss
158 silly packumentCache corgi:https://registry.npmjs.org/minimatch cache-miss
159 silly packumentCache corgi:https://registry.npmjs.org/path-to-regexp cache-miss
160 silly packumentCache corgi:https://registry.npmjs.org/undici cache-miss
161 silly packumentCache corgi:https://registry.npmjs.org/ajv cache-miss
162 silly packumentCache corgi:https://registry.npmjs.org/smol-toml cache-miss
163 silly packumentCache corgi:https://registry.npmjs.org/srvx cache-miss
164 silly packumentCache corgi:https://registry.npmjs.org/tar cache-miss
165 http fetch GET 200 https://registry.npmjs.org/next-auth/-/next-auth-5.0.0-beta.30.tgz 221ms (cache miss)
166 http fetch GET 200 https://registry.npmjs.org/path-to-regexp 43ms (cache revalidated)
167 silly packumentCache corgi:https://registry.npmjs.org/path-to-regexp set size:66575 disposed:false
168 http fetch GET 200 https://registry.npmjs.org/srvx 44ms (cache revalidated)
169 silly packumentCache corgi:https://registry.npmjs.org/srvx set size:86505 disposed:false
170 http fetch GET 200 https://registry.npmjs.org/ajv 45ms (cache revalidated)
171 silly packumentCache corgi:https://registry.npmjs.org/ajv set size:464537 disposed:false
172 http fetch GET 200 https://registry.npmjs.org/brace-expansion 51ms (cache revalidated)
173 silly packumentCache corgi:https://registry.npmjs.org/brace-expansion set size:21298 disposed:false
174 http fetch GET 200 https://registry.npmjs.org/smol-toml 51ms (cache revalidated)
175 silly packumentCache corgi:https://registry.npmjs.org/smol-toml set size:21871 disposed:false
176 http fetch GET 200 https://registry.npmjs.org/undici 52ms (cache revalidated)
177 silly packumentCache corgi:https://registry.npmjs.org/undici set size:425958 disposed:false
178 http fetch GET 200 https://registry.npmjs.org/tar 55ms (cache revalidated)
179 silly packumentCache corgi:https://registry.npmjs.org/tar set size:199254 disposed:false
180 http fetch GET 200 https://registry.npmjs.org/minimatch 58ms (cache revalidated)
181 silly packumentCache corgi:https://registry.npmjs.org/minimatch set size:168441 disposed:false
182 http fetch GET 200 https://registry.npmjs.org/@tootallnate%2fonce 64ms (cache revalidated)
183 silly packumentCache corgi:https://registry.npmjs.org/@tootallnate%2fonce set size:10818 disposed:false
184 silly packumentCache corgi:https://registry.npmjs.org/@vercel%2ffun cache-miss
185 http fetch GET 200 https://registry.npmjs.org/@auth/prisma-adapter/-/prisma-adapter-2.11.1.tgz 279ms (cache miss)
186 http fetch GET 200 https://registry.npmjs.org/@auth/core/-/core-0.41.0.tgz 293ms (cache miss)
187 http fetch GET 200 https://registry.npmjs.org/@auth/core/-/core-0.41.1.tgz 335ms (cache miss)
188 http fetch GET 200 https://registry.npmjs.org/@vercel%2ffun 228ms (cache revalidated)
189 silly packumentCache corgi:https://registry.npmjs.org/@vercel%2ffun set size:23528 disposed:false
190 silly packumentCache corgi:https://registry.npmjs.org/@vercel%2fpython-analysis cache-miss
191 http fetch GET 200 https://registry.npmjs.org/@vercel%2fpython-analysis 59ms (cache revalidated)
192 silly packumentCache corgi:https://registry.npmjs.org/@vercel%2fpython-analysis set size:20934 disposed:false
193 silly packumentCache corgi:https://registry.npmjs.org/@vercel%2fnode cache-miss
194 silly packumentCache corgi:https://registry.npmjs.org/@vercel%2fremix-builder cache-miss
195 http fetch GET 200 https://registry.npmjs.org/@vercel%2fremix-builder 48ms (cache revalidated)
196 silly packumentCache corgi:https://registry.npmjs.org/@vercel%2fremix-builder set size:135534 disposed:false
197 http fetch GET 200 https://registry.npmjs.org/@vercel%2fnode 82ms (cache updated)
198 silly packumentCache corgi:https://registry.npmjs.org/@vercel%2fnode set size:undefined disposed:false
199 silly packumentCache corgi:https://registry.npmjs.org/@vercel%2fbackends cache-miss
200 silly packumentCache corgi:https://registry.npmjs.org/@vercel%2fexpress cache-miss
201 silly packumentCache corgi:https://registry.npmjs.org/@vercel%2fhono cache-miss
202 http fetch GET 200 https://registry.npmjs.org/@vercel%2fbackends 55ms (cache updated)
203 silly packumentCache corgi:https://registry.npmjs.org/@vercel%2fbackends set size:undefined disposed:false
204 http fetch GET 200 https://registry.npmjs.org/@vercel%2fexpress 73ms (cache updated)
205 silly packumentCache corgi:https://registry.npmjs.org/@vercel%2fexpress set size:undefined disposed:false
206 http fetch GET 200 https://registry.npmjs.org/@vercel%2fhono 140ms (cache updated)
207 silly packumentCache corgi:https://registry.npmjs.org/@vercel%2fhono set size:undefined disposed:false
208 silly packumentCache corgi:https://registry.npmjs.org/@vercel%2fstatic-config cache-miss
209 http fetch GET 200 https://registry.npmjs.org/@vercel%2fstatic-config 62ms (cache revalidated)
210 silly packumentCache corgi:https://registry.npmjs.org/@vercel%2fstatic-config set size:45645 disposed:false
211 silly packumentCache corgi:https://registry.npmjs.org/@vercel%2frust cache-miss
212 silly packumentCache corgi:https://registry.npmjs.org/vercel cache-miss
213 http fetch GET 200 https://registry.npmjs.org/@vercel%2frust 66ms (cache revalidated)
214 silly packumentCache corgi:https://registry.npmjs.org/@vercel%2frust set size:9921 disposed:false
215 http fetch GET 200 https://registry.npmjs.org/vercel 149ms (cache updated)
216 silly packumentCache corgi:https://registry.npmjs.org/vercel set size:undefined disposed:false
217 silly packumentCache corgi:https://registry.npmjs.org/@mapbox%2fnode-pre-gyp cache-miss
218 http fetch GET 200 https://registry.npmjs.org/@mapbox%2fnode-pre-gyp 52ms (cache revalidated)
219 silly packumentCache corgi:https://registry.npmjs.org/@mapbox%2fnode-pre-gyp set size:47144 disposed:false
220 silly packumentCache corgi:https://registry.npmjs.org/@vercel%2fbuild-utils cache-miss
221 silly packumentCache corgi:https://registry.npmjs.org/@vercel%2fpython cache-miss
222 http fetch GET 200 https://registry.npmjs.org/@vercel%2fpython 57ms (cache revalidated)
223 silly packumentCache corgi:https://registry.npmjs.org/@vercel%2fpython set size:326725 disposed:false
224 http fetch GET 200 https://registry.npmjs.org/@vercel%2fbuild-utils 75ms (cache updated)
225 silly packumentCache corgi:https://registry.npmjs.org/@vercel%2fbuild-utils set size:undefined disposed:false
226 silly packumentCache corgi:https://registry.npmjs.org/@vercel%2felysia cache-miss
227 silly packumentCache corgi:https://registry.npmjs.org/@vercel%2ffastify cache-miss
228 silly packumentCache corgi:https://registry.npmjs.org/@vercel%2fh3 cache-miss
229 silly packumentCache corgi:https://registry.npmjs.org/@vercel%2fkoa cache-miss
230 silly packumentCache corgi:https://registry.npmjs.org/@vercel%2fnestjs cache-miss
231 http fetch GET 200 https://registry.npmjs.org/@vercel%2felysia 148ms (cache updated)
232 silly packumentCache corgi:https://registry.npmjs.org/@vercel%2felysia set size:undefined disposed:false
233 http fetch GET 200 https://registry.npmjs.org/@vercel%2fkoa 162ms (cache updated)
234 silly packumentCache corgi:https://registry.npmjs.org/@vercel%2fkoa set size:undefined disposed:false
235 http fetch GET 200 https://registry.npmjs.org/@vercel%2fnestjs 174ms (cache updated)
236 silly packumentCache corgi:https://registry.npmjs.org/@vercel%2fnestjs set size:undefined disposed:false
237 http fetch GET 200 https://registry.npmjs.org/@vercel%2ffastify 180ms (cache updated)
238 silly packumentCache corgi:https://registry.npmjs.org/@vercel%2ffastify set size:undefined disposed:false
239 http fetch GET 200 https://registry.npmjs.org/@vercel%2fh3 308ms (cache updated)
240 silly packumentCache corgi:https://registry.npmjs.org/@vercel%2fh3 set size:undefined disposed:false
241 silly packumentCache corgi:https://registry.npmjs.org/@vercel%2fcervel cache-miss
242 http fetch GET 200 https://registry.npmjs.org/@vercel%2fcervel 107ms (cache updated)
243 silly packumentCache corgi:https://registry.npmjs.org/@vercel%2fcervel set size:undefined disposed:false
244 silly packumentCache corgi:https://registry.npmjs.org/@vercel%2fhydrogen cache-miss
245 silly packumentCache corgi:https://registry.npmjs.org/@vercel%2fredwood cache-miss
246 silly packumentCache corgi:https://registry.npmjs.org/@vercel%2fstatic-build cache-miss
247 http fetch GET 200 https://registry.npmjs.org/@vercel%2fhydrogen 70ms (cache revalidated)
248 silly packumentCache corgi:https://registry.npmjs.org/@vercel%2fhydrogen set size:122825 disposed:false
249 http fetch GET 200 https://registry.npmjs.org/@vercel%2fstatic-build 103ms (cache updated)
250 silly packumentCache corgi:https://registry.npmjs.org/@vercel%2fstatic-build set size:undefined disposed:false
251 http fetch GET 200 https://registry.npmjs.org/@vercel%2fredwood 232ms (cache revalidated)
252 silly packumentCache corgi:https://registry.npmjs.org/@vercel%2fredwood set size:263483 disposed:false
253 silly packumentCache corgi:https://registry.npmjs.org/@vercel%2fgatsby-plugin-vercel-builder cache-miss
254 http fetch GET 200 https://registry.npmjs.org/@vercel%2fgatsby-plugin-vercel-builder 135ms (cache updated)
255 silly packumentCache corgi:https://registry.npmjs.org/@vercel%2fgatsby-plugin-vercel-builder set size:undefined disposed:false
256 silly ADD node_modules/preact-render-to-string
257 silly ADD node_modules/preact
258 silly ADD node_modules/oauth4webapi
259 silly ADD node_modules/@panva/hkdf
260 silly ADD node_modules/@auth/core
261 silly ADD node_modules/@auth/core/node_modules/jose
262 silly ADD node_modules/next-auth
263 silly ADD node_modules/next-auth/node_modules/jose
264 silly ADD node_modules/next-auth/node_modules/@auth/core
265 silly ADD node_modules/@auth/prisma-adapter
266 verbose cwd /Users/enriquevaleros/.openclaw/workspace/evtradelabs-site
267 verbose os Darwin 25.3.0
268 verbose node v25.8.0
269 verbose npm  v11.11.0
270 verbose exit 0
271 info ok
