0 verbose cli /opt/homebrew/Cellar/node/25.8.0/bin/node /opt/homebrew/bin/npm
1 info using npm@11.11.0
2 info using node@v25.8.0
3 silly config load:file:/opt/homebrew/lib/node_modules/npm/npmrc
4 silly config load:file:/Users/enriquevaleros/.openclaw/workspace/evtradelabs-site/.npmrc
5 silly config load:file:/Users/enriquevaleros/.npmrc
6 silly config load:file:/opt/homebrew/etc/npmrc
7 verbose title npm install wrangler@latest
8 verbose argv "install" "--save-dev" "wrangler@latest"
9 verbose logfile logs-max:10 dir:/Users/enriquevaleros/.openclaw/workspace/evtradelabs-site/_logs/2026-04-10T16_50_59_913Z-
10 verbose logfile /Users/enriquevaleros/.openclaw/workspace/evtradelabs-site/_logs/2026-04-10T16_50_59_913Z-debug-0.log
11 silly logfile start cleaning logs, removing 1 files
12 silly packumentCache heap:4496293888 maxSize:1124073472 maxEntrySize:562036736
13 silly logfile done cleaning log files
14 silly packumentCache corgi:https://registry.npmjs.org/wrangler cache-miss
15 http cache https://registry.npmjs.org/wrangler 51ms (cache hit)
16 silly packumentCache corgi:https://registry.npmjs.org/wrangler set size:15985402 disposed:false
17 silly idealTree buildDeps
18 silly fetch manifest wrangler@4.81.1
19 silly packumentCache full:https://registry.npmjs.org/wrangler cache-miss
20 http cache https://registry.npmjs.org/wrangler 35ms (cache hit)
21 silly packumentCache full:https://registry.npmjs.org/wrangler set size:29267553 disposed:false
22 silly fetch manifest @cloudflare/workers-types@^4.20260409.1
23 silly packumentCache full:https://registry.npmjs.org/@cloudflare%2fworkers-types cache-miss
24 http cache https://registry.npmjs.org/@cloudflare%2fworkers-types 5ms (cache hit)
25 silly packumentCache full:https://registry.npmjs.org/@cloudflare%2fworkers-types set size:1464690 disposed:false
26 silly placeDep ROOT wrangler@4.81.1 OK for: evtradelabs-site@0.1.0 want: 4.81.1
27 silly fetch manifest blake3-wasm@2.1.5
28 silly packumentCache full:https://registry.npmjs.org/blake3-wasm cache-miss
29 silly fetch manifest esbuild@0.27.3
30 silly packumentCache full:https://registry.npmjs.org/esbuild cache-miss
31 silly fetch manifest path-to-regexp@6.3.0
32 silly packumentCache full:https://registry.npmjs.org/path-to-regexp cache-miss
33 silly fetch manifest unenv@2.0.0-rc.24
34 silly packumentCache full:https://registry.npmjs.org/unenv cache-miss
35 silly fetch manifest workerd@1.20260409.1
36 silly packumentCache full:https://registry.npmjs.org/workerd cache-miss
37 silly fetch manifest @cloudflare/kv-asset-handler@0.4.2
38 silly packumentCache full:https://registry.npmjs.org/@cloudflare%2fkv-asset-handler cache-miss
39 silly fetch manifest @cloudflare/unenv-preset@2.16.0
40 silly packumentCache full:https://registry.npmjs.org/@cloudflare%2funenv-preset cache-miss
41 silly fetch manifest miniflare@4.20260409.0
42 silly packumentCache full:https://registry.npmjs.org/miniflare cache-miss
43 http cache https://registry.npmjs.org/path-to-regexp 4ms (cache hit)
44 silly packumentCache full:https://registry.npmjs.org/path-to-regexp set size:216334 disposed:false
45 http cache https://registry.npmjs.org/unenv 5ms (cache hit)
46 silly packumentCache full:https://registry.npmjs.org/unenv set size:236480 disposed:false
47 http cache https://registry.npmjs.org/esbuild 7ms (cache hit)
48 silly packumentCache full:https://registry.npmjs.org/esbuild set size:1254708 disposed:false
49 http cache https://registry.npmjs.org/blake3-wasm 9ms (cache hit)
50 silly packumentCache full:https://registry.npmjs.org/blake3-wasm set size:6797 disposed:false
51 http cache https://registry.npmjs.org/workerd 10ms (cache hit)
52 silly packumentCache full:https://registry.npmjs.org/workerd set size:730201 disposed:false
53 http cache https://registry.npmjs.org/@cloudflare%2fkv-asset-handler 12ms (cache hit)
54 silly packumentCache full:https://registry.npmjs.org/@cloudflare%2fkv-asset-handler set size:81361 disposed:false
55 http cache https://registry.npmjs.org/miniflare 16ms (cache hit)
56 silly packumentCache full:https://registry.npmjs.org/miniflare set size:6487762 disposed:false
57 http cache https://registry.npmjs.org/@cloudflare%2funenv-preset 38ms (cache hit)
58 silly packumentCache full:https://registry.npmjs.org/@cloudflare%2funenv-preset set size:3357376 disposed:false
59 silly placeDep ROOT @cloudflare/kv-asset-handler@0.4.2 OK for: wrangler@4.81.1 want: 0.4.2
60 silly placeDep ROOT @cloudflare/unenv-preset@2.16.0 OK for: wrangler@4.81.1 want: 2.16.0
61 silly placeDep ROOT unenv@2.0.0-rc.24 OK for: @cloudflare/unenv-preset@2.16.0 want: 2.0.0-rc.24
62 silly placeDep ROOT blake3-wasm@2.1.5 OK for: wrangler@4.81.1 want: 2.1.5
63 silly placeDep node_modules/wrangler esbuild@0.27.3 OK for: wrangler@4.81.1 want: 0.27.3
64 silly placeDep ROOT miniflare@4.20260409.0 OK for: wrangler@4.81.1 want: 4.20260409.0
65 silly placeDep node_modules/wrangler path-to-regexp@6.3.0 OK for: wrangler@4.81.1 want: 6.3.0
66 silly placeDep ROOT workerd@1.20260409.1 OK for: wrangler@4.81.1 want: 1.20260409.1
67 silly fetch manifest pathe@^2.0.3
68 silly packumentCache full:https://registry.npmjs.org/pathe cache-miss
69 silly fetch manifest @esbuild/aix-ppc64@0.27.3
70 silly packumentCache full:https://registry.npmjs.org/@esbuild%2faix-ppc64 cache-miss
71 silly fetch manifest @esbuild/linux-arm@0.27.3
72 silly packumentCache full:https://registry.npmjs.org/@esbuild%2flinux-arm cache-miss
73 silly fetch manifest @esbuild/linux-x64@0.27.3
74 silly packumentCache full:https://registry.npmjs.org/@esbuild%2flinux-x64 cache-miss
75 silly fetch manifest @esbuild/sunos-x64@0.27.3
76 silly packumentCache full:https://registry.npmjs.org/@esbuild%2fsunos-x64 cache-miss
77 silly fetch manifest @esbuild/win32-x64@0.27.3
78 silly packumentCache full:https://registry.npmjs.org/@esbuild%2fwin32-x64 cache-miss
79 silly fetch manifest @esbuild/darwin-x64@0.27.3
80 silly packumentCache full:https://registry.npmjs.org/@esbuild%2fdarwin-x64 cache-miss
81 silly fetch manifest @esbuild/linux-ia32@0.27.3
82 silly packumentCache full:https://registry.npmjs.org/@esbuild%2flinux-ia32 cache-miss
83 silly fetch manifest @esbuild/netbsd-x64@0.27.3
84 silly packumentCache full:https://registry.npmjs.org/@esbuild%2fnetbsd-x64 cache-miss
85 http cache https://registry.npmjs.org/pathe 4ms (cache hit)
86 silly packumentCache full:https://registry.npmjs.org/pathe set size:68788 disposed:false
87 silly fetch manifest @esbuild/win32-ia32@0.27.3
88 silly packumentCache full:https://registry.npmjs.org/@esbuild%2fwin32-ia32 cache-miss
89 http cache https://registry.npmjs.org/@esbuild%2flinux-arm 4ms (cache hit)
90 silly packumentCache full:https://registry.npmjs.org/@esbuild%2flinux-arm set size:195140 disposed:false
91 silly fetch manifest @esbuild/android-arm@0.27.3
92 silly packumentCache full:https://registry.npmjs.org/@esbuild%2fandroid-arm cache-miss
93 http cache https://registry.npmjs.org/@esbuild%2faix-ppc64 5ms (cache hit)
94 silly packumentCache full:https://registry.npmjs.org/@esbuild%2faix-ppc64 set size:64314 disposed:false
95 silly fetch manifest @esbuild/android-x64@0.27.3
96 silly packumentCache full:https://registry.npmjs.org/@esbuild%2fandroid-x64 cache-miss
97 http cache https://registry.npmjs.org/@esbuild%2fsunos-x64 5ms (cache hit)
98 silly packumentCache full:https://registry.npmjs.org/@esbuild%2fsunos-x64 set size:195721 disposed:false
99 silly fetch manifest @esbuild/freebsd-x64@0.27.3
100 silly packumentCache full:https://registry.npmjs.org/@esbuild%2ffreebsd-x64 cache-miss
101 http cache https://registry.npmjs.org/@esbuild%2fwin32-x64 6ms (cache hit)
102 silly packumentCache full:https://registry.npmjs.org/@esbuild%2fwin32-x64 set size:194073 disposed:false
103 silly fetch manifest @esbuild/linux-arm64@0.27.3
104 silly packumentCache full:https://registry.npmjs.org/@esbuild%2flinux-arm64 cache-miss
105 http cache https://registry.npmjs.org/@esbuild%2flinux-x64 7ms (cache hit)
106 silly packumentCache full:https://registry.npmjs.org/@esbuild%2flinux-x64 set size:195479 disposed:false
107 silly fetch manifest @esbuild/linux-ppc64@0.27.3
108 silly packumentCache full:https://registry.npmjs.org/@esbuild%2flinux-ppc64 cache-miss
109 http cache https://registry.npmjs.org/@esbuild%2fnetbsd-x64 7ms (cache hit)
110 silly packumentCache full:https://registry.npmjs.org/@esbuild%2fnetbsd-x64 set size:193883 disposed:false
111 silly fetch manifest @esbuild/linux-s390x@0.27.3
112 silly packumentCache full:https://registry.npmjs.org/@esbuild%2flinux-s390x cache-miss
113 http cache https://registry.npmjs.org/@esbuild%2fdarwin-x64 7ms (cache hit)
114 silly packumentCache full:https://registry.npmjs.org/@esbuild%2fdarwin-x64 set size:196195 disposed:false
115 silly fetch manifest @esbuild/openbsd-x64@0.27.3
116 silly packumentCache full:https://registry.npmjs.org/@esbuild%2fopenbsd-x64 cache-miss
117 http cache https://registry.npmjs.org/@esbuild%2flinux-ia32 8ms (cache hit)
118 silly packumentCache full:https://registry.npmjs.org/@esbuild%2flinux-ia32 set size:196150 disposed:false
119 silly fetch manifest @esbuild/win32-arm64@0.27.3
120 silly packumentCache full:https://registry.npmjs.org/@esbuild%2fwin32-arm64 cache-miss
121 http cache https://registry.npmjs.org/@esbuild%2fandroid-arm 6ms (cache hit)
122 silly packumentCache full:https://registry.npmjs.org/@esbuild%2fandroid-arm set size:221749 disposed:false
123 silly fetch manifest @esbuild/darwin-arm64@0.27.3
124 silly packumentCache full:https://registry.npmjs.org/@esbuild%2fdarwin-arm64 cache-miss
125 http cache https://registry.npmjs.org/@esbuild%2ffreebsd-x64 7ms (cache hit)
126 silly packumentCache full:https://registry.npmjs.org/@esbuild%2ffreebsd-x64 set size:197070 disposed:false
127 silly fetch manifest @esbuild/netbsd-arm64@0.27.3
128 silly packumentCache full:https://registry.npmjs.org/@esbuild%2fnetbsd-arm64 cache-miss
129 http cache https://registry.npmjs.org/@esbuild%2fwin32-ia32 9ms (cache hit)
130 silly packumentCache full:https://registry.npmjs.org/@esbuild%2fwin32-ia32 set size:196374 disposed:false
131 silly fetch manifest @esbuild/android-arm64@0.27.3
132 silly packumentCache full:https://registry.npmjs.org/@esbuild%2fandroid-arm64 cache-miss
133 http cache https://registry.npmjs.org/@esbuild%2flinux-ppc64 7ms (cache hit)
134 silly packumentCache full:https://registry.npmjs.org/@esbuild%2flinux-ppc64 set size:199310 disposed:false
135 silly fetch manifest @esbuild/freebsd-arm64@0.27.3
136 silly packumentCache full:https://registry.npmjs.org/@esbuild%2ffreebsd-arm64 cache-miss
137 http cache https://registry.npmjs.org/@esbuild%2fandroid-x64 10ms (cache hit)
138 silly packumentCache full:https://registry.npmjs.org/@esbuild%2fandroid-x64 set size:195551 disposed:false
139 silly fetch manifest @esbuild/linux-loong64@0.27.3
140 silly packumentCache full:https://registry.npmjs.org/@esbuild%2flinux-loong64 cache-miss
141 http cache https://registry.npmjs.org/@esbuild%2flinux-arm64 9ms (cache hit)
142 silly packumentCache full:https://registry.npmjs.org/@esbuild%2flinux-arm64 set size:197274 disposed:false
143 silly fetch manifest @esbuild/linux-riscv64@0.27.3
144 silly packumentCache full:https://registry.npmjs.org/@esbuild%2flinux-riscv64 cache-miss
145 http cache https://registry.npmjs.org/@esbuild%2fwin32-arm64 7ms (cache hit)
146 silly packumentCache full:https://registry.npmjs.org/@esbuild%2fwin32-arm64 set size:197504 disposed:false
147 silly fetch manifest @esbuild/openbsd-arm64@0.27.3
148 silly packumentCache full:https://registry.npmjs.org/@esbuild%2fopenbsd-arm64 cache-miss
149 http cache https://registry.npmjs.org/@esbuild%2flinux-s390x 9ms (cache hit)
150 silly packumentCache full:https://registry.npmjs.org/@esbuild%2flinux-s390x set size:198784 disposed:false
151 silly fetch manifest @esbuild/linux-mips64el@0.27.3
152 silly packumentCache full:https://registry.npmjs.org/@esbuild%2flinux-mips64el cache-miss
153 http cache https://registry.npmjs.org/@esbuild%2fopenbsd-x64 9ms (cache hit)
154 silly packumentCache full:https://registry.npmjs.org/@esbuild%2fopenbsd-x64 set size:197080 disposed:false
155 silly fetch manifest @esbuild/openharmony-arm64@0.27.3
156 silly packumentCache full:https://registry.npmjs.org/@esbuild%2fopenharmony-arm64 cache-miss
157 http cache https://registry.npmjs.org/@esbuild%2fnetbsd-arm64 7ms (cache hit)
158 silly packumentCache full:https://registry.npmjs.org/@esbuild%2fnetbsd-arm64 set size:40794 disposed:false
159 silly fetch manifest @cspotcode/source-map-support@0.8.1
160 silly packumentCache full:https://registry.npmjs.org/@cspotcode%2fsource-map-support cache-miss
161 http cache https://registry.npmjs.org/@esbuild%2fdarwin-arm64 9ms (cache hit)
162 silly packumentCache full:https://registry.npmjs.org/@esbuild%2fdarwin-arm64 set size:197958 disposed:false
163 silly fetch manifest undici@7.24.4
164 silly packumentCache full:https://registry.npmjs.org/undici cache-miss
165 http cache https://registry.npmjs.org/@esbuild%2flinux-loong64 6ms (cache hit)
166 silly packumentCache full:https://registry.npmjs.org/@esbuild%2flinux-loong64 set size:252211 disposed:false
167 silly fetch manifest ws@8.18.0
168 silly packumentCache full:https://registry.npmjs.org/ws cache-miss
169 http cache https://registry.npmjs.org/@esbuild%2fandroid-arm64 8ms (cache hit)
170 silly packumentCache full:https://registry.npmjs.org/@esbuild%2fandroid-arm64 set size:200684 disposed:false
171 silly fetch manifest youch@4.1.0-beta.10
172 silly packumentCache full:https://registry.npmjs.org/youch cache-miss
173 http cache https://registry.npmjs.org/@esbuild%2ffreebsd-arm64 9ms (cache hit)
174 silly packumentCache full:https://registry.npmjs.org/@esbuild%2ffreebsd-arm64 set size:198853 disposed:false
175 silly fetch manifest @cloudflare/workerd-linux-64@1.20260409.1
176 silly packumentCache full:https://registry.npmjs.org/@cloudflare%2fworkerd-linux-64 cache-miss
177 http cache https://registry.npmjs.org/@esbuild%2flinux-riscv64 7ms (cache hit)
178 silly packumentCache full:https://registry.npmjs.org/@esbuild%2flinux-riscv64 set size:198981 disposed:false
179 silly fetch manifest @cloudflare/workerd-darwin-64@1.20260409.1
180 silly packumentCache full:https://registry.npmjs.org/@cloudflare%2fworkerd-darwin-64 cache-miss
181 http cache https://registry.npmjs.org/@esbuild%2fopenharmony-arm64 6ms (cache hit)
182 silly packumentCache full:https://registry.npmjs.org/@esbuild%2fopenharmony-arm64 set size:29494 disposed:false
183 silly fetch manifest @cloudflare/workerd-windows-64@1.20260409.1
184 silly packumentCache full:https://registry.npmjs.org/@cloudflare%2fworkerd-windows-64 cache-miss
185 http cache https://registry.npmjs.org/@esbuild%2fopenbsd-arm64 8ms (cache hit)
186 silly packumentCache full:https://registry.npmjs.org/@esbuild%2fopenbsd-arm64 set size:46111 disposed:false
187 silly fetch manifest @cloudflare/workerd-linux-arm64@1.20260409.1
188 silly packumentCache full:https://registry.npmjs.org/@cloudflare%2fworkerd-linux-arm64 cache-miss
189 http cache https://registry.npmjs.org/@esbuild%2flinux-mips64el 7ms (cache hit)
190 silly packumentCache full:https://registry.npmjs.org/@esbuild%2flinux-mips64el set size:201062 disposed:false
191 silly fetch manifest @cloudflare/workerd-darwin-arm64@1.20260409.1
192 silly packumentCache full:https://registry.npmjs.org/@cloudflare%2fworkerd-darwin-arm64 cache-miss
193 http cache https://registry.npmjs.org/@cspotcode%2fsource-map-support 10ms (cache hit)
194 silly packumentCache full:https://registry.npmjs.org/@cspotcode%2fsource-map-support set size:30214 disposed:false
195 http cache https://registry.npmjs.org/@cloudflare%2fworkerd-linux-64 8ms (cache hit)
196 silly packumentCache full:https://registry.npmjs.org/@cloudflare%2fworkerd-linux-64 set size:1477646 disposed:false
197 http cache https://registry.npmjs.org/ws 13ms (cache hit)
198 silly packumentCache full:https://registry.npmjs.org/ws set size:415737 disposed:false
199 http cache https://registry.npmjs.org/undici 16ms (cache hit)
200 silly packumentCache full:https://registry.npmjs.org/undici set size:1366125 disposed:false
201 http cache https://registry.npmjs.org/youch 17ms (cache hit)
202 silly packumentCache full:https://registry.npmjs.org/youch set size:154842 disposed:false
203 http cache https://registry.npmjs.org/@cloudflare%2fworkerd-darwin-64 17ms (cache hit)
204 silly packumentCache full:https://registry.npmjs.org/@cloudflare%2fworkerd-darwin-64 set size:1479187 disposed:false
205 http cache https://registry.npmjs.org/@cloudflare%2fworkerd-linux-arm64 21ms (cache hit)
206 silly packumentCache full:https://registry.npmjs.org/@cloudflare%2fworkerd-linux-arm64 set size:1468995 disposed:false
207 http cache https://registry.npmjs.org/@cloudflare%2fworkerd-windows-64 25ms (cache hit)
208 silly packumentCache full:https://registry.npmjs.org/@cloudflare%2fworkerd-windows-64 set size:1386536 disposed:false
209 http cache https://registry.npmjs.org/@cloudflare%2fworkerd-darwin-arm64 29ms (cache hit)
210 silly packumentCache full:https://registry.npmjs.org/@cloudflare%2fworkerd-darwin-arm64 set size:1477920 disposed:false
211 silly fetch manifest bufferutil@^4.0.1
212 silly packumentCache full:https://registry.npmjs.org/bufferutil cache-miss
213 http cache https://registry.npmjs.org/bufferutil 1ms (cache hit)
214 silly packumentCache full:https://registry.npmjs.org/bufferutil set size:52763 disposed:false
215 silly fetch manifest utf-8-validate@>=5.0.2
216 silly packumentCache full:https://registry.npmjs.org/utf-8-validate cache-miss
217 http cache https://registry.npmjs.org/utf-8-validate 1ms (cache hit)
218 silly packumentCache full:https://registry.npmjs.org/utf-8-validate set size:77148 disposed:false
219 silly placeDep ROOT @cspotcode/source-map-support@0.8.1 OK for: miniflare@4.20260409.0 want: 0.8.1
220 silly placeDep node_modules/miniflare undici@7.24.4 OK for: miniflare@4.20260409.0 want: 7.24.4
221 silly placeDep ROOT ws@8.18.0 OK for: miniflare@4.20260409.0 want: 8.18.0
222 silly placeDep ROOT youch@4.1.0-beta.10 OK for: miniflare@4.20260409.0 want: 4.1.0-beta.10
223 silly fetch manifest @jridgewell/trace-mapping@0.3.9
224 silly packumentCache full:https://registry.npmjs.org/@jridgewell%2ftrace-mapping cache-miss
225 silly fetch manifest youch-core@^0.3.3
226 silly packumentCache full:https://registry.npmjs.org/youch-core cache-miss
227 silly fetch manifest @poppinss/colors@^4.1.5
228 silly packumentCache full:https://registry.npmjs.org/@poppinss%2fcolors cache-miss
229 silly fetch manifest @poppinss/dumper@^0.6.4
230 silly packumentCache full:https://registry.npmjs.org/@poppinss%2fdumper cache-miss
231 silly fetch manifest @speed-highlight/core@^1.2.7
232 silly packumentCache full:https://registry.npmjs.org/@speed-highlight%2fcore cache-miss
233 http cache https://registry.npmjs.org/@poppinss%2fcolors 2ms (cache hit)
234 silly packumentCache full:https://registry.npmjs.org/@poppinss%2fcolors set size:139208 disposed:false
235 http cache https://registry.npmjs.org/@speed-highlight%2fcore 2ms (cache hit)
236 silly packumentCache full:https://registry.npmjs.org/@speed-highlight%2fcore set size:75220 disposed:false
237 http cache https://registry.npmjs.org/@jridgewell%2ftrace-mapping 3ms (cache hit)
238 silly packumentCache full:https://registry.npmjs.org/@jridgewell%2ftrace-mapping set size:170909 disposed:false
239 http cache https://registry.npmjs.org/youch-core 4ms (cache hit)
240 silly packumentCache full:https://registry.npmjs.org/youch-core set size:45040 disposed:false
241 http cache https://registry.npmjs.org/@poppinss%2fdumper 3ms (cache hit)
242 silly packumentCache full:https://registry.npmjs.org/@poppinss%2fdumper set size:90076 disposed:false
243 silly placeDep node_modules/@cspotcode/source-map-support @jridgewell/trace-mapping@0.3.9 OK for: @cspotcode/source-map-support@0.8.1 want: 0.3.9
244 silly placeDep ROOT pathe@2.0.3 OK for: unenv@2.0.0-rc.24 want: ^2.0.3
245 silly placeDep ROOT @cloudflare/workerd-darwin-64@1.20260409.1 OK for: workerd@1.20260409.1 want: 1.20260409.1
246 silly placeDep ROOT @cloudflare/workerd-darwin-arm64@1.20260409.1 OK for: workerd@1.20260409.1 want: 1.20260409.1
247 silly placeDep ROOT @cloudflare/workerd-linux-64@1.20260409.1 OK for: workerd@1.20260409.1 want: 1.20260409.1
248 silly placeDep ROOT @cloudflare/workerd-linux-arm64@1.20260409.1 OK for: workerd@1.20260409.1 want: 1.20260409.1
249 silly placeDep ROOT @cloudflare/workerd-windows-64@1.20260409.1 OK for: workerd@1.20260409.1 want: 1.20260409.1
250 silly placeDep ROOT @poppinss/colors@4.1.6 OK for: youch@4.1.0-beta.10 want: ^4.1.5
251 silly placeDep ROOT @poppinss/dumper@0.6.5 OK for: youch@4.1.0-beta.10 want: ^0.6.4
252 silly placeDep ROOT @speed-highlight/core@1.2.15 OK for: youch@4.1.0-beta.10 want: ^1.2.7
253 silly placeDep ROOT youch-core@0.3.3 OK for: youch@4.1.0-beta.10 want: ^0.3.3
254 silly fetch manifest kleur@^4.1.5
255 silly packumentCache full:https://registry.npmjs.org/kleur cache-miss
256 silly fetch manifest supports-color@^10.0.0
257 silly packumentCache full:https://registry.npmjs.org/supports-color cache-miss
258 silly fetch manifest @sindresorhus/is@^7.0.2
259 silly packumentCache full:https://registry.npmjs.org/@sindresorhus%2fis cache-miss
260 silly fetch manifest @poppinss/exception@^1.2.2
261 silly packumentCache full:https://registry.npmjs.org/@poppinss%2fexception cache-miss
262 silly fetch manifest error-stack-parser-es@^1.0.5
263 silly packumentCache full:https://registry.npmjs.org/error-stack-parser-es cache-miss
264 http cache https://registry.npmjs.org/supports-color 2ms (cache hit)
265 silly packumentCache full:https://registry.npmjs.org/supports-color set size:118680 disposed:false
266 http cache https://registry.npmjs.org/@poppinss%2fexception 2ms (cache hit)
267 silly packumentCache full:https://registry.npmjs.org/@poppinss%2fexception set size:19704 disposed:false
268 http cache https://registry.npmjs.org/error-stack-parser-es 2ms (cache hit)
269 silly packumentCache full:https://registry.npmjs.org/error-stack-parser-es set size:21097 disposed:false
270 http cache https://registry.npmjs.org/kleur 3ms (cache hit)
271 silly packumentCache full:https://registry.npmjs.org/kleur set size:61853 disposed:false
272 http cache https://registry.npmjs.org/@sindresorhus%2fis 3ms (cache hit)
273 silly packumentCache full:https://registry.npmjs.org/@sindresorhus%2fis set size:198416 disposed:false
274 silly placeDep ROOT kleur@4.1.5 OK for: @poppinss/colors@4.1.6 want: ^4.1.5
275 silly placeDep ROOT @sindresorhus/is@7.2.0 OK for: @poppinss/dumper@0.6.5 want: ^7.0.2
276 silly placeDep node_modules/@poppinss/dumper supports-color@10.2.2 OK for: @poppinss/dumper@0.6.5 want: ^10.0.0
277 silly placeDep ROOT @poppinss/exception@1.2.3 OK for: youch-core@0.3.3 want: ^1.2.2
278 silly placeDep ROOT error-stack-parser-es@1.0.5 OK for: youch-core@0.3.3 want: ^1.0.5
279 silly placeDep node_modules/wrangler @esbuild/aix-ppc64@0.27.3 OK for: esbuild@0.27.3 want: 0.27.3
280 silly placeDep node_modules/wrangler @esbuild/android-arm@0.27.3 OK for: esbuild@0.27.3 want: 0.27.3
281 silly placeDep node_modules/wrangler @esbuild/android-arm64@0.27.3 OK for: esbuild@0.27.3 want: 0.27.3
282 silly placeDep node_modules/wrangler @esbuild/android-x64@0.27.3 OK for: esbuild@0.27.3 want: 0.27.3
283 silly placeDep node_modules/wrangler @esbuild/darwin-arm64@0.27.3 OK for: esbuild@0.27.3 want: 0.27.3
284 silly placeDep node_modules/wrangler @esbuild/darwin-x64@0.27.3 OK for: esbuild@0.27.3 want: 0.27.3
285 silly placeDep node_modules/wrangler @esbuild/freebsd-arm64@0.27.3 OK for: esbuild@0.27.3 want: 0.27.3
286 silly placeDep node_modules/wrangler @esbuild/freebsd-x64@0.27.3 OK for: esbuild@0.27.3 want: 0.27.3
287 silly placeDep node_modules/wrangler @esbuild/linux-arm@0.27.3 OK for: esbuild@0.27.3 want: 0.27.3
288 silly placeDep node_modules/wrangler @esbuild/linux-arm64@0.27.3 OK for: esbuild@0.27.3 want: 0.27.3
289 silly placeDep node_modules/wrangler @esbuild/linux-ia32@0.27.3 OK for: esbuild@0.27.3 want: 0.27.3
290 silly placeDep node_modules/wrangler @esbuild/linux-loong64@0.27.3 OK for: esbuild@0.27.3 want: 0.27.3
291 silly placeDep node_modules/wrangler @esbuild/linux-mips64el@0.27.3 OK for: esbuild@0.27.3 want: 0.27.3
292 silly placeDep node_modules/wrangler @esbuild/linux-ppc64@0.27.3 OK for: esbuild@0.27.3 want: 0.27.3
293 silly placeDep node_modules/wrangler @esbuild/linux-riscv64@0.27.3 OK for: esbuild@0.27.3 want: 0.27.3
294 silly placeDep node_modules/wrangler @esbuild/linux-s390x@0.27.3 OK for: esbuild@0.27.3 want: 0.27.3
295 silly placeDep node_modules/wrangler @esbuild/linux-x64@0.27.3 OK for: esbuild@0.27.3 want: 0.27.3
296 silly placeDep node_modules/wrangler @esbuild/netbsd-arm64@0.27.3 OK for: esbuild@0.27.3 want: 0.27.3
297 silly placeDep node_modules/wrangler @esbuild/netbsd-x64@0.27.3 OK for: esbuild@0.27.3 want: 0.27.3
298 silly placeDep node_modules/wrangler @esbuild/openbsd-arm64@0.27.3 OK for: esbuild@0.27.3 want: 0.27.3
299 silly placeDep node_modules/wrangler @esbuild/openbsd-x64@0.27.3 OK for: esbuild@0.27.3 want: 0.27.3
300 silly placeDep node_modules/wrangler @esbuild/openharmony-arm64@0.27.3 OK for: esbuild@0.27.3 want: 0.27.3
301 silly placeDep node_modules/wrangler @esbuild/sunos-x64@0.27.3 OK for: esbuild@0.27.3 want: 0.27.3
302 silly placeDep node_modules/wrangler @esbuild/win32-arm64@0.27.3 OK for: esbuild@0.27.3 want: 0.27.3
303 silly placeDep node_modules/wrangler @esbuild/win32-ia32@0.27.3 OK for: esbuild@0.27.3 want: 0.27.3
304 silly placeDep node_modules/wrangler @esbuild/win32-x64@0.27.3 OK for: esbuild@0.27.3 want: 0.27.3
305 warn EBADENGINE Unsupported engine {
305 warn EBADENGINE   package: '@renovatebot/pep440@4.2.1',
305 warn EBADENGINE   required: { node: '^20.9.0 || ^22.11.0 || ^24', pnpm: '^10.0.0' },
305 warn EBADENGINE   current: { node: 'v25.8.0', npm: '11.11.0' }
305 warn EBADENGINE }
306 silly reify moves {}
307 silly audit bulk request {
307 silly audit   '@alloc/quick-lru': [ '5.2.0' ],
307 silly audit   '@auth/prisma-adapter': [ '2.11.1' ],
307 silly audit   '@auth/core': [ '0.41.1' ],
307 silly audit   jose: [ '6.2.2', '5.9.6' ],
307 silly audit   '@babel/code-frame': [ '7.29.0' ],
307 silly audit   '@babel/compat-data': [ '7.29.0' ],
307 silly audit   '@babel/core': [ '7.29.0' ],
307 silly audit   '@babel/generator': [ '7.29.1' ],
307 silly audit   '@babel/helper-compilation-targets': [ '7.28.6' ],
307 silly audit   '@babel/helper-globals': [ '7.28.0' ],
307 silly audit   '@babel/helper-module-imports': [ '7.28.6' ],
307 silly audit   '@babel/helper-module-transforms': [ '7.28.6' ],
307 silly audit   '@babel/helper-string-parser': [ '7.27.1' ],
307 silly audit   '@babel/helper-validator-identifier': [ '7.28.5' ],
307 silly audit   '@babel/helper-validator-option': [ '7.27.1' ],
307 silly audit   '@babel/helpers': [ '7.29.2' ],
307 silly audit   '@babel/parser': [ '7.29.2' ],
307 silly audit   '@babel/template': [ '7.28.6' ],
307 silly audit   '@babel/traverse': [ '7.29.0' ],
307 silly audit   '@babel/types': [ '7.29.0' ],
307 silly audit   '@bytecodealliance/preview2-shim': [ '0.17.6' ],
307 silly audit   '@edge-runtime/format': [ '2.2.1' ],
307 silly audit   '@edge-runtime/node-utils': [ '2.3.0' ],
307 silly audit   '@edge-runtime/ponyfill': [ '2.4.2' ],
307 silly audit   '@edge-runtime/primitives': [ '4.1.0' ],
307 silly audit   '@edge-runtime/vm': [ '3.2.0' ],
307 silly audit   '@emnapi/core': [ '1.9.1' ],
307 silly audit   '@emnapi/runtime': [ '1.9.1' ],
307 silly audit   '@emnapi/wasi-threads': [ '1.2.0' ],
307 silly audit   '@esbuild/aix-ppc64': [ '0.27.0', '0.27.3' ],
307 silly audit   '@esbuild/android-arm': [ '0.27.0', '0.27.3' ],
307 silly audit   '@esbuild/android-arm64': [ '0.27.0', '0.27.3' ],
307 silly audit   '@esbuild/android-x64': [ '0.27.0', '0.27.3' ],
307 silly audit   '@esbuild/darwin-arm64': [ '0.27.0', '0.27.3' ],
307 silly audit   '@esbuild/darwin-x64': [ '0.27.0', '0.27.3' ],
307 silly audit   '@esbuild/freebsd-arm64': [ '0.27.0', '0.27.3' ],
307 silly audit   '@esbuild/freebsd-x64': [ '0.27.0', '0.27.3' ],
307 silly audit   '@esbuild/linux-arm': [ '0.27.0', '0.27.3' ],
307 silly audit   '@esbuild/linux-arm64': [ '0.27.0', '0.27.3' ],
307 silly audit   '@esbuild/linux-ia32': [ '0.27.0', '0.27.3' ],
307 silly audit   '@esbuild/linux-loong64': [ '0.27.0', '0.27.3' ],
307 silly audit   '@esbuild/linux-mips64el': [ '0.27.0', '0.27.3' ],
307 silly audit   '@esbuild/linux-ppc64': [ '0.27.0', '0.27.3' ],
307 silly audit   '@esbuild/linux-riscv64': [ '0.27.0', '0.27.3' ],
307 silly audit   '@esbuild/linux-s390x': [ '0.27.0', '0.27.3' ],
307 silly audit   '@esbuild/linux-x64': [ '0.27.0', '0.27.3' ],
307 silly audit   '@esbuild/netbsd-arm64': [ '0.27.0', '0.27.3' ],
307 silly audit   '@esbuild/netbsd-x64': [ '0.27.0', '0.27.3' ],
307 silly audit   '@esbuild/openbsd-arm64': [ '0.27.0', '0.27.3' ],
307 silly audit   '@esbuild/openbsd-x64': [ '0.27.0', '0.27.3' ],
307 silly audit   '@esbuild/openharmony-arm64': [ '0.27.0', '0.27.3' ],
307 silly audit   '@esbuild/sunos-x64': [ '0.27.0', '0.27.3' ],
307 silly audit   '@esbuild/win32-arm64': [ '0.27.0', '0.27.3' ],
307 silly audit   '@esbuild/win32-ia32': [ '0.27.0', '0.27.3' ],
307 silly audit   '@esbuild/win32-x64': [ '0.27.0', '0.27.3' ],
307 silly audit   '@eslint-community/eslint-utils': [ '4.9.1' ],
307 silly audit   'eslint-visitor-keys': [ '3.4.3', '5.0.1', '4.2.1' ],
307 silly audit   '@eslint-community/regexpp': [ '4.12.2' ],
307 silly audit   '@eslint/config-array': [ '0.21.2' ],
307 silly audit   '@eslint/config-helpers': [ '0.4.2' ],
307 silly audit   '@eslint/core': [ '0.17.0' ],
307 silly audit   '@eslint/eslintrc': [ '3.3.5' ],
307 silly audit   '@eslint/js': [ '9.39.4' ],
307 silly audit   '@eslint/object-schema': [ '2.1.7' ],
307 silly audit   '@eslint/plugin-kit': [ '0.4.1' ],
307 silly audit   '@fastify/busboy': [ '2.1.1' ],
307 silly audit   '@humanfs/core': [ '0.19.1' ],
307 silly audit   '@humanfs/node': [ '0.16.7' ],
307 silly audit   '@humanwhocodes/module-importer': [ '1.0.1' ],
307 silly audit   '@humanwhocodes/retry': [ '0.4.3' ],
307 silly audit   '@img/colour': [ '1.1.0' ],
307 silly audit   '@img/sharp-darwin-arm64': [ '0.34.5' ],
307 silly audit   '@img/sharp-darwin-x64': [ '0.34.5' ],
307 silly audit   '@img/sharp-libvips-darwin-arm64': [ '1.2.4' ],
307 silly audit   '@img/sharp-libvips-darwin-x64': [ '1.2.4' ],
307 silly audit   '@img/sharp-libvips-linux-arm': [ '1.2.4' ],
307 silly audit   '@img/sharp-libvips-linux-arm64': [ '1.2.4' ],
307 silly audit   '@img/sharp-libvips-linux-ppc64': [ '1.2.4' ],
307 silly audit   '@img/sharp-libvips-linux-riscv64': [ '1.2.4' ],
307 silly audit   '@img/sharp-libvips-linux-s390x': [ '1.2.4' ],
307 silly audit   '@img/sharp-libvips-linux-x64': [ '1.2.4' ],
307 silly audit   '@img/sharp-libvips-linuxmusl-arm64': [ '1.2.4' ],
307 silly audit   '@img/sharp-libvips-linuxmusl-x64': [ '1.2.4' ],
307 silly audit   '@img/sharp-linux-arm': [ '0.34.5' ],
307 silly audit   '@img/sharp-linux-arm64': [ '0.34.5' ],
307 silly audit   '@img/sharp-linux-ppc64': [ '0.34.5' ],
307 silly audit   '@img/sharp-linux-riscv64': [ '0.34.5' ],
307 silly audit   '@img/sharp-linux-s390x': [ '0.34.5' ],
307 silly audit   '@img/sharp-linux-x64': [ '0.34.5' ],
307 silly audit   '@img/sharp-linuxmusl-arm64': [ '0.34.5' ],
307 silly audit   '@img/sharp-linuxmusl-x64': [ '0.34.5' ],
307 silly audit   '@img/sharp-wasm32': [ '0.34.5' ],
307 silly audit   '@img/sharp-win32-arm64': [ '0.34.5' ],
307 silly audit   '@img/sharp-win32-ia32': [ '0.34.5' ],
307 silly audit   '@img/sharp-win32-x64': [ '0.34.5' ],
307 silly audit   '@isaacs/balanced-match': [ '4.0.1' ],
307 silly audit   '@isaacs/brace-expansion': [ '5.0.1' ],
307 silly audit   '@isaacs/fs-minipass': [ '4.0.1' ],
307 silly audit   '@jridgewell/gen-mapping': [ '0.3.13' ],
307 silly audit   '@jridgewell/remapping': [ '2.3.5' ],
307 silly audit   '@jridgewell/resolve-uri': [ '3.1.2' ],
307 silly audit   '@jridgewell/sourcemap-codec': [ '1.5.5' ],
307 silly audit   '@jridgewell/trace-mapping': [ '0.3.31', '0.3.9' ],
307 silly audit   '@mapbox/node-pre-gyp': [ '2.0.3' ],
307 silly audit   semver: [ '7.7.4', '7.5.4', '6.3.1' ],
307 silly audit   '@napi-rs/wasm-runtime': [ '0.2.12', '1.1.3' ],
307 silly audit   '@next/env': [ '16.2.1' ],
307 silly audit   '@next/eslint-plugin-next': [ '16.2.1' ],
307 silly audit   '@next/swc-darwin-arm64': [ '16.2.1' ],
307 silly audit   '@next/swc-darwin-x64': [ '16.2.1' ],
307 silly audit   '@next/swc-linux-arm64-gnu': [ '16.2.1' ],
307 silly audit   '@next/swc-linux-arm64-musl': [ '16.2.1' ],
307 silly audit   '@next/swc-linux-x64-gnu': [ '16.2.1' ],
307 silly audit   '@next/swc-linux-x64-musl': [ '16.2.1' ],
307 silly audit   '@next/swc-win32-arm64-msvc': [ '16.2.1' ],
307 silly audit   '@next/swc-win32-x64-msvc': [ '16.2.1' ],
307 silly audit   '@nodelib/fs.scandir': [ '2.1.5' ],
307 silly audit   '@nodelib/fs.stat': [ '2.0.5' ],
307 silly audit   '@nodelib/fs.walk': [ '1.2.8' ],
307 silly audit   '@nolyfill/is-core-module': [ '1.0.39' ],
307 silly audit   '@oxc-project/types': [ '0.110.0' ],
307 silly audit   '@oxc-transform/binding-android-arm-eabi': [ '0.111.0' ],
307 silly audit   '@oxc-transform/binding-android-arm64': [ '0.111.0' ],
307 silly audit   '@oxc-transform/binding-darwin-arm64': [ '0.111.0' ],
307 silly audit   '@oxc-transform/binding-darwin-x64': [ '0.111.0' ],
307 silly audit   '@oxc-transform/binding-freebsd-x64': [ '0.111.0' ],
307 silly audit   '@oxc-transform/binding-linux-arm-gnueabihf': [ '0.111.0' ],
307 silly audit   '@oxc-transform/binding-linux-arm-musleabihf': [ '0.111.0' ],
307 silly audit   '@oxc-transform/binding-linux-arm64-gnu': [ '0.111.0' ],
307 silly audit   '@oxc-transform/binding-linux-arm64-musl': [ '0.111.0' ],
307 silly audit   '@oxc-transform/binding-linux-ppc64-gnu': [ '0.111.0' ],
307 silly audit   '@oxc-transform/binding-linux-riscv64-gnu': [ '0.111.0' ],
307 silly audit   '@oxc-transform/binding-linux-riscv64-musl': [ '0.111.0' ],
307 silly audit   '@oxc-transform/binding-linux-s390x-gnu': [ '0.111.0' ],
307 silly audit   '@oxc-transform/binding-linux-x64-gnu': [ '0.111.0' ],
307 silly audit   '@oxc-transform/binding-linux-x64-musl': [ '0.111.0' ],
307 silly audit   '@oxc-transform/binding-openharmony-arm64': [ '0.111.0' ],
307 silly audit   '@oxc-transform/binding-wasm32-wasi': [ '0.111.0' ],
307 silly audit   '@oxc-transform/binding-win32-arm64-msvc': [ '0.111.0' ],
307 silly audit   '@oxc-transform/binding-win32-ia32-msvc': [ '0.111.0' ],
307 silly audit   '@oxc-transform/binding-win32-x64-msvc': [ '0.111.0' ],
307 silly audit   '@panva/hkdf': [ '1.2.1' ],
307 silly audit   '@prisma/client': [ '5.22.0' ],
307 silly audit   '@prisma/debug': [ '5.22.0' ],
307 silly audit   '@prisma/engines': [ '5.22.0' ],
307 silly audit   '@prisma/engines-version': [ '5.22.0-44.605197351a3c8bdd595af2d2a9bc3025bca48ea2' ],
307 silly audit   '@prisma/fetch-engine': [ '5.22.0' ],
307 silly audit   '@prisma/get-platform': [ '5.22.0' ],
307 silly audit   '@renovatebot/pep440': [ '4.2.1' ],
307 silly audit   '@rolldown/binding-android-arm64': [ '1.0.0-rc.1' ],
307 silly audit   '@rolldown/binding-darwin-arm64': [ '1.0.0-rc.1' ],
307 silly audit   '@rolldown/binding-darwin-x64': [ '1.0.0-rc.1' ],
307 silly audit   '@rolldown/binding-freebsd-x64': [ '1.0.0-rc.1' ],
307 silly audit   '@rolldown/binding-linux-arm-gnueabihf': [ '1.0.0-rc.1' ],
307 silly audit   '@rolldown/binding-linux-arm64-gnu': [ '1.0.0-rc.1' ],
307 silly audit   '@rolldown/binding-linux-arm64-musl': [ '1.0.0-rc.1' ],
307 silly audit   '@rolldown/binding-linux-x64-gnu': [ '1.0.0-rc.1' ],
307 silly audit   '@rolldown/binding-linux-x64-musl': [ '1.0.0-rc.1' ],
307 silly audit   '@rolldown/binding-openharmony-arm64': [ '1.0.0-rc.1' ],
307 silly audit   '@rolldown/binding-wasm32-wasi': [ '1.0.0-rc.1' ],
307 silly audit   '@rolldown/binding-win32-arm64-msvc': [ '1.0.0-rc.1' ],
307 silly audit   '@rolldown/binding-win32-x64-msvc': [ '1.0.0-rc.1' ],
307 silly audit   '@rolldown/pluginutils': [ '1.0.0-rc.1' ],
307 silly audit   '@rollup/pluginutils': [ '5.3.0' ],
307 silly audit   picomatch: [ '4.0.4', '2.3.2' ],
307 silly audit   '@rtsao/scc': [ '1.1.0' ],
307 silly audit   '@sinclair/typebox': [ '0.25.24' ],
307 silly audit   '@stablelib/base64': [ '1.0.1' ],
307 silly audit   '@stripe/react-stripe-js': [ '6.1.0' ],
307 silly audit   '@stripe/stripe-js': [ '9.1.0' ],
307 silly audit   '@swc/helpers': [ '0.5.15' ],
307 silly audit   '@tailwindcss/node': [ '4.2.2' ],
307 silly audit   '@tailwindcss/oxide': [ '4.2.2' ],
307 silly audit   '@tailwindcss/oxide-android-arm64': [ '4.2.2' ],
307 silly audit   '@tailwindcss/oxide-darwin-arm64': [ '4.2.2' ],
307 silly audit   '@tailwindcss/oxide-darwin-x64': [ '4.2.2' ],
307 silly audit   '@tailwindcss/oxide-freebsd-x64': [ '4.2.2' ],
307 silly audit   '@tailwindcss/oxide-linux-arm-gnueabihf': [ '4.2.2' ],
307 silly audit   '@tailwindcss/oxide-linux-arm64-gnu': [ '4.2.2' ],
307 silly audit   '@tailwindcss/oxide-linux-arm64-musl': [ '4.2.2' ],
307 silly audit   '@tailwindcss/oxide-linux-x64-gnu': [ '4.2.2' ],
307 silly audit   '@tailwindcss/oxide-linux-x64-musl': [ '4.2.2' ],
307 silly audit   '@tailwindcss/oxide-wasm32-wasi': [ '4.2.2' ],
307 silly audit   '@tailwindcss/oxide-win32-arm64-msvc': [ '4.2.2' ],
307 silly audit   '@tailwindcss/oxide-win32-x64-msvc': [ '4.2.2' ],
307 silly audit   '@tailwindcss/postcss': [ '4.2.2' ],
307 silly audit   '@tootallnate/once': [ '2.0.0' ],
307 silly audit   '@tootallnate/quickjs-emscripten': [ '0.23.0' ],
307 silly audit   '@ts-morph/common': [ '0.11.1' ],
307 silly audit   '@tybys/wasm-util': [ '0.10.1' ],
307 silly audit   '@types/estree': [ '1.0.8' ],
307 silly audit   '@types/json-schema': [ '7.0.15' ],
307 silly audit   '@types/json5': [ '0.0.29' ],
307 silly audit   '@types/jsonwebtoken': [ '9.0.10' ],
307 silly audit   '@types/ms': [ '2.1.0' ],
307 silly audit   '@types/node': [ '20.19.37', '20.11.0' ],
307 silly audit   '@types/react': [ '19.2.14' ],
307 silly audit   '@types/react-dom': [ '19.2.3' ],
307 silly audit   '@typescript-eslint/eslint-plugin': [ '8.57.2' ],
307 silly audit   ignore: [ '7.0.5', '5.3.2' ],
307 silly audit   '@typescript-eslint/parser': [ '8.57.2' ],
307 silly audit   '@typescript-eslint/project-service': [ '8.57.2' ],
307 silly audit   '@typescript-eslint/scope-manager': [ '8.57.2' ],
307 silly audit   '@typescript-eslint/tsconfig-utils': [ '8.57.2' ],
307 silly audit   '@typescript-eslint/type-utils': [ '8.57.2' ],
307 silly audit   '@typescript-eslint/types': [ '8.57.2' ],
307 silly audit   '@typescript-eslint/typescript-estree': [ '8.57.2' ],
307 silly audit   'balanced-match': [ '4.0.4', '1.0.2' ],
307 silly audit   'brace-expansion': [ '5.0.5', '1.1.12' ],
307 silly audit   minimatch: [ '10.2.4', '10.1.1', '10.2.5', '3.1.5' ],
307 silly audit   '@typescript-eslint/utils': [ '8.57.2' ],
307 silly audit   '@typescript-eslint/visitor-keys': [ '8.57.2' ],
307 silly audit   '@unrs/resolver-binding-android-arm-eabi': [ '1.11.1' ],
307 silly audit   '@unrs/resolver-binding-android-arm64': [ '1.11.1' ],
307 silly audit   '@unrs/resolver-binding-darwin-arm64': [ '1.11.1' ],
307 silly audit   '@unrs/resolver-binding-darwin-x64': [ '1.11.1' ],
307 silly audit   '@unrs/resolver-binding-freebsd-x64': [ '1.11.1' ],
307 silly audit   '@unrs/resolver-binding-linux-arm-gnueabihf': [ '1.11.1' ],
307 silly audit   '@unrs/resolver-binding-linux-arm-musleabihf': [ '1.11.1' ],
307 silly audit   '@unrs/resolver-binding-linux-arm64-gnu': [ '1.11.1' ],
307 silly audit   '@unrs/resolver-binding-linux-arm64-musl': [ '1.11.1' ],
307 silly audit   '@unrs/resolver-binding-linux-ppc64-gnu': [ '1.11.1' ],
307 silly audit   '@unrs/resolver-binding-linux-riscv64-gnu': [ '1.11.1' ],
307 silly audit   '@unrs/resolver-binding-linux-riscv64-musl': [ '1.11.1' ],
307 silly audit   '@unrs/resolver-binding-linux-s390x-gnu': [ '1.11.1' ],
307 silly audit   '@unrs/resolver-binding-linux-x64-gnu': [ '1.11.1' ],
307 silly audit   '@unrs/resolver-binding-linux-x64-musl': [ '1.11.1' ],
307 silly audit   '@unrs/resolver-binding-wasm32-wasi': [ '1.11.1' ],
307 silly audit   '@unrs/resolver-binding-win32-arm64-msvc': [ '1.11.1' ],
307 silly audit   '@unrs/resolver-binding-win32-ia32-msvc': [ '1.11.1' ],
307 silly audit   '@unrs/resolver-binding-win32-x64-msvc': [ '1.11.1' ],
307 silly audit   '@vercel/backends': [ '0.0.57' ],
307 silly audit   zod: [ '3.22.4', '3.24.4', '4.3.6' ],
307 silly audit   '@vercel/blob': [ '2.3.0' ],
307 silly audit   '@vercel/build-utils': [ '13.14.0' ],
307 silly audit   '@vercel/cervel': [ '0.0.44' ],
307 silly audit   '@vercel/detect-agent': [ '1.2.1' ],
307 silly audit   '@vercel/elysia': [ '0.1.60' ],
307 silly audit   '@vercel/error-utils': [ '2.0.3' ],
307 silly audit   '@vercel/express': [ '0.1.70' ],
307 silly audit   '@vercel/fastify': [ '0.1.63' ],
307 silly audit   '@vercel/fun': [ '1.3.0' ],
307 silly audit   debug: [ '4.3.4', '4.4.3', '3.2.7' ],
307 silly audit   ms: [ '2.1.2', '2.1.1', '2.1.3' ],
307 silly audit   'lru-cache': [ '6.0.0', '5.1.1', '11.3.3', '7.18.3' ],
307 silly audit   'path-to-regexp': [ '8.2.0', '6.1.0', '8.3.0', '6.3.0' ],
307 silly audit   yallist: [ '4.0.0', '5.0.0', '3.1.1' ],
307 silly audit   '@vercel/gatsby-plugin-vercel-analytics': [ '1.0.11' ],
307 silly audit   '@vercel/gatsby-plugin-vercel-builder': [ '2.1.10' ],
307 silly audit   '@vercel/go': [ '3.4.7' ],
307 silly audit   '@vercel/h3': [ '0.1.69' ],
307 silly audit   '@vercel/hono': [ '0.2.63' ],
307 silly audit   '@vercel/hydrogen': [ '1.3.6' ],
307 silly audit   '@vercel/koa': [ '0.1.43' ],
307 silly audit   '@vercel/nestjs': [ '0.2.64' ],
307 silly audit   '@vercel/next': [ '4.16.5' ],
307 silly audit   '@vercel/nft': [ '1.5.0' ],
307 silly audit   'resolve-from': [ '5.0.0', '4.0.0' ],
307 silly audit   '@vercel/node': [ '5.7.2' ],
307 silly audit   'async-listen': [ '3.0.0', '1.2.0', '3.0.1' ],
307 silly audit   'es-module-lexer': [ '1.4.1', '1.5.0' ],
307 silly audit   'node-fetch': [ '2.6.9', '2.6.7' ],
307 silly audit   undici: [ '5.28.4', '7.24.7', '6.24.1', '7.24.4' ],
307 silly audit   'undici-types': [ '5.26.5', '6.21.0' ],
307 silly audit   '@vercel/oidc': [ '3.2.0' ],
307 silly audit   '@vercel/prepare-flags-definitions': [ '0.2.1' ],
307 silly audit   '@vercel/python': [ '6.29.0' ],
307 silly audit   '@vercel/python-analysis': [ '0.11.0' ],
307 silly audit   'fs-extra': [ '11.1.1', '11.1.0' ],
307 silly audit   '@vercel/redwood': [ '2.4.12' ],
307 silly audit   '@vercel/remix-builder': [ '5.7.2' ],
307 silly audit   '@vercel/ruby': [ '2.3.2' ],
307 silly audit   '@vercel/rust': [ '1.1.0' ],
307 silly audit   execa: [ '5.1.1', '3.2.0' ],
307 silly audit   'get-stream': [ '6.0.1', '5.2.0' ],
307 silly audit   'human-signals': [ '2.1.0', '1.1.1' ],
307 silly audit   'signal-exit': [ '3.0.7', '4.0.2' ],
307 silly audit   '@vercel/sandbox': [ '1.9.0' ],
307 silly audit   '@vercel/static-build': [ '2.9.10' ],
307 silly audit   '@vercel/static-config': [ '3.2.0' ],
307 silly audit   ajv: [ '8.6.3', '6.14.0' ],
307 silly audit   'json-schema-traverse': [ '1.0.0', '0.4.1' ],
307 silly audit   abbrev: [ '3.0.1' ],
307 silly audit   acorn: [ '8.16.0' ],
307 silly audit   'acorn-import-attributes': [ '1.9.5' ],
307 silly audit   'acorn-jsx': [ '5.3.2' ],
307 silly audit   'agent-base': [ '7.1.4' ],
307 silly audit   'ansi-styles': [ '4.3.0' ],
307 silly audit   'any-promise': [ '1.3.0' ],
307 silly audit   arg: [ '4.1.0' ],
307 silly audit   argparse: [ '2.0.1' ],
307 silly audit   'aria-query': [ '5.3.2' ],
307 silly audit   'array-buffer-byte-length': [ '1.0.2' ],
307 silly audit   'array-includes': [ '3.1.9' ],
307 silly audit   'array.prototype.findlast': [ '1.2.5' ],
307 silly audit   'array.prototype.findlastindex': [ '1.2.6' ],
307 silly audit   'array.prototype.flat': [ '1.3.3' ],
307 silly audit   'array.prototype.flatmap': [ '1.3.3' ],
307 silly audit   'array.prototype.tosorted': [ '1.1.4' ],
307 silly audit   'arraybuffer.prototype.slice': [ '1.0.4' ],
307 silly audit   'ast-types': [ '0.13.4' ],
307 silly audit   'ast-types-flow': [ '0.0.8' ],
307 silly audit   'async-function': [ '1.0.0' ],
307 silly audit   'async-retry': [ '1.3.3' ],
307 silly audit   'async-sema': [ '3.1.1' ],
307 silly audit   asynckit: [ '0.4.0' ],
307 silly audit   'available-typed-arrays': [ '1.0.7' ],
307 silly audit   'axe-core': [ '4.11.1' ],
307 silly audit   'axobject-query': [ '4.1.0' ],
307 silly audit   b4a: [ '1.8.0' ],
307 silly audit   'bare-events': [ '2.8.2' ],
307 silly audit   'baseline-browser-mapping': [ '2.10.11' ],
307 silly audit   'basic-ftp': [ '5.2.1' ],
307 silly audit   bcryptjs: [ '3.0.3' ],
307 silly audit   bindings: [ '1.5.0' ],
307 silly audit   braces: [ '3.0.3' ],
307 silly audit   browserslist: [ '4.28.1' ],
307 silly audit   'buffer-crc32': [ '0.2.13' ],
307 silly audit   'buffer-equal-constant-time': [ '1.0.1' ],
307 silly audit   bytes: [ '3.1.0' ],
307 silly audit   'call-bind': [ '1.0.8' ],
307 silly audit   'call-bind-apply-helpers': [ '1.0.2' ],
307 silly audit   'call-bound': [ '1.0.4' ],
307 silly audit   callsites: [ '3.1.0' ],
307 silly audit   'caniuse-lite': [ '1.0.30001781' ],
307 silly audit   chalk: [ '4.1.2' ],
307 silly audit   chokidar: [ '4.0.0' ],
307 silly audit   chownr: [ '3.0.0' ],
307 silly audit   'cjs-module-lexer': [ '1.2.3' ],
307 silly audit   'client-only': [ '0.0.1' ],
307 silly audit   'code-block-writer': [ '10.1.1' ],
307 silly audit   'color-convert': [ '2.0.1' ],
307 silly audit   'color-name': [ '1.1.4' ],
307 silly audit   'combined-stream': [ '1.0.8' ],
307 silly audit   'concat-map': [ '0.0.1' ],
307 silly audit   consola: [ '3.4.2' ],
307 silly audit   'content-type': [ '1.0.4' ],
307 silly audit   'convert-hrtime': [ '3.0.0' ],
307 silly audit   'convert-source-map': [ '2.0.0' ],
307 silly audit   cookie: [ '1.1.1' ],
307 silly audit   'cookie-es': [ '2.0.1' ],
307 silly audit   'cross-spawn': [ '7.0.6' ],
307 silly audit   csstype: [ '3.2.3' ],
307 silly audit   'damerau-levenshtein': [ '1.0.8' ],
307 silly audit   'data-uri-to-buffer': [ '6.0.2' ],
307 silly audit   'data-view-buffer': [ '1.0.2' ],
307 silly audit   'data-view-byte-length': [ '1.0.2' ],
307 silly audit   'data-view-byte-offset': [ '1.0.1' ],
307 silly audit   'deep-is': [ '0.1.4' ],
307 silly audit   'define-data-property': [ '1.1.4' ],
307 silly audit   'define-properties': [ '1.2.1' ],
307 silly audit   degenerator: [ '5.0.1' ],
307 silly audit   'delayed-stream': [ '1.0.0' ],
307 silly audit   depd: [ '1.1.2' ],
307 silly audit   'detect-libc': [ '2.1.2' ],
307 silly audit   doctrine: [ '2.1.0' ],
307 silly audit   'dunder-proto': [ '1.0.1' ],
307 silly audit   'ecdsa-sig-formatter': [ '1.0.11' ],
307 silly audit   'edge-runtime': [ '2.5.9' ],
307 silly audit   picocolors: [ '1.0.0', '1.1.1' ],
307 silly audit   'electron-to-chromium': [ '1.5.325' ],
307 silly audit   'emoji-regex': [ '9.2.2' ],
307 silly audit   'end-of-stream': [ '1.4.5', '1.1.0' ],
307 silly audit   'enhanced-resolve': [ '5.20.1' ],
307 silly audit   'es-abstract': [ '1.24.1' ],
307 silly audit   'es-define-property': [ '1.0.1' ],
307 silly audit   'es-errors': [ '1.3.0' ],
307 silly audit   'es-iterator-helpers': [ '1.3.1' ],
307 silly audit   'es-object-atoms': [ '1.1.1' ],
307 silly audit   'es-set-tostringtag': [ '2.1.0' ],
307 silly audit   'es-shim-unscopables': [ '1.1.0' ],
307 silly audit   'es-to-primitive': [ '1.3.0' ],
307 silly audit   esbuild: [ '0.27.0', '0.27.3' ],
307 silly audit   escalade: [ '3.2.0' ],
307 silly audit   'escape-string-regexp': [ '4.0.0' ],
307 silly audit   escodegen: [ '2.1.0' ],
307 silly audit   eslint: [ '9.39.4' ],
307 silly audit   'eslint-config-next': [ '16.2.1' ],
307 silly audit   globals: [ '16.4.0', '14.0.0' ],
307 silly audit   'eslint-import-resolver-node': [ '0.3.9' ],
307 silly audit   'eslint-import-resolver-typescript': [ '3.10.1' ],
307 silly audit   'eslint-module-utils': [ '2.12.1' ],
307 silly audit   'eslint-plugin-import': [ '2.32.0' ],
307 silly audit   'eslint-plugin-jsx-a11y': [ '6.10.2' ],
307 silly audit   'eslint-plugin-react': [ '7.37.5' ],
307 silly audit   'eslint-plugin-react-hooks': [ '7.0.1' ],
307 silly audit   resolve: [ '2.0.0-next.6', '1.22.11' ],
307 silly audit   'eslint-scope': [ '8.4.0' ],
307 silly audit   espree: [ '10.4.0' ],
307 silly audit   esprima: [ '4.0.1' ],
307 silly audit   esquery: [ '1.7.0' ],
307 silly audit   esrecurse: [ '4.3.0' ],
307 silly audit   estraverse: [ '5.3.0' ],
307 silly audit   'estree-walker': [ '2.0.2' ],
307 silly audit   esutils: [ '2.0.3' ],
307 silly audit   etag: [ '1.8.1' ],
307 silly audit   'events-intercept': [ '2.0.0' ],
307 silly audit   'events-universal': [ '1.0.1' ],
307 silly audit   'fast-deep-equal': [ '3.1.3' ],
307 silly audit   'fast-fifo': [ '1.3.2' ],
307 silly audit   'fast-glob': [ '3.3.1' ],
307 silly audit   'glob-parent': [ '5.1.2', '6.0.2' ],
307 silly audit   'fast-json-stable-stringify': [ '2.1.0' ],
307 silly audit   'fast-levenshtein': [ '2.0.6' ],
307 silly audit   'fast-sha256': [ '1.3.0' ],
307 silly audit   fastq: [ '1.20.1' ],
307 silly audit   'fd-slicer': [ '1.1.0' ],
307 silly audit   'file-entry-cache': [ '8.0.0' ],
307 silly audit   'file-uri-to-path': [ '1.0.0' ],
307 silly audit   'fill-range': [ '7.1.1' ],
307 silly audit   'find-up': [ '5.0.0' ],
307 silly audit   'flat-cache': [ '4.0.1' ],
307 silly audit   flatted: [ '3.4.2' ],
307 silly audit   'for-each': [ '0.3.5' ],
307 silly audit   'form-data': [ '4.0.5' ],
307 silly audit   fsevents: [ '2.3.3' ],
307 silly audit   'function-bind': [ '1.1.2' ],
307 silly audit   'function.prototype.name': [ '1.1.8' ],
307 silly audit   'functions-have-names': [ '1.2.3' ],
307 silly audit   'generator-function': [ '2.0.1' ],
307 silly audit   'generic-pool': [ '3.4.2' ],
307 silly audit   gensync: [ '1.0.0-beta.2' ],
307 silly audit   'get-intrinsic': [ '1.3.0' ],
307 silly audit   'get-proto': [ '1.0.1' ],
307 silly audit   'get-symbol-description': [ '1.1.0' ],
307 silly audit   'get-tsconfig': [ '4.13.7' ],
307 silly audit   'get-uri': [ '6.0.5' ],
307 silly audit   glob: [ '13.0.6' ],
307 silly audit   globalthis: [ '1.0.4' ],
307 silly audit   gopd: [ '1.2.0' ],
307 silly audit   'graceful-fs': [ '4.2.11' ],
307 silly audit   'has-bigints': [ '1.1.0' ],
307 silly audit   'has-flag': [ '4.0.0' ],
307 silly audit   'has-property-descriptors': [ '1.0.2' ],
307 silly audit   'has-proto': [ '1.2.0' ],
307 silly audit   'has-symbols': [ '1.1.0' ],
307 silly audit   'has-tostringtag': [ '1.0.2' ],
307 silly audit   hasown: [ '2.0.2' ],
307 silly audit   'hermes-estree': [ '0.25.1' ],
307 silly audit   'hermes-parser': [ '0.25.1' ],
307 silly audit   'http-errors': [ '1.7.3' ],
307 silly audit   'http-proxy-agent': [ '7.0.2' ],
307 silly audit   'https-proxy-agent': [ '7.0.6' ],
307 silly audit   'iconv-lite': [ '0.4.24' ],
307 silly audit   'import-fresh': [ '3.3.1' ],
307 silly audit   imurmurhash: [ '0.1.4' ],
307 silly audit   inherits: [ '2.0.4' ],
307 silly audit   'internal-slot': [ '1.1.0' ],
307 silly audit   'ip-address': [ '10.1.0' ],
307 silly audit   'is-array-buffer': [ '3.0.5' ],
307 silly audit   'is-async-function': [ '2.1.1' ],
307 silly audit   'is-bigint': [ '1.1.0' ],
307 silly audit   'is-boolean-object': [ '1.2.2' ],
307 silly audit   'is-buffer': [ '2.0.5' ],
307 silly audit   'is-bun-module': [ '2.0.0' ],
307 silly audit   'is-callable': [ '1.2.7' ],
307 silly audit   'is-core-module': [ '2.16.1' ],
307 silly audit   'is-data-view': [ '1.0.2' ],
307 silly audit   'is-date-object': [ '1.1.0' ],
307 silly audit   'is-extglob': [ '2.1.1' ],
307 silly audit   'is-finalizationregistry': [ '1.1.1' ],
307 silly audit   'is-generator-function': [ '1.1.2' ],
307 silly audit   'is-glob': [ '4.0.3' ],
307 silly audit   'is-map': [ '2.0.3' ],
307 silly audit   'is-negative-zero': [ '2.0.3' ],
307 silly audit   'is-node-process': [ '1.2.0' ],
307 silly audit   'is-number': [ '7.0.0' ],
307 silly audit   'is-number-object': [ '1.1.1' ],
307 silly audit   'is-regex': [ '1.2.1' ],
307 silly audit   'is-set': [ '2.0.3' ],
307 silly audit   'is-shared-array-buffer': [ '1.0.4' ],
307 silly audit   'is-stream': [ '2.0.1' ],
307 silly audit   'is-string': [ '1.1.1' ],
307 silly audit   'is-symbol': [ '1.1.1' ],
307 silly audit   'is-typed-array': [ '1.1.15' ],
307 silly audit   'is-weakmap': [ '2.0.2' ],
307 silly audit   'is-weakref': [ '1.1.1' ],
307 silly audit   'is-weakset': [ '2.0.4' ],
307 silly audit   isarray: [ '2.0.5' ],
307 silly audit   isexe: [ '2.0.0' ],
307 silly audit   'iterator.prototype': [ '1.1.5' ],
307 silly audit   jiti: [ '2.6.1' ],
307 silly audit   'js-tokens': [ '4.0.0' ],
307 silly audit   'js-yaml': [ '4.1.1' ],
307 silly audit   jsesc: [ '3.1.0' ],
307 silly audit   'json-buffer': [ '3.0.1' ],
307 silly audit   'json-schema-to-ts': [ '1.6.4' ],
307 silly audit   'json-stable-stringify-without-jsonify': [ '1.0.1' ],
307 silly audit   json5: [ '2.2.3', '1.0.2' ],
307 silly audit   jsonfile: [ '6.2.0' ],
307 silly audit   jsonlines: [ '0.1.1' ],
307 silly audit   jsonwebtoken: [ '9.0.3' ],
307 silly audit   'jsx-ast-utils': [ '3.3.5' ],
307 silly audit   jwa: [ '2.0.1' ],
307 silly audit   jws: [ '4.0.1' ],
307 silly audit   keyv: [ '4.5.4' ],
307 silly audit   'language-subtag-registry': [ '0.3.23' ],
307 silly audit   'language-tags': [ '1.0.9' ],
307 silly audit   levn: [ '0.4.1' ],
307 silly audit   lightningcss: [ '1.32.0' ],
307 silly audit   'lightningcss-android-arm64': [ '1.32.0' ],
307 silly audit   'lightningcss-darwin-arm64': [ '1.32.0' ],
307 silly audit   'lightningcss-darwin-x64': [ '1.32.0' ],
307 silly audit   'lightningcss-freebsd-x64': [ '1.32.0' ],
307 silly audit   'lightningcss-linux-arm-gnueabihf': [ '1.32.0' ],
307 silly audit   'lightningcss-linux-arm64-gnu': [ '1.32.0' ],
307 silly audit   'lightningcss-linux-arm64-musl': [ '1.32.0' ],
307 silly audit   'lightningcss-linux-x64-gnu': [ '1.32.0' ],
307 silly audit   'lightningcss-linux-x64-musl': [ '1.32.0' ],
307 silly audit   'lightningcss-win32-arm64-msvc': [ '1.32.0' ],
307 silly audit   'lightningcss-win32-x64-msvc': [ '1.32.0' ],
307 silly audit   'locate-path': [ '6.0.0' ],
307 silly audit   'lodash.includes': [ '4.3.0' ],
307 silly audit   'lodash.isboolean': [ '3.0.3' ],
307 silly audit   'lodash.isinteger': [ '4.0.4' ],
307 silly audit   'lodash.isnumber': [ '3.0.3' ],
307 silly audit   'lodash.isplainobject': [ '4.0.6' ],
307 silly audit   'lodash.isstring': [ '4.0.1' ],
307 silly audit   'lodash.merge': [ '4.6.2' ],
307 silly audit   'lodash.once': [ '4.1.1' ],
307 silly audit   'loose-envify': [ '1.4.0' ],
307 silly audit   'lucide-react': [ '1.7.0' ],
307 silly audit   luxon: [ '3.7.2' ],
307 silly audit   'magic-string': [ '0.30.21' ],
307 silly audit   'math-intrinsics': [ '1.1.0' ],
307 silly audit   'merge-stream': [ '2.0.0' ],
307 silly audit   merge2: [ '1.4.1' ],
307 silly audit   micro: [ '9.3.5-canary.3' ],
307 silly audit   micromatch: [ '4.0.8' ],
307 silly audit   'mime-db': [ '1.52.0' ],
307 silly audit   'mime-types': [ '2.1.35' ],
307 silly audit   'mimic-fn': [ '2.1.0' ],
307 silly audit   minimist: [ '1.2.8' ],
307 silly audit   minipass: [ '7.1.3' ],
307 silly audit   minizlib: [ '3.1.0' ],
307 silly audit   mkdirp: [ '1.0.4' ],
307 silly audit   mri: [ '1.2.0' ],
307 silly audit   nanoid: [ '3.3.11' ],
307 silly audit   'napi-postinstall': [ '0.3.4' ],
307 silly audit   'natural-compare': [ '1.4.0' ],
307 silly audit   netmask: [ '2.1.1' ],
307 silly audit   next: [ '16.2.1' ],
307 silly audit   postcss: [ '8.4.31', '8.5.8' ],
307 silly audit   'node-exports-info': [ '1.6.0' ],
307 silly audit   'node-gyp-build': [ '4.8.4' ],
307 silly audit   'node-releases': [ '2.0.36' ],
307 silly audit   nopt: [ '8.1.0' ],
307 silly audit   'npm-run-path': [ '4.0.1' ],
307 silly audit   oauth4webapi: [ '3.8.5' ],
307 silly audit   'object-assign': [ '4.1.1' ],
307 silly audit   'object-inspect': [ '1.13.4' ],
307 silly audit   'object-keys': [ '1.1.1' ],
307 silly audit   'object.assign': [ '4.1.7' ],
307 silly audit   'object.entries': [ '1.1.9' ],
307 silly audit   'object.fromentries': [ '2.0.8' ],
307 silly audit   'object.groupby': [ '1.0.3' ],
307 silly audit   'object.values': [ '1.2.1' ],
307 silly audit   once: [ '1.4.0', '1.3.3' ],
307 silly audit   onetime: [ '5.1.2' ],
307 silly audit   optionator: [ '0.9.4' ],
307 silly audit   'os-paths': [ '4.4.0' ],
307 silly audit   'own-keys': [ '1.0.1' ],
307 silly audit   'oxc-transform': [ '0.111.0' ],
307 silly audit   'p-finally': [ '2.0.1' ],
307 silly audit   'p-limit': [ '3.1.0' ],
307 silly audit   'p-locate': [ '5.0.0' ],
307 silly audit   'pac-proxy-agent': [ '7.2.0' ],
307 silly audit   'pac-resolver': [ '7.0.1' ],
307 silly audit   'parent-module': [ '1.0.1' ],
307 silly audit   'parse-ms': [ '2.1.0' ],
307 silly audit   'path-browserify': [ '1.0.1' ],
307 silly audit   'path-exists': [ '4.0.0' ],
307 silly audit   'path-key': [ '3.1.1' ],
307 silly audit   'path-parse': [ '1.0.7' ],
307 silly audit   'path-scurry': [ '2.0.2' ],
307 silly audit   pend: [ '1.2.0' ],
307 silly audit   'possible-typed-array-names': [ '1.1.0' ],
307 silly audit   'postal-mime': [ '2.7.4' ],
307 silly audit   preact: [ '10.24.3' ],
307 silly audit   'preact-render-to-string': [ '6.5.11' ],
307 silly audit   'prelude-ls': [ '1.2.1' ],
307 silly audit   'pretty-ms': [ '7.0.1' ],
307 silly audit   prisma: [ '5.22.0' ],
307 silly audit   promisepipe: [ '3.0.0' ],
307 silly audit   'prop-types': [ '15.8.1' ],
307 silly audit   'proxy-agent': [ '6.4.0' ],
307 silly audit   'proxy-from-env': [ '1.1.0' ],
307 silly audit   pump: [ '3.0.4' ],
307 silly audit   punycode: [ '2.3.1' ],
307 silly audit   'queue-microtask': [ '1.2.3' ],
307 silly audit   'raw-body': [ '2.4.1' ],
307 silly audit   react: [ '19.2.4' ],
307 silly audit   'react-dom': [ '19.2.4' ],
307 silly audit   'react-is': [ '16.13.1' ],
307 silly audit   readdirp: [ '4.1.2' ],
307 silly audit   'reflect.getprototypeof': [ '1.0.10' ],
307 silly audit   'regexp.prototype.flags': [ '1.5.4' ],
307 silly audit   'require-from-string': [ '2.0.2' ],
307 silly audit   resend: [ '6.10.0' ],
307 silly audit   'resolve-pkg-maps': [ '1.0.0' ],
307 silly audit   'resolve.exports': [ '2.0.3' ],
307 silly audit   retry: [ '0.13.1' ],
307 silly audit   reusify: [ '1.1.0' ],
307 silly audit   rolldown: [ '1.0.0-rc.1' ],
307 silly audit   'run-parallel': [ '1.2.0' ],
307 silly audit   'safe-array-concat': [ '1.1.3' ],
307 silly audit   'safe-buffer': [ '5.2.1' ],
307 silly audit   'safe-push-apply': [ '1.0.0' ],
307 silly audit   'safe-regex-test': [ '1.1.0' ],
307 silly audit   'safer-buffer': [ '2.1.2' ],
307 silly audit   sandbox: [ '2.5.6' ],
307 silly audit   scheduler: [ '0.27.0' ],
307 silly audit   'set-function-length': [ '1.2.2' ],
307 silly audit   'set-function-name': [ '2.0.2' ],
307 silly audit   'set-proto': [ '1.0.0' ],
307 silly audit   setprototypeof: [ '1.1.1' ],
307 silly audit   sharp: [ '0.34.5' ],
307 silly audit   'shebang-command': [ '2.0.0' ],
307 silly audit   'shebang-regex': [ '3.0.0' ],
307 silly audit   'side-channel': [ '1.1.0' ],
307 silly audit   'side-channel-list': [ '1.0.0' ],
307 silly audit   'side-channel-map': [ '1.0.1' ],
307 silly audit   'side-channel-weakmap': [ '1.0.2' ],
307 silly audit   'smart-buffer': [ '4.2.0' ],
307 silly audit   'smol-toml': [ '1.5.2' ],
307 silly audit   socks: [ '2.8.7' ],
307 silly audit   'socks-proxy-agent': [ '8.0.5' ],
307 silly audit   'source-map': [ '0.6.1' ],
307 silly audit   'source-map-js': [ '1.2.1' ],
307 silly audit   srvx: [ '0.8.9' ],
307 silly audit   'stable-hash': [ '0.0.5' ],
307 silly audit   standardwebhooks: [ '1.0.0' ],
307 silly audit   'stat-mode': [ '0.3.0' ],
307 silly audit   statuses: [ '1.5.0' ],
307 silly audit   'stop-iteration-iterator': [ '1.1.0' ],
307 silly audit   'stream-to-array': [ '2.3.0' ],
307 silly audit   'stream-to-promise': [ '2.2.0' ],
307 silly audit   streamx: [ '2.25.0' ],
307 silly audit   'string.prototype.includes': [ '2.0.1' ],
307 silly audit   'string.prototype.matchall': [ '4.0.12' ],
307 silly audit   'string.prototype.repeat': [ '1.0.0' ],
307 silly audit   'string.prototype.trim': [ '1.2.10' ],
307 silly audit   'string.prototype.trimend': [ '1.0.9' ],
307 silly audit   'string.prototype.trimstart': [ '1.0.8' ],
307 silly audit   'strip-bom': [ '3.0.0' ],
307 silly audit   'strip-final-newline': [ '2.0.0' ],
307 silly audit   'strip-json-comments': [ '3.1.1' ],
307 silly audit   stripe: [ '22.0.1' ],
307 silly audit   'styled-jsx': [ '5.1.6' ],
307 silly audit   'supports-color': [ '7.2.0', '10.2.2' ],
307 silly audit   'supports-preserve-symlinks-flag': [ '1.0.0' ],
307 silly audit   svix: [ '1.88.0' ],
307 silly audit   tailwindcss: [ '4.2.2' ],
307 silly audit   tapable: [ '2.3.2' ],
307 silly audit   tar: [ '7.5.7' ],
307 silly audit   'tar-stream': [ '3.1.7' ],
307 silly audit   'text-decoder': [ '1.2.7' ],
307 silly audit   throttleit: [ '2.1.0' ],
307 silly audit   'time-span': [ '4.0.0' ],
307 silly audit   tinyexec: [ '0.3.2' ],
307 silly audit   tinyglobby: [ '0.2.15' ],
307 silly audit   fdir: [ '6.5.0' ],
307 silly audit   'to-regex-range': [ '5.0.1' ],
307 silly audit   toidentifier: [ '1.0.0' ],
307 silly audit   tr46: [ '0.0.3' ],
307 silly audit   'tree-kill': [ '1.2.2' ],
307 silly audit   'ts-api-utils': [ '2.5.0' ],
307 silly audit   'ts-morph': [ '12.0.0' ],
307 silly audit   'ts-toolbelt': [ '6.15.5' ],
307 silly audit   'tsconfig-paths': [ '3.15.0' ],
307 silly audit   tslib: [ '2.8.1' ],
307 silly audit   tsx: [ '4.21.0' ],
307 silly audit   'type-check': [ '0.4.0' ],
307 silly audit   'typed-array-buffer': [ '1.0.3' ],
307 silly audit   'typed-array-byte-length': [ '1.0.3' ],
307 silly audit   'typed-array-byte-offset': [ '1.0.4' ],
307 silly audit   'typed-array-length': [ '1.0.7' ],
307 silly audit   typescript: [ '5.9.3' ],
307 silly audit   'typescript-eslint': [ '8.57.2' ],
307 silly audit   'uid-promise': [ '1.0.0' ],
307 silly audit   'unbox-primitive': [ '1.1.0' ],
307 silly audit   universalify: [ '2.0.1' ],
307 silly audit   unpipe: [ '1.0.0' ],
307 silly audit   'unrs-resolver': [ '1.11.1' ],
307 silly audit   'update-browserslist-db': [ '1.2.3' ],
307 silly audit   'uri-js': [ '4.4.1' ],
307 silly audit   uuid: [ '10.0.0' ],
307 silly audit   vercel: [ '50.42.0' ],
307 silly audit   'web-vitals': [ '0.2.4' ],
307 silly audit   'webidl-conversions': [ '3.0.1' ],
307 silly audit   'whatwg-url': [ '5.0.0' ],
307 silly audit   which: [ '2.0.2' ],
307 silly audit   'which-boxed-primitive': [ '1.1.1' ],
307 silly audit   'which-builtin-type': [ '1.2.1' ],
307 silly audit   'which-collection': [ '1.0.2' ],
307 silly audit   'which-typed-array': [ '1.1.20' ],
307 silly audit   'word-wrap': [ '1.2.5' ],
307 silly audit   wrappy: [ '1.0.2' ],
307 silly audit   'xdg-app-paths': [ '5.1.0' ],
307 silly audit   'xdg-portable': [ '7.3.0' ],
307 silly audit   yauzl: [ '2.10.0' ],
307 silly audit   'yauzl-clone': [ '1.0.4' ],
307 silly audit   'yauzl-promise': [ '2.1.3' ],
307 silly audit   'yocto-queue': [ '0.1.0' ],
307 silly audit   'zod-validation-error': [ '4.0.2' ],
307 silly audit   wrangler: [ '4.81.1' ],
307 silly audit   '@cloudflare/kv-asset-handler': [ '0.4.2' ],
307 silly audit   '@cloudflare/unenv-preset': [ '2.16.0' ],
307 silly audit   unenv: [ '2.0.0-rc.24' ],
307 silly audit   'blake3-wasm': [ '2.1.5' ],
307 silly audit   miniflare: [ '4.20260409.0' ],
307 silly audit   workerd: [ '1.20260409.1' ],
307 silly audit   '@cspotcode/source-map-support': [ '0.8.1' ],
307 silly audit   ws: [ '8.18.0' ],
307 silly audit   youch: [ '4.1.0-beta.10' ],
307 silly audit   pathe: [ '2.0.3' ],
307 silly audit   '@cloudflare/workerd-darwin-64': [ '1.20260409.1' ],
307 silly audit   '@cloudflare/workerd-darwin-arm64': [ '1.20260409.1' ],
307 silly audit   '@cloudflare/workerd-linux-64': [ '1.20260409.1' ],
307 silly audit   '@cloudflare/workerd-linux-arm64': [ '1.20260409.1' ],
307 silly audit   '@cloudflare/workerd-windows-64': [ '1.20260409.1' ],
307 silly audit   '@poppinss/colors': [ '4.1.6' ],
307 silly audit   '@poppinss/dumper': [ '0.6.5' ],
307 silly audit   '@speed-highlight/core': [ '1.2.15' ],
307 silly audit   'youch-core': [ '0.3.3' ],
307 silly audit   kleur: [ '4.1.5' ],
307 silly audit   '@sindresorhus/is': [ '7.2.0' ],
307 silly audit   '@poppinss/exception': [ '1.2.3' ],
307 silly audit   'error-stack-parser-es': [ '1.0.5' ]
307 silly audit }
308 http cache error-stack-parser-es@https://registry.npmjs.org/error-stack-parser-es/-/error-stack-parser-es-1.0.5.tgz 0ms (cache hit)
309 http cache kleur@https://registry.npmjs.org/kleur/-/kleur-4.1.5.tgz 0ms (cache hit)
310 http cache youch-core@https://registry.npmjs.org/youch-core/-/youch-core-0.3.3.tgz 0ms (cache hit)
311 http cache @poppinss/dumper@https://registry.npmjs.org/@poppinss/dumper/-/dumper-0.6.5.tgz 0ms (cache hit)
312 http cache @poppinss/colors@https://registry.npmjs.org/@poppinss/colors/-/colors-4.1.6.tgz 0ms (cache hit)
313 http cache @speed-highlight/core@https://registry.npmjs.org/@speed-highlight/core/-/core-1.2.15.tgz 0ms (cache hit)
314 http cache pathe@https://registry.npmjs.org/pathe/-/pathe-2.0.3.tgz 0ms (cache hit)
315 http cache youch@https://registry.npmjs.org/youch/-/youch-4.1.0-beta.10.tgz 0ms (cache hit)
316 http cache ws@https://registry.npmjs.org/ws/-/ws-8.18.0.tgz 0ms (cache hit)
317 http cache @sindresorhus/is@https://registry.npmjs.org/@sindresorhus/is/-/is-7.2.0.tgz 0ms (cache hit)
318 http cache @poppinss/exception@https://registry.npmjs.org/@poppinss/exception/-/exception-1.2.3.tgz 0ms (cache hit)
319 http cache @cloudflare/workerd-darwin-arm64@https://registry.npmjs.org/@cloudflare/workerd-darwin-arm64/-/workerd-darwin-arm64-1.20260409.1.tgz 0ms (cache hit)
320 http cache @cspotcode/source-map-support@https://registry.npmjs.org/@cspotcode/source-map-support/-/source-map-support-0.8.1.tgz 0ms (cache hit)
321 http cache workerd@https://registry.npmjs.org/workerd/-/workerd-1.20260409.1.tgz 0ms (cache hit)
322 http cache miniflare@https://registry.npmjs.org/miniflare/-/miniflare-4.20260409.0.tgz 0ms (cache hit)
323 http cache blake3-wasm@https://registry.npmjs.org/blake3-wasm/-/blake3-wasm-2.1.5.tgz 0ms (cache hit)
324 http cache unenv@https://registry.npmjs.org/unenv/-/unenv-2.0.0-rc.24.tgz 0ms (cache hit)
325 http cache @cloudflare/kv-asset-handler@https://registry.npmjs.org/@cloudflare/kv-asset-handler/-/kv-asset-handler-0.4.2.tgz 0ms (cache hit)
326 http cache wrangler@https://registry.npmjs.org/wrangler/-/wrangler-4.81.1.tgz 0ms (cache hit)
327 http cache supports-color@https://registry.npmjs.org/supports-color/-/supports-color-10.2.2.tgz 0ms (cache hit)
328 http cache @cloudflare/unenv-preset@https://registry.npmjs.org/@cloudflare/unenv-preset/-/unenv-preset-2.16.0.tgz 0ms (cache hit)
329 http cache @jridgewell/trace-mapping@https://registry.npmjs.org/@jridgewell/trace-mapping/-/trace-mapping-0.3.9.tgz 0ms (cache hit)
330 http cache undici@https://registry.npmjs.org/undici/-/undici-7.24.4.tgz 0ms (cache hit)
331 http cache path-to-regexp@https://registry.npmjs.org/path-to-regexp/-/path-to-regexp-6.3.0.tgz 0ms (cache hit)
332 http cache esbuild@https://registry.npmjs.org/esbuild/-/esbuild-0.27.3.tgz 0ms (cache hit)
333 http cache @esbuild/darwin-arm64@https://registry.npmjs.org/@esbuild/darwin-arm64/-/darwin-arm64-0.27.3.tgz 0ms (cache hit)
334 info run workerd@1.20260409.1 postinstall node_modules/workerd node install.js
335 info run esbuild@0.27.3 postinstall node_modules/wrangler/node_modules/esbuild node install.js
336 http fetch POST 200 https://registry.npmjs.org/-/npm/v1/security/advisories/bulk 438ms
337 silly audit report {
337 silly audit report   '@tootallnate/once': [
337 silly audit report     {
337 silly audit report       id: 1113977,
337 silly audit report       url: 'https://github.com/advisories/GHSA-vpq2-c234-7xj6',
337 silly audit report       title: '@tootallnate/once vulnerable to Incorrect Control Flow Scoping',
337 silly audit report       severity: 'low',
337 silly audit report       vulnerable_versions: '<3.0.1',
337 silly audit report       cwe: [Array],
337 silly audit report       cvss: [Object]
337 silly audit report     }
337 silly audit report   ],
337 silly audit report   'brace-expansion': [
337 silly audit report     {
337 silly audit report       id: 1115540,
337 silly audit report       url: 'https://github.com/advisories/GHSA-f886-m6hf-6m8v',
337 silly audit report       title: 'brace-expansion: Zero-step sequence causes process hang and memory exhaustion',
337 silly audit report       severity: 'moderate',
337 silly audit report       vulnerable_versions: '<1.1.13',
337 silly audit report       cwe: [Array],
337 silly audit report       cvss: [Object]
337 silly audit report     }
337 silly audit report   ],
337 silly audit report   minimatch: [
337 silly audit report     {
337 silly audit report       id: 1113466,
337 silly audit report       url: 'https://github.com/advisories/GHSA-3ppc-4f35-3m26',
337 silly audit report       title: 'minimatch has a ReDoS via repeated wildcards with non-matching literal in pattern',
337 silly audit report       severity: 'high',
337 silly audit report       vulnerable_versions: '>=10.0.0 <10.2.1',
337 silly audit report       cwe: [Array],
337 silly audit report       cvss: [Object]
337 silly audit report     },
337 silly audit report     {
337 silly audit report       id: 1113545,
337 silly audit report       url: 'https://github.com/advisories/GHSA-7r86-cg39-jmmj',
337 silly audit report       title: 'minimatch has ReDoS: matchOne() combinatorial backtracking via multiple non-adjacent GLOBSTAR segments',
337 silly audit report       severity: 'high',
337 silly audit report       vulnerable_versions: '>=10.0.0 <10.2.3',
337 silly audit report       cwe: [Array],
337 silly audit report       cvss: [Object]
337 silly audit report     },
337 silly audit report     {
337 silly audit report       id: 1113553,
337 silly audit report       url: 'https://github.com/advisories/GHSA-23c5-xmqv-rm74',
337 silly audit report       title: 'minimatch ReDoS: nested *() extglobs generate catastrophically backtracking regular expressions',
337 silly audit report       severity: 'high',
337 silly audit report       vulnerable_versions: '>=10.0.0 <10.2.3',
337 silly audit report       cwe: [Array],
337 silly audit report       cvss: [Object]
337 silly audit report     }
337 silly audit report   ],
337 silly audit report   'path-to-regexp': [
337 silly audit report     {
337 silly audit report       id: 1101846,
337 silly audit report       url: 'https://github.com/advisories/GHSA-9wv6-86v2-598j',
337 silly audit report       title: 'path-to-regexp outputs backtracking regular expressions',
337 silly audit report       severity: 'high',
337 silly audit report       vulnerable_versions: '>=4.0.0 <6.3.0',
337 silly audit report       cwe: [Array],
337 silly audit report       cvss: [Object]
337 silly audit report     },
337 silly audit report     {
337 silly audit report       id: 1115573,
337 silly audit report       url: 'https://github.com/advisories/GHSA-j3q9-mxjg-w52f',
337 silly audit report       title: 'path-to-regexp vulnerable to Denial of Service via sequential optional groups',
337 silly audit report       severity: 'high',
337 silly audit report       vulnerable_versions: '>=8.0.0 <8.4.0',
337 silly audit report       cwe: [Array],
337 silly audit report       cvss: [Object]
337 silly audit report     },
337 silly audit report     {
337 silly audit report       id: 1115582,
337 silly audit report       url: 'https://github.com/advisories/GHSA-27v5-c462-wpq7',
337 silly audit report       title: 'path-to-regexp vulnerable to Regular Expression Denial of Service via multiple wildcards',
337 silly audit report       severity: 'moderate',
337 silly audit report       vulnerable_versions: '>=8.0.0 <8.4.0',
337 silly audit report       cwe: [Array],
337 silly audit report       cvss: [Object]
337 silly audit report     }
337 silly audit report   ],
337 silly audit report   undici: [
337 silly audit report     {
337 silly audit report       id: 1101610,
337 silly audit report       url: 'https://github.com/advisories/GHSA-c76h-2ccp-4975',
337 silly audit report       title: 'Use of Insufficiently Random Values in undici',
337 silly audit report       severity: 'moderate',
337 silly audit report       vulnerable_versions: '>=4.5.0 <5.28.5',
337 silly audit report       cwe: [Array],
337 silly audit report       cvss: [Object]
337 silly audit report     },
337 silly audit report     {
337 silly audit report       id: 1112496,
337 silly audit report       url: 'https://github.com/advisories/GHSA-g9mf-h72j-4rw9',
337 silly audit report       title: 'Undici has an unbounded decompression chain in HTTP responses on Node.js Fetch API via Content-Encoding leads to resource exhaustion',
337 silly audit report       severity: 'moderate',
337 silly audit report       vulnerable_versions: '<6.23.0',
337 silly audit report       cwe: [Array],
337 silly audit report       cvss: [Object]
337 silly audit report     },
337 silly audit report     {
337 silly audit report       id: 1113069,
337 silly audit report       url: 'https://github.com/advisories/GHSA-cxrh-j4jr-qwg3',
337 silly audit report       title: 'undici Denial of Service attack via bad certificate data',
337 silly audit report       severity: 'low',
337 silly audit report       vulnerable_versions: '<5.29.0',
337 silly audit report       cwe: [Array],
337 silly audit report       cvss: [Object]
337 silly audit report     },
337 silly audit report     {
337 silly audit report       id: 1114594,
337 silly audit report       url: 'https://github.com/advisories/GHSA-2mjp-6q6p-2qxm',
337 silly audit report       title: 'Undici has an HTTP Request/Response Smuggling issue',
337 silly audit report       severity: 'moderate',
337 silly audit report       vulnerable_versions: '<6.24.0',
337 silly audit report       cwe: [Array],
337 silly audit report       cvss: [Object]
337 silly audit report     },
337 silly audit report     {
337 silly audit report       id: 1114638,
337 silly audit report       url: 'https://github.com/advisories/GHSA-vrm6-8vpv-qv8q',
337 silly audit report       title: 'Undici has Unbounded Memory Consumption in WebSocket permessage-deflate Decompression',
337 silly audit report       severity: 'high',
337 silly audit report       vulnerable_versions: '<6.24.0',
337 silly audit report       cwe: [Array],
337 silly audit report       cvss: [Object]
337 silly audit report     },
337 silly audit report     {
337 silly audit report       id: 1114640,
337 silly audit report       url: 'https://github.com/advisories/GHSA-v9p9-hfj2-hcw8',
337 silly audit report       title: 'Undici has Unhandled Exception in WebSocket Client Due to Invalid server_max_window_bits Validation',
337 silly audit report       severity: 'high',
337 silly audit report       vulnerable_versions: '<6.24.0',
337 silly audit report       cwe: [Array],
337 silly audit report       cvss: [Object]
337 silly audit report     },
337 silly audit report     {
337 silly audit report       id: 1114642,
337 silly audit report       url: 'https://github.com/advisories/GHSA-4992-7rv2-5pvq',
337 silly audit report       title: 'Undici has CRLF Injection in undici via `upgrade` option',
337 silly audit report       severity: 'moderate',
337 silly audit report       vulnerable_versions: '<6.24.0',
337 silly audit report       cwe: [Array],
337 silly audit report       cvss: [Object]
337 silly audit report     }
337 silly audit report   ],
337 silly audit report   ajv: [
337 silly audit report     {
337 silly audit report       id: 1113715,
337 silly audit report       url: 'https://github.com/advisories/GHSA-2g4f-4pwh-qvx6',
337 silly audit report       title: 'ajv has ReDoS when using `$data` option',
337 silly audit report       severity: 'moderate',
337 silly audit report       vulnerable_versions: '>=7.0.0-alpha.0 <8.18.0',
337 silly audit report       cwe: [Array],
337 silly audit report       cvss: [Object]
337 silly audit report     }
337 silly audit report   ],
337 silly audit report   next: [
337 silly audit report     {
337 silly audit report       id: 1116375,
337 silly audit report       url: 'https://github.com/advisories/GHSA-q4gf-8mx6-v5v3',
337 silly audit report       title: 'Next.js has a Denial of Service with Server Components',
337 silly audit report       severity: 'high',
337 silly audit report       vulnerable_versions: '>=16.0.0-beta.0 <16.2.3',
337 silly audit report       cwe: [Array],
337 silly audit report       cvss: [Object]
337 silly audit report     }
337 silly audit report   ],
337 silly audit report   'smol-toml': [
337 silly audit report     {
337 silly audit report       id: 1115393,
337 silly audit report       url: 'https://github.com/advisories/GHSA-v3rj-xjv7-4jmq',
337 silly audit report       title: 'smol-toml: Denial of Service via TOML documents containing thousands of consecutive commented lines',
337 silly audit report       severity: 'moderate',
337 silly audit report       vulnerable_versions: '<1.6.1',
337 silly audit report       cwe: [Array],
337 silly audit report       cvss: [Object]
337 silly audit report     }
337 silly audit report   ],
337 silly audit report   srvx: [
337 silly audit report     {
337 silly audit report       id: 1115537,
337 silly audit report       url: 'https://github.com/advisories/GHSA-p36q-q72m-gchr',
337 silly audit report       title: 'srvx is vulnerable to middleware bypass via absolute URI in request line ',
337 silly audit report       severity: 'moderate',
337 silly audit report       vulnerable_versions: '<0.11.13',
337 silly audit report       cwe: [Array],
337 silly audit report       cvss: [Object]
337 silly audit report     }
337 silly audit report   ],
337 silly audit report   tar: [
337 silly audit report     {
337 silly audit report       id: 1113375,
337 silly audit report       url: 'https://github.com/advisories/GHSA-83g3-92jg-28cx',
337 silly audit report       title: 'Arbitrary File Read/Write via Hardlink Target Escape Through Symlink Chain in node-tar Extraction',
337 silly audit report       severity: 'high',
337 silly audit report       vulnerable_versions: '<7.5.8',
337 silly audit report       cwe: [Array],
337 silly audit report       cvss: [Object]
337 silly audit report     },
337 silly audit report     {
337 silly audit report       id: 1114200,
337 silly audit report       url: 'https://github.com/advisories/GHSA-qffp-2rhf-9h96',
337 silly audit report       title: 'tar has Hardlink Path Traversal via Drive-Relative Linkpath',
337 silly audit report       severity: 'high',
337 silly audit report       vulnerable_versions: '<=7.5.9',
337 silly audit report       cwe: [Array],
337 silly audit report       cvss: [Object]
337 silly audit report     },
337 silly audit report     {
337 silly audit report       id: 1114302,
337 silly audit report       url: 'https://github.com/advisories/GHSA-9ppj-qmqm-q256',
337 silly audit report       title: 'node-tar Symlink Path Traversal via Drive-Relative Linkpath',
337 silly audit report       severity: 'high',
337 silly audit report       vulnerable_versions: '<=7.5.10',
337 silly audit report       cwe: [Array],
337 silly audit report       cvss: [Object]
337 silly audit report     }
337 silly audit report   ]
337 silly audit report }
338 silly packumentCache corgi:https://registry.npmjs.org/@tootallnate%2fonce cache-miss
339 silly packumentCache corgi:https://registry.npmjs.org/brace-expansion cache-miss
340 silly packumentCache corgi:https://registry.npmjs.org/minimatch cache-miss
341 silly packumentCache corgi:https://registry.npmjs.org/path-to-regexp cache-miss
342 silly packumentCache corgi:https://registry.npmjs.org/undici cache-miss
343 silly packumentCache corgi:https://registry.npmjs.org/ajv cache-miss
344 silly packumentCache corgi:https://registry.npmjs.org/next cache-miss
345 silly packumentCache corgi:https://registry.npmjs.org/smol-toml cache-miss
346 silly packumentCache corgi:https://registry.npmjs.org/srvx cache-miss
347 silly packumentCache corgi:https://registry.npmjs.org/tar cache-miss
348 http fetch GET 200 https://registry.npmjs.org/ajv 44ms (cache revalidated)
349 silly packumentCache corgi:https://registry.npmjs.org/ajv set size:464537 disposed:false
350 http fetch GET 200 https://registry.npmjs.org/smol-toml 113ms (cache revalidated)
351 silly packumentCache corgi:https://registry.npmjs.org/smol-toml set size:21871 disposed:false
352 http fetch GET 200 https://registry.npmjs.org/minimatch 115ms (cache revalidated)
353 silly packumentCache corgi:https://registry.npmjs.org/minimatch set size:168441 disposed:false
354 http fetch GET 200 https://registry.npmjs.org/srvx 117ms (cache revalidated)
355 silly packumentCache corgi:https://registry.npmjs.org/srvx set size:86505 disposed:false
356 http fetch GET 200 https://registry.npmjs.org/undici 118ms (cache revalidated)
357 silly packumentCache corgi:https://registry.npmjs.org/undici set size:425958 disposed:false
358 http fetch GET 200 https://registry.npmjs.org/tar 122ms (cache revalidated)
359 silly packumentCache corgi:https://registry.npmjs.org/tar set size:199254 disposed:false
360 http fetch GET 200 https://registry.npmjs.org/@tootallnate%2fonce 125ms (cache revalidated)
361 silly packumentCache corgi:https://registry.npmjs.org/@tootallnate%2fonce set size:10818 disposed:false
362 http fetch GET 200 https://registry.npmjs.org/path-to-regexp 125ms (cache revalidated)
363 silly packumentCache corgi:https://registry.npmjs.org/path-to-regexp set size:66575 disposed:false
364 http fetch GET 200 https://registry.npmjs.org/brace-expansion 125ms (cache revalidated)
365 silly packumentCache corgi:https://registry.npmjs.org/brace-expansion set size:21298 disposed:false
366 http fetch GET 200 https://registry.npmjs.org/next 203ms (cache revalidated)
367 silly packumentCache corgi:https://registry.npmjs.org/next set size:24641914 disposed:false
368 silly packumentCache corgi:https://registry.npmjs.org/@vercel%2ffun cache-miss
369 info run esbuild@0.27.3 postinstall { code: 0, signal: null }
370 http fetch GET 200 https://registry.npmjs.org/@vercel%2ffun 475ms (cache revalidated)
371 silly packumentCache corgi:https://registry.npmjs.org/@vercel%2ffun set size:23528 disposed:false
372 silly packumentCache corgi:https://registry.npmjs.org/@vercel%2fpython-analysis cache-miss
373 info run workerd@1.20260409.1 postinstall { code: 0, signal: null }
374 http fetch GET 200 https://registry.npmjs.org/@vercel%2fpython-analysis 253ms (cache revalidated)
375 silly packumentCache corgi:https://registry.npmjs.org/@vercel%2fpython-analysis set size:20934 disposed:false
376 silly packumentCache corgi:https://registry.npmjs.org/@vercel%2fnode cache-miss
377 silly packumentCache corgi:https://registry.npmjs.org/@vercel%2fremix-builder cache-miss
378 http fetch GET 200 https://registry.npmjs.org/@vercel%2fnode 110ms (cache revalidated)
379 silly packumentCache corgi:https://registry.npmjs.org/@vercel%2fnode set size:809795 disposed:false
380 http fetch GET 200 https://registry.npmjs.org/@vercel%2fremix-builder 510ms (cache revalidated)
381 silly packumentCache corgi:https://registry.npmjs.org/@vercel%2fremix-builder set size:135534 disposed:false
382 silly packumentCache corgi:https://registry.npmjs.org/@vercel%2fbackends cache-miss
383 silly packumentCache corgi:https://registry.npmjs.org/@vercel%2fexpress cache-miss
384 silly packumentCache corgi:https://registry.npmjs.org/@vercel%2fhono cache-miss
385 http fetch GET 200 https://registry.npmjs.org/@vercel%2fbackends 500ms (cache revalidated)
386 silly packumentCache corgi:https://registry.npmjs.org/@vercel%2fbackends set size:63634 disposed:false
387 http fetch GET 200 https://registry.npmjs.org/@vercel%2fexpress 748ms (cache revalidated)
388 silly packumentCache corgi:https://registry.npmjs.org/@vercel%2fexpress set size:98497 disposed:false
389 http fetch GET 200 https://registry.npmjs.org/@vercel%2fhono 890ms (cache revalidated)
390 silly packumentCache corgi:https://registry.npmjs.org/@vercel%2fhono set size:94759 disposed:false
391 silly packumentCache corgi:https://registry.npmjs.org/@vercel%2fstatic-config cache-miss
392 http fetch GET 200 https://registry.npmjs.org/@vercel%2fstatic-config 291ms (cache revalidated)
393 silly packumentCache corgi:https://registry.npmjs.org/@vercel%2fstatic-config set size:45645 disposed:false
394 silly packumentCache corgi:https://registry.npmjs.org/@vercel%2frust cache-miss
395 silly packumentCache corgi:https://registry.npmjs.org/vercel cache-miss
396 http fetch GET 200 https://registry.npmjs.org/vercel 76ms (cache revalidated)
397 silly packumentCache corgi:https://registry.npmjs.org/vercel set size:4097268 disposed:false
398 http fetch GET 200 https://registry.npmjs.org/@vercel%2frust 447ms (cache revalidated)
399 silly packumentCache corgi:https://registry.npmjs.org/@vercel%2frust set size:9921 disposed:false
400 silly packumentCache corgi:https://registry.npmjs.org/@mapbox%2fnode-pre-gyp cache-miss
401 http fetch GET 200 https://registry.npmjs.org/@mapbox%2fnode-pre-gyp 61ms (cache revalidated)
402 silly packumentCache corgi:https://registry.npmjs.org/@mapbox%2fnode-pre-gyp set size:47144 disposed:false
403 silly packumentCache corgi:https://registry.npmjs.org/@vercel%2fbuild-utils cache-miss
404 silly packumentCache corgi:https://registry.npmjs.org/@vercel%2fpython cache-miss
405 http fetch GET 200 https://registry.npmjs.org/@vercel%2fpython 468ms (cache revalidated)
406 silly packumentCache corgi:https://registry.npmjs.org/@vercel%2fpython set size:326725 disposed:false
407 http fetch GET 200 https://registry.npmjs.org/@vercel%2fbuild-utils 633ms (cache revalidated)
408 silly packumentCache corgi:https://registry.npmjs.org/@vercel%2fbuild-utils set size:801865 disposed:false
409 silly packumentCache corgi:https://registry.npmjs.org/@vercel%2felysia cache-miss
410 silly packumentCache corgi:https://registry.npmjs.org/@vercel%2ffastify cache-miss
411 silly packumentCache corgi:https://registry.npmjs.org/@vercel%2fh3 cache-miss
412 silly packumentCache corgi:https://registry.npmjs.org/@vercel%2fkoa cache-miss
413 silly packumentCache corgi:https://registry.npmjs.org/@vercel%2fnestjs cache-miss
414 http fetch GET 200 https://registry.npmjs.org/@vercel%2fh3 416ms (cache revalidated)
415 silly packumentCache corgi:https://registry.npmjs.org/@vercel%2fh3 set size:64206 disposed:false
416 http fetch GET 200 https://registry.npmjs.org/@vercel%2fnestjs 485ms (cache revalidated)
417 silly packumentCache corgi:https://registry.npmjs.org/@vercel%2fnestjs set size:64354 disposed:false
418 http fetch GET 200 https://registry.npmjs.org/@vercel%2ffastify 815ms (cache revalidated)
419 silly packumentCache corgi:https://registry.npmjs.org/@vercel%2ffastify set size:59910 disposed:false
420 http fetch GET 200 https://registry.npmjs.org/@vercel%2fkoa 822ms (cache revalidated)
421 silly packumentCache corgi:https://registry.npmjs.org/@vercel%2fkoa set size:39358 disposed:false
422 http fetch GET 200 https://registry.npmjs.org/@vercel%2felysia 1106ms (cache revalidated)
423 silly packumentCache corgi:https://registry.npmjs.org/@vercel%2felysia set size:55893 disposed:false
424 silly packumentCache corgi:https://registry.npmjs.org/@vercel%2fcervel cache-miss
425 http fetch GET 200 https://registry.npmjs.org/@vercel%2fcervel 490ms (cache revalidated)
426 silly packumentCache corgi:https://registry.npmjs.org/@vercel%2fcervel set size:39102 disposed:false
427 silly packumentCache corgi:https://registry.npmjs.org/@vercel%2fhydrogen cache-miss
428 silly packumentCache corgi:https://registry.npmjs.org/@vercel%2fredwood cache-miss
429 silly packumentCache corgi:https://registry.npmjs.org/@vercel%2fstatic-build cache-miss
430 http fetch GET 200 https://registry.npmjs.org/@vercel%2fredwood 405ms (cache revalidated)
431 silly packumentCache corgi:https://registry.npmjs.org/@vercel%2fredwood set size:263483 disposed:false
432 http fetch GET 200 https://registry.npmjs.org/@vercel%2fstatic-build 430ms (cache revalidated)
433 silly packumentCache corgi:https://registry.npmjs.org/@vercel%2fstatic-build set size:606262 disposed:false
434 http fetch GET 200 https://registry.npmjs.org/@vercel%2fhydrogen 439ms (cache revalidated)
435 silly packumentCache corgi:https://registry.npmjs.org/@vercel%2fhydrogen set size:122825 disposed:false
436 silly packumentCache corgi:https://registry.npmjs.org/@vercel%2fgatsby-plugin-vercel-builder cache-miss
437 http fetch GET 200 https://registry.npmjs.org/@vercel%2fgatsby-plugin-vercel-builder 808ms (cache revalidated)
438 silly packumentCache corgi:https://registry.npmjs.org/@vercel%2fgatsby-plugin-vercel-builder set size:254021 disposed:false
439 silly ADD node_modules/error-stack-parser-es
440 silly ADD node_modules/@poppinss/exception
441 silly ADD node_modules/@sindresorhus/is
442 silly ADD node_modules/kleur
443 silly ADD node_modules/youch-core
444 silly ADD node_modules/@speed-highlight/core
445 silly ADD node_modules/@poppinss/dumper
446 silly ADD node_modules/@poppinss/dumper/node_modules/supports-color
447 silly ADD node_modules/@poppinss/colors
448 silly ADD node_modules/@cloudflare/workerd-darwin-arm64
449 silly ADD node_modules/pathe
450 silly ADD node_modules/youch
451 silly ADD node_modules/ws
452 silly ADD node_modules/@cspotcode/source-map-support
453 silly ADD node_modules/@cspotcode/source-map-support/node_modules/@jridgewell/trace-mapping
454 silly ADD node_modules/workerd
455 silly ADD node_modules/miniflare
456 silly ADD node_modules/miniflare/node_modules/undici
457 silly ADD node_modules/blake3-wasm
458 silly ADD node_modules/unenv
459 silly ADD node_modules/@cloudflare/unenv-preset
460 silly ADD node_modules/@cloudflare/kv-asset-handler
461 silly ADD node_modules/wrangler
462 silly ADD node_modules/wrangler/node_modules/@esbuild/darwin-arm64
463 silly ADD node_modules/wrangler/node_modules/path-to-regexp
464 silly ADD node_modules/wrangler/node_modules/esbuild
465 verbose cwd /Users/enriquevaleros/.openclaw/workspace/evtradelabs-site
466 verbose os Darwin 25.3.0
467 verbose node v25.8.0
468 verbose npm  v11.11.0
469 verbose exit 0
470 info ok
